<?xml version="1.0" encoding="UTF-8"?>
<!-- Generated by org.testng.reporters.JUnitXMLReporter -->
<testsuite hostname="ICT-OS-XUYENMT" ignored="0" name="Test9" tests="5" failures="5" timestamp="07 Sep 2017 02:45:10 GMT" time="78.281" errors="0">
  <testcase name="themmoiTCMuiTiemKhongDuocBotrong" time="10.807" classname="quanlyhososuckhoe.TiemChungThemTest">
    <failure type="org.openqa.selenium.NoSuchElementException" message="Unable to locate element: .//*[@id=&amp;apos;body&amp;apos;]/div[1]/div[4]/div[2]/div/div/nav/a
For documentation on this error, please visit: http://seleniumhq.org/exceptions/no_such_element.html
Build info: version: &amp;apos;3.4.0&amp;apos;, revision: &amp;apos;unknown&amp;apos;, time: &amp;apos;unknown&amp;apos;
System info: host: &amp;apos;ICT-OS-XUYENMT&amp;apos;, ip: &amp;apos;10.61.187.121&amp;apos;, os.name: &amp;apos;Windows 7&amp;apos;, os.arch: &amp;apos;amd64&amp;apos;, os.version: &amp;apos;6.1&amp;apos;, java.version: &amp;apos;1.8.0_112&amp;apos;
Driver info: org.openqa.selenium.firefox.FirefoxDriver
Capabilities [{moz:profile=C:\Users\ICT-OS~1\AppData\Local\Temp\rust_mozprofile.gpBRFNdKYavt, rotatable=false, timeouts={implicit=0.0, pageLoad=300000.0, script=30000.0}, pageLoadStrategy=normal, platform=ANY, specificationLevel=0.0, moz:accessibilityChecks=false, acceptInsecureCerts=false, browserVersion=54.0.1, platformVersion=6.1, moz:processID=1260.0, browserName=firefox, javascriptEnabled=true, platformName=windows_nt}]
Session ID: 88e75b22-4eaf-4cce-b8c2-372149a8a9cc
*** Element info: {Using=xpath, value=.//*[@id=&amp;apos;body&amp;apos;]/div[1]/div[4]/div[2]/div/div/nav/a}">
      <![CDATA[org.openqa.selenium.NoSuchElementException: Unable to locate element: .//*[@id='body']/div[1]/div[4]/div[2]/div/div/nav/a
For documentation on this error, please visit: http://seleniumhq.org/exceptions/no_such_element.html
Build info: version: '3.4.0', revision: 'unknown', time: 'unknown'
System info: host: 'ICT-OS-XUYENMT', ip: '10.61.187.121', os.name: 'Windows 7', os.arch: 'amd64', os.version: '6.1', java.version: '1.8.0_112'
Driver info: org.openqa.selenium.firefox.FirefoxDriver
Capabilities [{moz:profile=C:\Users\ICT-OS~1\AppData\Local\Temp\rust_mozprofile.gpBRFNdKYavt, rotatable=false, timeouts={implicit=0.0, pageLoad=300000.0, script=30000.0}, pageLoadStrategy=normal, platform=ANY, specificationLevel=0.0, moz:accessibilityChecks=false, acceptInsecureCerts=false, browserVersion=54.0.1, platformVersion=6.1, moz:processID=1260.0, browserName=firefox, javascriptEnabled=true, platformName=windows_nt}]
Session ID: 88e75b22-4eaf-4cce-b8c2-372149a8a9cc
*** Element info: {Using=xpath, value=.//*[@id='body']/div[1]/div[4]/div[2]/div/div/nav/a}
	at org.openqa.selenium.remote.http.W3CHttpResponseCodec.createException(W3CHttpResponseCodec.java:150)
	at org.openqa.selenium.remote.http.W3CHttpResponseCodec.decode(W3CHttpResponseCodec.java:115)
	at org.openqa.selenium.remote.http.W3CHttpResponseCodec.decode(W3CHttpResponseCodec.java:45)
	at org.openqa.selenium.remote.HttpCommandExecutor.execute(HttpCommandExecutor.java:164)
	at org.openqa.selenium.remote.service.DriverCommandExecutor.execute(DriverCommandExecutor.java:82)
	at org.openqa.selenium.remote.RemoteWebDriver.execute(RemoteWebDriver.java:637)
	at org.openqa.selenium.remote.RemoteWebDriver.findElement(RemoteWebDriver.java:410)
	at org.openqa.selenium.remote.RemoteWebDriver.findElementByXPath(RemoteWebDriver.java:509)
	at org.openqa.selenium.By$ByXPath.findElement(By.java:361)
	at org.openqa.selenium.remote.RemoteWebDriver.findElement(RemoteWebDriver.java:402)
	at quanlyhososuckhoe.TiemChungThemMoi.themmoiTCMuiTiemKhongDuocBotrong(TiemChungThemMoi.java:21)
	at quanlyhososuckhoe.TiemChungThemTest.themmoiTCMuiTiemKhongDuocBotrong(TiemChungThemTest.java:29)
... Removed 28 stack frames]]>
    </failure>
  </testcase> <!-- themmoiTCMuiTiemKhongDuocBotrong -->
  <testcase name="themmoiTCNgayHenTiemPhaiLonHonHoacbangNgayNguaChung" time="5.007" classname="quanlyhososuckhoe.TiemChungThemTest">
    <failure type="org.openqa.selenium.NoSuchElementException" message="Unable to locate element: .//*[@id=&amp;apos;body&amp;apos;]/div[1]/div/div/form/div[2]/div[1]/div[1]/div/div/div[1]/span
For documentation on this error, please visit: http://seleniumhq.org/exceptions/no_such_element.html
Build info: version: &amp;apos;3.4.0&amp;apos;, revision: &amp;apos;unknown&amp;apos;, time: &amp;apos;unknown&amp;apos;
System info: host: &amp;apos;ICT-OS-XUYENMT&amp;apos;, ip: &amp;apos;10.61.187.121&amp;apos;, os.name: &amp;apos;Windows 7&amp;apos;, os.arch: &amp;apos;amd64&amp;apos;, os.version: &amp;apos;6.1&amp;apos;, java.version: &amp;apos;1.8.0_112&amp;apos;
Driver info: org.openqa.selenium.firefox.FirefoxDriver
Capabilities [{moz:profile=C:\Users\ICT-OS~1\AppData\Local\Temp\rust_mozprofile.gpBRFNdKYavt, rotatable=false, timeouts={implicit=0.0, pageLoad=300000.0, script=30000.0}, pageLoadStrategy=normal, platform=ANY, specificationLevel=0.0, moz:accessibilityChecks=false, acceptInsecureCerts=false, browserVersion=54.0.1, platformVersion=6.1, moz:processID=1260.0, browserName=firefox, javascriptEnabled=true, platformName=windows_nt}]
Session ID: 88e75b22-4eaf-4cce-b8c2-372149a8a9cc
*** Element info: {Using=xpath, value=.//*[@id=&amp;apos;body&amp;apos;]/div[1]/div/div/form/div[2]/div[1]/div[1]/div/div/div[1]/span}">
      <![CDATA[org.openqa.selenium.NoSuchElementException: Unable to locate element: .//*[@id='body']/div[1]/div/div/form/div[2]/div[1]/div[1]/div/div/div[1]/span
For documentation on this error, please visit: http://seleniumhq.org/exceptions/no_such_element.html
Build info: version: '3.4.0', revision: 'unknown', time: 'unknown'
System info: host: 'ICT-OS-XUYENMT', ip: '10.61.187.121', os.name: 'Windows 7', os.arch: 'amd64', os.version: '6.1', java.version: '1.8.0_112'
Driver info: org.openqa.selenium.firefox.FirefoxDriver
Capabilities [{moz:profile=C:\Users\ICT-OS~1\AppData\Local\Temp\rust_mozprofile.gpBRFNdKYavt, rotatable=false, timeouts={implicit=0.0, pageLoad=300000.0, script=30000.0}, pageLoadStrategy=normal, platform=ANY, specificationLevel=0.0, moz:accessibilityChecks=false, acceptInsecureCerts=false, browserVersion=54.0.1, platformVersion=6.1, moz:processID=1260.0, browserName=firefox, javascriptEnabled=true, platformName=windows_nt}]
Session ID: 88e75b22-4eaf-4cce-b8c2-372149a8a9cc
*** Element info: {Using=xpath, value=.//*[@id='body']/div[1]/div/div/form/div[2]/div[1]/div[1]/div/div/div[1]/span}
	at org.openqa.selenium.remote.http.W3CHttpResponseCodec.createException(W3CHttpResponseCodec.java:150)
	at org.openqa.selenium.remote.http.W3CHttpResponseCodec.decode(W3CHttpResponseCodec.java:115)
	at org.openqa.selenium.remote.http.W3CHttpResponseCodec.decode(W3CHttpResponseCodec.java:45)
	at org.openqa.selenium.remote.HttpCommandExecutor.execute(HttpCommandExecutor.java:164)
	at org.openqa.selenium.remote.service.DriverCommandExecutor.execute(DriverCommandExecutor.java:82)
	at org.openqa.selenium.remote.RemoteWebDriver.execute(RemoteWebDriver.java:637)
	at org.openqa.selenium.remote.RemoteWebDriver.findElement(RemoteWebDriver.java:410)
	at org.openqa.selenium.remote.RemoteWebDriver.findElementByXPath(RemoteWebDriver.java:509)
	at org.openqa.selenium.By$ByXPath.findElement(By.java:361)
	at org.openqa.selenium.remote.RemoteWebDriver.findElement(RemoteWebDriver.java:402)
	at quanlyhososuckhoe.TiemChungThemMoi.themmoiTCNgayHenTiemPhaiLonHonHoacbangNgayNguaChung(TiemChungThemMoi.java:44)
	at quanlyhososuckhoe.TiemChungThemTest.themmoiTCNgayHenTiemPhaiLonHonHoacbangNgayNguaChung(TiemChungThemTest.java:33)
... Removed 28 stack frames]]>
    </failure>
  </testcase> <!-- themmoiTCNgayHenTiemPhaiLonHonHoacbangNgayNguaChung -->
  <testcase name="themmoiTCThanhCong" time="25.051" classname="quanlyhososuckhoe.TiemChungThemTest">
    <failure type="org.openqa.selenium.NoSuchElementException" message="Unable to locate element: .//*[@id=&amp;apos;body&amp;apos;]/div[1]/div[4]/div[2]/div/div/div[3]/div/div/div[2]/ng-include/div/div[2]/form/div[1]/div/button
For documentation on this error, please visit: http://seleniumhq.org/exceptions/no_such_element.html
Build info: version: &amp;apos;3.4.0&amp;apos;, revision: &amp;apos;unknown&amp;apos;, time: &amp;apos;unknown&amp;apos;
System info: host: &amp;apos;ICT-OS-XUYENMT&amp;apos;, ip: &amp;apos;10.61.187.121&amp;apos;, os.name: &amp;apos;Windows 7&amp;apos;, os.arch: &amp;apos;amd64&amp;apos;, os.version: &amp;apos;6.1&amp;apos;, java.version: &amp;apos;1.8.0_112&amp;apos;
Driver info: org.openqa.selenium.firefox.FirefoxDriver
Capabilities [{moz:profile=C:\Users\ICT-OS~1\AppData\Local\Temp\rust_mozprofile.gpBRFNdKYavt, rotatable=false, timeouts={implicit=0.0, pageLoad=300000.0, script=30000.0}, pageLoadStrategy=normal, platform=ANY, specificationLevel=0.0, moz:accessibilityChecks=false, acceptInsecureCerts=false, browserVersion=54.0.1, platformVersion=6.1, moz:processID=1260.0, browserName=firefox, javascriptEnabled=true, platformName=windows_nt}]
Session ID: 88e75b22-4eaf-4cce-b8c2-372149a8a9cc
*** Element info: {Using=xpath, value=.//*[@id=&amp;apos;body&amp;apos;]/div[1]/div[4]/div[2]/div/div/div[3]/div/div/div[2]/ng-include/div/div[2]/form/div[1]/div/button}">
      <![CDATA[org.openqa.selenium.NoSuchElementException: Unable to locate element: .//*[@id='body']/div[1]/div[4]/div[2]/div/div/div[3]/div/div/div[2]/ng-include/div/div[2]/form/div[1]/div/button
For documentation on this error, please visit: http://seleniumhq.org/exceptions/no_such_element.html
Build info: version: '3.4.0', revision: 'unknown', time: 'unknown'
System info: host: 'ICT-OS-XUYENMT', ip: '10.61.187.121', os.name: 'Windows 7', os.arch: 'amd64', os.version: '6.1', java.version: '1.8.0_112'
Driver info: org.openqa.selenium.firefox.FirefoxDriver
Capabilities [{moz:profile=C:\Users\ICT-OS~1\AppData\Local\Temp\rust_mozprofile.gpBRFNdKYavt, rotatable=false, timeouts={implicit=0.0, pageLoad=300000.0, script=30000.0}, pageLoadStrategy=normal, platform=ANY, specificationLevel=0.0, moz:accessibilityChecks=false, acceptInsecureCerts=false, browserVersion=54.0.1, platformVersion=6.1, moz:processID=1260.0, browserName=firefox, javascriptEnabled=true, platformName=windows_nt}]
Session ID: 88e75b22-4eaf-4cce-b8c2-372149a8a9cc
*** Element info: {Using=xpath, value=.//*[@id='body']/div[1]/div[4]/div[2]/div/div/div[3]/div/div/div[2]/ng-include/div/div[2]/form/div[1]/div/button}
	at org.openqa.selenium.remote.http.W3CHttpResponseCodec.createException(W3CHttpResponseCodec.java:150)
	at org.openqa.selenium.remote.http.W3CHttpResponseCodec.decode(W3CHttpResponseCodec.java:115)
	at org.openqa.selenium.remote.http.W3CHttpResponseCodec.decode(W3CHttpResponseCodec.java:45)
	at org.openqa.selenium.remote.HttpCommandExecutor.execute(HttpCommandExecutor.java:164)
	at org.openqa.selenium.remote.service.DriverCommandExecutor.execute(DriverCommandExecutor.java:82)
	at org.openqa.selenium.remote.RemoteWebDriver.execute(RemoteWebDriver.java:637)
	at org.openqa.selenium.remote.RemoteWebDriver.findElement(RemoteWebDriver.java:410)
	at org.openqa.selenium.remote.RemoteWebDriver.findElementByXPath(RemoteWebDriver.java:509)
	at org.openqa.selenium.By$ByXPath.findElement(By.java:361)
	at org.openqa.selenium.remote.RemoteWebDriver.findElement(RemoteWebDriver.java:402)
	at quanlyhososuckhoe.TiemChungThemMoi.themmoiTCThanhCong(TiemChungThemMoi.java:77)
	at quanlyhososuckhoe.TiemChungThemTest.themmoiTCThanhCong(TiemChungThemTest.java:37)
... Removed 28 stack frames]]>
    </failure>
  </testcase> <!-- themmoiTCThanhCong -->
  <testcase name="themmoiTCVacXinMuiTiemDaTonTai" time="13.023" classname="quanlyhososuckhoe.TiemChungThemTest">
    <failure type="org.openqa.selenium.NoSuchElementException" message="Unable to locate element: .//*[@id=&amp;apos;body&amp;apos;]/div[1]/div[4]/div[2]/div/div/div[3]/div/div/div[2]/ng-include/div/div[2]/form/div[1]/div/button
For documentation on this error, please visit: http://seleniumhq.org/exceptions/no_such_element.html
Build info: version: &amp;apos;3.4.0&amp;apos;, revision: &amp;apos;unknown&amp;apos;, time: &amp;apos;unknown&amp;apos;
System info: host: &amp;apos;ICT-OS-XUYENMT&amp;apos;, ip: &amp;apos;10.61.187.121&amp;apos;, os.name: &amp;apos;Windows 7&amp;apos;, os.arch: &amp;apos;amd64&amp;apos;, os.version: &amp;apos;6.1&amp;apos;, java.version: &amp;apos;1.8.0_112&amp;apos;
Driver info: org.openqa.selenium.firefox.FirefoxDriver
Capabilities [{moz:profile=C:\Users\ICT-OS~1\AppData\Local\Temp\rust_mozprofile.gpBRFNdKYavt, rotatable=false, timeouts={implicit=0.0, pageLoad=300000.0, script=30000.0}, pageLoadStrategy=normal, platform=ANY, specificationLevel=0.0, moz:accessibilityChecks=false, acceptInsecureCerts=false, browserVersion=54.0.1, platformVersion=6.1, moz:processID=1260.0, browserName=firefox, javascriptEnabled=true, platformName=windows_nt}]
Session ID: 88e75b22-4eaf-4cce-b8c2-372149a8a9cc
*** Element info: {Using=xpath, value=.//*[@id=&amp;apos;body&amp;apos;]/div[1]/div[4]/div[2]/div/div/div[3]/div/div/div[2]/ng-include/div/div[2]/form/div[1]/div/button}">
      <![CDATA[org.openqa.selenium.NoSuchElementException: Unable to locate element: .//*[@id='body']/div[1]/div[4]/div[2]/div/div/div[3]/div/div/div[2]/ng-include/div/div[2]/form/div[1]/div/button
For documentation on this error, please visit: http://seleniumhq.org/exceptions/no_such_element.html
Build info: version: '3.4.0', revision: 'unknown', time: 'unknown'
System info: host: 'ICT-OS-XUYENMT', ip: '10.61.187.121', os.name: 'Windows 7', os.arch: 'amd64', os.version: '6.1', java.version: '1.8.0_112'
Driver info: org.openqa.selenium.firefox.FirefoxDriver
Capabilities [{moz:profile=C:\Users\ICT-OS~1\AppData\Local\Temp\rust_mozprofile.gpBRFNdKYavt, rotatable=false, timeouts={implicit=0.0, pageLoad=300000.0, script=30000.0}, pageLoadStrategy=normal, platform=ANY, specificationLevel=0.0, moz:accessibilityChecks=false, acceptInsecureCerts=false, browserVersion=54.0.1, platformVersion=6.1, moz:processID=1260.0, browserName=firefox, javascriptEnabled=true, platformName=windows_nt}]
Session ID: 88e75b22-4eaf-4cce-b8c2-372149a8a9cc
*** Element info: {Using=xpath, value=.//*[@id='body']/div[1]/div[4]/div[2]/div/div/div[3]/div/div/div[2]/ng-include/div/div[2]/form/div[1]/div/button}
	at org.openqa.selenium.remote.http.W3CHttpResponseCodec.createException(W3CHttpResponseCodec.java:150)
	at org.openqa.selenium.remote.http.W3CHttpResponseCodec.decode(W3CHttpResponseCodec.java:115)
	at org.openqa.selenium.remote.http.W3CHttpResponseCodec.decode(W3CHttpResponseCodec.java:45)
	at org.openqa.selenium.remote.HttpCommandExecutor.execute(HttpCommandExecutor.java:164)
	at org.openqa.selenium.remote.service.DriverCommandExecutor.execute(DriverCommandExecutor.java:82)
	at org.openqa.selenium.remote.RemoteWebDriver.execute(RemoteWebDriver.java:637)
	at org.openqa.selenium.remote.RemoteWebDriver.findElement(RemoteWebDriver.java:410)
	at org.openqa.selenium.remote.RemoteWebDriver.findElementByXPath(RemoteWebDriver.java:509)
	at org.openqa.selenium.By$ByXPath.findElement(By.java:361)
	at org.openqa.selenium.remote.RemoteWebDriver.findElement(RemoteWebDriver.java:402)
	at quanlyhososuckhoe.TiemChungThemMoi.themmoiTCVacXinMuiTiemDaTonTai(TiemChungThemMoi.java:143)
	at quanlyhososuckhoe.TiemChungThemTest.themmoiTCVacXinMuiTiemDaTonTai(TiemChungThemTest.java:41)
... Removed 28 stack frames]]>
    </failure>
  </testcase> <!-- themmoiTCVacXinMuiTiemDaTonTai -->
  <testcase name="checkMau" time="13.027" classname="quanlyhososuckhoe.TiemChungThemTest">
    <failure type="org.openqa.selenium.NoSuchElementException" message="Unable to locate element: .//*[@id=&amp;apos;body&amp;apos;]/div[1]/div/div/form/div[2]/div[1]/div[1]/div/div/div[1]/span/a/i
For documentation on this error, please visit: http://seleniumhq.org/exceptions/no_such_element.html
Build info: version: &amp;apos;3.4.0&amp;apos;, revision: &amp;apos;unknown&amp;apos;, time: &amp;apos;unknown&amp;apos;
System info: host: &amp;apos;ICT-OS-XUYENMT&amp;apos;, ip: &amp;apos;10.61.187.121&amp;apos;, os.name: &amp;apos;Windows 7&amp;apos;, os.arch: &amp;apos;amd64&amp;apos;, os.version: &amp;apos;6.1&amp;apos;, java.version: &amp;apos;1.8.0_112&amp;apos;
Driver info: org.openqa.selenium.firefox.FirefoxDriver
Capabilities [{moz:profile=C:\Users\ICT-OS~1\AppData\Local\Temp\rust_mozprofile.gpBRFNdKYavt, rotatable=false, timeouts={implicit=0.0, pageLoad=300000.0, script=30000.0}, pageLoadStrategy=normal, platform=ANY, specificationLevel=0.0, moz:accessibilityChecks=false, acceptInsecureCerts=false, browserVersion=54.0.1, platformVersion=6.1, moz:processID=1260.0, browserName=firefox, javascriptEnabled=true, platformName=windows_nt}]
Session ID: 88e75b22-4eaf-4cce-b8c2-372149a8a9cc
*** Element info: {Using=xpath, value=.//*[@id=&amp;apos;body&amp;apos;]/div[1]/div/div/form/div[2]/div[1]/div[1]/div/div/div[1]/span/a/i}">
      <![CDATA[org.openqa.selenium.NoSuchElementException: Unable to locate element: .//*[@id='body']/div[1]/div/div/form/div[2]/div[1]/div[1]/div/div/div[1]/span/a/i
For documentation on this error, please visit: http://seleniumhq.org/exceptions/no_such_element.html
Build info: version: '3.4.0', revision: 'unknown', time: 'unknown'
System info: host: 'ICT-OS-XUYENMT', ip: '10.61.187.121', os.name: 'Windows 7', os.arch: 'amd64', os.version: '6.1', java.version: '1.8.0_112'
Driver info: org.openqa.selenium.firefox.FirefoxDriver
Capabilities [{moz:profile=C:\Users\ICT-OS~1\AppData\Local\Temp\rust_mozprofile.gpBRFNdKYavt, rotatable=false, timeouts={implicit=0.0, pageLoad=300000.0, script=30000.0}, pageLoadStrategy=normal, platform=ANY, specificationLevel=0.0, moz:accessibilityChecks=false, acceptInsecureCerts=false, browserVersion=54.0.1, platformVersion=6.1, moz:processID=1260.0, browserName=firefox, javascriptEnabled=true, platformName=windows_nt}]
Session ID: 88e75b22-4eaf-4cce-b8c2-372149a8a9cc
*** Element info: {Using=xpath, value=.//*[@id='body']/div[1]/div/div/form/div[2]/div[1]/div[1]/div/div/div[1]/span/a/i}
	at org.openqa.selenium.remote.http.W3CHttpResponseCodec.createException(W3CHttpResponseCodec.java:150)
	at org.openqa.selenium.remote.http.W3CHttpResponseCodec.decode(W3CHttpResponseCodec.java:115)
	at org.openqa.selenium.remote.http.W3CHttpResponseCodec.decode(W3CHttpResponseCodec.java:45)
	at org.openqa.selenium.remote.HttpCommandExecutor.execute(HttpCommandExecutor.java:164)
	at org.openqa.selenium.remote.service.DriverCommandExecutor.execute(DriverCommandExecutor.java:82)
	at org.openqa.selenium.remote.RemoteWebDriver.execute(RemoteWebDriver.java:637)
	at org.openqa.selenium.remote.RemoteWebDriver.findElement(RemoteWebDriver.java:410)
	at org.openqa.selenium.remote.RemoteWebDriver.findElementByXPath(RemoteWebDriver.java:509)
	at org.openqa.selenium.By$ByXPath.findElement(By.java:361)
	at org.openqa.selenium.remote.RemoteWebDriver.findElement(RemoteWebDriver.java:402)
	at quanlyhososuckhoe.TiemChungThemMoi.checkMau(TiemChungThemMoi.java:165)
	at quanlyhososuckhoe.TiemChungThemTest.checkMau(TiemChungThemTest.java:46)
... Removed 28 stack frames]]>
    </failure>
  </testcase> <!-- checkMau -->
</testsuite> <!-- Test9 -->
