<?xml version="1.0" encoding="UTF-8"?>
<!-- Generated by org.testng.reporters.JUnitXMLReporter -->
<testsuite hostname="ICT-OS-XUYENMT" ignored="0" name="Test8" tests="14" failures="14" timestamp="07 Sep 2017 02:43:52 GMT" time="65.945" errors="0">
  <testcase name="boTrongngaykham" time="11.832" classname="quanlyhososuckhoe.LichSuThemTest">
    <failure type="org.openqa.selenium.NoSuchElementException" message="Unable to locate element: .//*[@id=&amp;apos;body&amp;apos;]/div[1]/div[4]/div[2]/div/div/div[2]/div[2]/div/button
For documentation on this error, please visit: http://seleniumhq.org/exceptions/no_such_element.html
Build info: version: &amp;apos;3.4.0&amp;apos;, revision: &amp;apos;unknown&amp;apos;, time: &amp;apos;unknown&amp;apos;
System info: host: &amp;apos;ICT-OS-XUYENMT&amp;apos;, ip: &amp;apos;10.61.187.121&amp;apos;, os.name: &amp;apos;Windows 7&amp;apos;, os.arch: &amp;apos;amd64&amp;apos;, os.version: &amp;apos;6.1&amp;apos;, java.version: &amp;apos;1.8.0_112&amp;apos;
Driver info: org.openqa.selenium.firefox.FirefoxDriver
Capabilities [{moz:profile=C:\Users\ICT-OS~1\AppData\Local\Temp\rust_mozprofile.eRWBGWAlQDOL, rotatable=false, timeouts={implicit=0.0, pageLoad=300000.0, script=30000.0}, pageLoadStrategy=normal, platform=ANY, specificationLevel=0.0, moz:accessibilityChecks=false, acceptInsecureCerts=false, browserVersion=54.0.1, platformVersion=6.1, moz:processID=5196.0, browserName=firefox, javascriptEnabled=true, platformName=windows_nt}]
Session ID: 8646c4a9-4b3e-4e67-aa5c-70a226bf17bf
*** Element info: {Using=xpath, value=.//*[@id=&amp;apos;body&amp;apos;]/div[1]/div[4]/div[2]/div/div/div[2]/div[2]/div/button}">
      <![CDATA[org.openqa.selenium.NoSuchElementException: Unable to locate element: .//*[@id='body']/div[1]/div[4]/div[2]/div/div/div[2]/div[2]/div/button
For documentation on this error, please visit: http://seleniumhq.org/exceptions/no_such_element.html
Build info: version: '3.4.0', revision: 'unknown', time: 'unknown'
System info: host: 'ICT-OS-XUYENMT', ip: '10.61.187.121', os.name: 'Windows 7', os.arch: 'amd64', os.version: '6.1', java.version: '1.8.0_112'
Driver info: org.openqa.selenium.firefox.FirefoxDriver
Capabilities [{moz:profile=C:\Users\ICT-OS~1\AppData\Local\Temp\rust_mozprofile.eRWBGWAlQDOL, rotatable=false, timeouts={implicit=0.0, pageLoad=300000.0, script=30000.0}, pageLoadStrategy=normal, platform=ANY, specificationLevel=0.0, moz:accessibilityChecks=false, acceptInsecureCerts=false, browserVersion=54.0.1, platformVersion=6.1, moz:processID=5196.0, browserName=firefox, javascriptEnabled=true, platformName=windows_nt}]
Session ID: 8646c4a9-4b3e-4e67-aa5c-70a226bf17bf
*** Element info: {Using=xpath, value=.//*[@id='body']/div[1]/div[4]/div[2]/div/div/div[2]/div[2]/div/button}
	at org.openqa.selenium.remote.http.W3CHttpResponseCodec.createException(W3CHttpResponseCodec.java:150)
	at org.openqa.selenium.remote.http.W3CHttpResponseCodec.decode(W3CHttpResponseCodec.java:115)
	at org.openqa.selenium.remote.http.W3CHttpResponseCodec.decode(W3CHttpResponseCodec.java:45)
	at org.openqa.selenium.remote.HttpCommandExecutor.execute(HttpCommandExecutor.java:164)
	at org.openqa.selenium.remote.service.DriverCommandExecutor.execute(DriverCommandExecutor.java:82)
	at org.openqa.selenium.remote.RemoteWebDriver.execute(RemoteWebDriver.java:637)
	at org.openqa.selenium.remote.RemoteWebDriver.findElement(RemoteWebDriver.java:410)
	at org.openqa.selenium.remote.RemoteWebDriver.findElementByXPath(RemoteWebDriver.java:509)
	at org.openqa.selenium.By$ByXPath.findElement(By.java:361)
	at org.openqa.selenium.remote.RemoteWebDriver.findElement(RemoteWebDriver.java:402)
	at quanlyhososuckhoe.LichSuThemMoi.boTrongngaykham(LichSuThemMoi.java:20)
	at quanlyhososuckhoe.LichSuThemTest.boTrongngaykham(LichSuThemTest.java:28)
... Removed 28 stack frames]]>
    </failure>
  </testcase> <!-- boTrongngaykham -->
  <testcase name="boTrongNgayBatDau" time="3.023" classname="quanlyhososuckhoe.LichSuThemTest">
    <failure type="org.openqa.selenium.NoSuchElementException" message="Unable to locate element: .//*[@id=&amp;apos;field_ngayBatDau&amp;apos;]
For documentation on this error, please visit: http://seleniumhq.org/exceptions/no_such_element.html
Build info: version: &amp;apos;3.4.0&amp;apos;, revision: &amp;apos;unknown&amp;apos;, time: &amp;apos;unknown&amp;apos;
System info: host: &amp;apos;ICT-OS-XUYENMT&amp;apos;, ip: &amp;apos;10.61.187.121&amp;apos;, os.name: &amp;apos;Windows 7&amp;apos;, os.arch: &amp;apos;amd64&amp;apos;, os.version: &amp;apos;6.1&amp;apos;, java.version: &amp;apos;1.8.0_112&amp;apos;
Driver info: org.openqa.selenium.firefox.FirefoxDriver
Capabilities [{moz:profile=C:\Users\ICT-OS~1\AppData\Local\Temp\rust_mozprofile.eRWBGWAlQDOL, rotatable=false, timeouts={implicit=0.0, pageLoad=300000.0, script=30000.0}, pageLoadStrategy=normal, platform=ANY, specificationLevel=0.0, moz:accessibilityChecks=false, acceptInsecureCerts=false, browserVersion=54.0.1, platformVersion=6.1, moz:processID=5196.0, browserName=firefox, javascriptEnabled=true, platformName=windows_nt}]
Session ID: 8646c4a9-4b3e-4e67-aa5c-70a226bf17bf
*** Element info: {Using=xpath, value=.//*[@id=&amp;apos;field_ngayBatDau&amp;apos;]}">
      <![CDATA[org.openqa.selenium.NoSuchElementException: Unable to locate element: .//*[@id='field_ngayBatDau']
For documentation on this error, please visit: http://seleniumhq.org/exceptions/no_such_element.html
Build info: version: '3.4.0', revision: 'unknown', time: 'unknown'
System info: host: 'ICT-OS-XUYENMT', ip: '10.61.187.121', os.name: 'Windows 7', os.arch: 'amd64', os.version: '6.1', java.version: '1.8.0_112'
Driver info: org.openqa.selenium.firefox.FirefoxDriver
Capabilities [{moz:profile=C:\Users\ICT-OS~1\AppData\Local\Temp\rust_mozprofile.eRWBGWAlQDOL, rotatable=false, timeouts={implicit=0.0, pageLoad=300000.0, script=30000.0}, pageLoadStrategy=normal, platform=ANY, specificationLevel=0.0, moz:accessibilityChecks=false, acceptInsecureCerts=false, browserVersion=54.0.1, platformVersion=6.1, moz:processID=5196.0, browserName=firefox, javascriptEnabled=true, platformName=windows_nt}]
Session ID: 8646c4a9-4b3e-4e67-aa5c-70a226bf17bf
*** Element info: {Using=xpath, value=.//*[@id='field_ngayBatDau']}
	at org.openqa.selenium.remote.http.W3CHttpResponseCodec.createException(W3CHttpResponseCodec.java:150)
	at org.openqa.selenium.remote.http.W3CHttpResponseCodec.decode(W3CHttpResponseCodec.java:115)
	at org.openqa.selenium.remote.http.W3CHttpResponseCodec.decode(W3CHttpResponseCodec.java:45)
	at org.openqa.selenium.remote.HttpCommandExecutor.execute(HttpCommandExecutor.java:164)
	at org.openqa.selenium.remote.service.DriverCommandExecutor.execute(DriverCommandExecutor.java:82)
	at org.openqa.selenium.remote.RemoteWebDriver.execute(RemoteWebDriver.java:637)
	at org.openqa.selenium.remote.RemoteWebDriver.findElement(RemoteWebDriver.java:410)
	at org.openqa.selenium.remote.RemoteWebDriver.findElementByXPath(RemoteWebDriver.java:509)
	at org.openqa.selenium.By$ByXPath.findElement(By.java:361)
	at org.openqa.selenium.remote.RemoteWebDriver.findElement(RemoteWebDriver.java:402)
	at quanlyhososuckhoe.LichSuThemMoi.boTrongNgayBatDau(LichSuThemMoi.java:35)
	at quanlyhososuckhoe.LichSuThemTest.boTrongNgayBatDau(LichSuThemTest.java:32)
... Removed 28 stack frames]]>
    </failure>
  </testcase> <!-- boTrongNgayBatDau -->
  <testcase name="boTrongNgayKetThuc" time="3.013" classname="quanlyhososuckhoe.LichSuThemTest">
    <failure type="org.openqa.selenium.NoSuchElementException" message="Unable to locate element: .//*[@id=&amp;apos;field_ngayKetThuc&amp;apos;]
For documentation on this error, please visit: http://seleniumhq.org/exceptions/no_such_element.html
Build info: version: &amp;apos;3.4.0&amp;apos;, revision: &amp;apos;unknown&amp;apos;, time: &amp;apos;unknown&amp;apos;
System info: host: &amp;apos;ICT-OS-XUYENMT&amp;apos;, ip: &amp;apos;10.61.187.121&amp;apos;, os.name: &amp;apos;Windows 7&amp;apos;, os.arch: &amp;apos;amd64&amp;apos;, os.version: &amp;apos;6.1&amp;apos;, java.version: &amp;apos;1.8.0_112&amp;apos;
Driver info: org.openqa.selenium.firefox.FirefoxDriver
Capabilities [{moz:profile=C:\Users\ICT-OS~1\AppData\Local\Temp\rust_mozprofile.eRWBGWAlQDOL, rotatable=false, timeouts={implicit=0.0, pageLoad=300000.0, script=30000.0}, pageLoadStrategy=normal, platform=ANY, specificationLevel=0.0, moz:accessibilityChecks=false, acceptInsecureCerts=false, browserVersion=54.0.1, platformVersion=6.1, moz:processID=5196.0, browserName=firefox, javascriptEnabled=true, platformName=windows_nt}]
Session ID: 8646c4a9-4b3e-4e67-aa5c-70a226bf17bf
*** Element info: {Using=xpath, value=.//*[@id=&amp;apos;field_ngayKetThuc&amp;apos;]}">
      <![CDATA[org.openqa.selenium.NoSuchElementException: Unable to locate element: .//*[@id='field_ngayKetThuc']
For documentation on this error, please visit: http://seleniumhq.org/exceptions/no_such_element.html
Build info: version: '3.4.0', revision: 'unknown', time: 'unknown'
System info: host: 'ICT-OS-XUYENMT', ip: '10.61.187.121', os.name: 'Windows 7', os.arch: 'amd64', os.version: '6.1', java.version: '1.8.0_112'
Driver info: org.openqa.selenium.firefox.FirefoxDriver
Capabilities [{moz:profile=C:\Users\ICT-OS~1\AppData\Local\Temp\rust_mozprofile.eRWBGWAlQDOL, rotatable=false, timeouts={implicit=0.0, pageLoad=300000.0, script=30000.0}, pageLoadStrategy=normal, platform=ANY, specificationLevel=0.0, moz:accessibilityChecks=false, acceptInsecureCerts=false, browserVersion=54.0.1, platformVersion=6.1, moz:processID=5196.0, browserName=firefox, javascriptEnabled=true, platformName=windows_nt}]
Session ID: 8646c4a9-4b3e-4e67-aa5c-70a226bf17bf
*** Element info: {Using=xpath, value=.//*[@id='field_ngayKetThuc']}
	at org.openqa.selenium.remote.http.W3CHttpResponseCodec.createException(W3CHttpResponseCodec.java:150)
	at org.openqa.selenium.remote.http.W3CHttpResponseCodec.decode(W3CHttpResponseCodec.java:115)
	at org.openqa.selenium.remote.http.W3CHttpResponseCodec.decode(W3CHttpResponseCodec.java:45)
	at org.openqa.selenium.remote.HttpCommandExecutor.execute(HttpCommandExecutor.java:164)
	at org.openqa.selenium.remote.service.DriverCommandExecutor.execute(DriverCommandExecutor.java:82)
	at org.openqa.selenium.remote.RemoteWebDriver.execute(RemoteWebDriver.java:637)
	at org.openqa.selenium.remote.RemoteWebDriver.findElement(RemoteWebDriver.java:410)
	at org.openqa.selenium.remote.RemoteWebDriver.findElementByXPath(RemoteWebDriver.java:509)
	at org.openqa.selenium.By$ByXPath.findElement(By.java:361)
	at org.openqa.selenium.remote.RemoteWebDriver.findElement(RemoteWebDriver.java:402)
	at quanlyhososuckhoe.LichSuThemMoi.boTrongNgayKetThuc(LichSuThemMoi.java:48)
	at quanlyhososuckhoe.LichSuThemTest.boTrongNgayKetThuc(LichSuThemTest.java:36)
... Removed 28 stack frames]]>
    </failure>
  </testcase> <!-- boTrongNgayKetThuc -->
  <testcase name="ngayKhamKhongDuocNhoHonNgayBatDau" time="3.027" classname="quanlyhososuckhoe.LichSuThemTest">
    <failure type="org.openqa.selenium.NoSuchElementException" message="Unable to locate element: .//*[@id=&amp;apos;field_ngayKham&amp;apos;]
For documentation on this error, please visit: http://seleniumhq.org/exceptions/no_such_element.html
Build info: version: &amp;apos;3.4.0&amp;apos;, revision: &amp;apos;unknown&amp;apos;, time: &amp;apos;unknown&amp;apos;
System info: host: &amp;apos;ICT-OS-XUYENMT&amp;apos;, ip: &amp;apos;10.61.187.121&amp;apos;, os.name: &amp;apos;Windows 7&amp;apos;, os.arch: &amp;apos;amd64&amp;apos;, os.version: &amp;apos;6.1&amp;apos;, java.version: &amp;apos;1.8.0_112&amp;apos;
Driver info: org.openqa.selenium.firefox.FirefoxDriver
Capabilities [{moz:profile=C:\Users\ICT-OS~1\AppData\Local\Temp\rust_mozprofile.eRWBGWAlQDOL, rotatable=false, timeouts={implicit=0.0, pageLoad=300000.0, script=30000.0}, pageLoadStrategy=normal, platform=ANY, specificationLevel=0.0, moz:accessibilityChecks=false, acceptInsecureCerts=false, browserVersion=54.0.1, platformVersion=6.1, moz:processID=5196.0, browserName=firefox, javascriptEnabled=true, platformName=windows_nt}]
Session ID: 8646c4a9-4b3e-4e67-aa5c-70a226bf17bf
*** Element info: {Using=xpath, value=.//*[@id=&amp;apos;field_ngayKham&amp;apos;]}">
      <![CDATA[org.openqa.selenium.NoSuchElementException: Unable to locate element: .//*[@id='field_ngayKham']
For documentation on this error, please visit: http://seleniumhq.org/exceptions/no_such_element.html
Build info: version: '3.4.0', revision: 'unknown', time: 'unknown'
System info: host: 'ICT-OS-XUYENMT', ip: '10.61.187.121', os.name: 'Windows 7', os.arch: 'amd64', os.version: '6.1', java.version: '1.8.0_112'
Driver info: org.openqa.selenium.firefox.FirefoxDriver
Capabilities [{moz:profile=C:\Users\ICT-OS~1\AppData\Local\Temp\rust_mozprofile.eRWBGWAlQDOL, rotatable=false, timeouts={implicit=0.0, pageLoad=300000.0, script=30000.0}, pageLoadStrategy=normal, platform=ANY, specificationLevel=0.0, moz:accessibilityChecks=false, acceptInsecureCerts=false, browserVersion=54.0.1, platformVersion=6.1, moz:processID=5196.0, browserName=firefox, javascriptEnabled=true, platformName=windows_nt}]
Session ID: 8646c4a9-4b3e-4e67-aa5c-70a226bf17bf
*** Element info: {Using=xpath, value=.//*[@id='field_ngayKham']}
	at org.openqa.selenium.remote.http.W3CHttpResponseCodec.createException(W3CHttpResponseCodec.java:150)
	at org.openqa.selenium.remote.http.W3CHttpResponseCodec.decode(W3CHttpResponseCodec.java:115)
	at org.openqa.selenium.remote.http.W3CHttpResponseCodec.decode(W3CHttpResponseCodec.java:45)
	at org.openqa.selenium.remote.HttpCommandExecutor.execute(HttpCommandExecutor.java:164)
	at org.openqa.selenium.remote.service.DriverCommandExecutor.execute(DriverCommandExecutor.java:82)
	at org.openqa.selenium.remote.RemoteWebDriver.execute(RemoteWebDriver.java:637)
	at org.openqa.selenium.remote.RemoteWebDriver.findElement(RemoteWebDriver.java:410)
	at org.openqa.selenium.remote.RemoteWebDriver.findElementByXPath(RemoteWebDriver.java:509)
	at org.openqa.selenium.By$ByXPath.findElement(By.java:361)
	at org.openqa.selenium.remote.RemoteWebDriver.findElement(RemoteWebDriver.java:402)
	at quanlyhososuckhoe.LichSuThemMoi.ngayKhamKhongDuocNhoHonNgayBatDau(LichSuThemMoi.java:62)
	at quanlyhososuckhoe.LichSuThemTest.ngayKhamKhongDuocNhoHonNgayBatDau(LichSuThemTest.java:40)
... Removed 28 stack frames]]>
    </failure>
  </testcase> <!-- ngayKhamKhongDuocNhoHonNgayBatDau -->
  <testcase name="ngayKetThucKhongDuocNhoHonNgayBatDau" time="3.021" classname="quanlyhososuckhoe.LichSuThemTest">
    <failure type="org.openqa.selenium.NoSuchElementException" message="Unable to locate element: .//*[@id=&amp;apos;field_ngayKham&amp;apos;]
For documentation on this error, please visit: http://seleniumhq.org/exceptions/no_such_element.html
Build info: version: &amp;apos;3.4.0&amp;apos;, revision: &amp;apos;unknown&amp;apos;, time: &amp;apos;unknown&amp;apos;
System info: host: &amp;apos;ICT-OS-XUYENMT&amp;apos;, ip: &amp;apos;10.61.187.121&amp;apos;, os.name: &amp;apos;Windows 7&amp;apos;, os.arch: &amp;apos;amd64&amp;apos;, os.version: &amp;apos;6.1&amp;apos;, java.version: &amp;apos;1.8.0_112&amp;apos;
Driver info: org.openqa.selenium.firefox.FirefoxDriver
Capabilities [{moz:profile=C:\Users\ICT-OS~1\AppData\Local\Temp\rust_mozprofile.eRWBGWAlQDOL, rotatable=false, timeouts={implicit=0.0, pageLoad=300000.0, script=30000.0}, pageLoadStrategy=normal, platform=ANY, specificationLevel=0.0, moz:accessibilityChecks=false, acceptInsecureCerts=false, browserVersion=54.0.1, platformVersion=6.1, moz:processID=5196.0, browserName=firefox, javascriptEnabled=true, platformName=windows_nt}]
Session ID: 8646c4a9-4b3e-4e67-aa5c-70a226bf17bf
*** Element info: {Using=xpath, value=.//*[@id=&amp;apos;field_ngayKham&amp;apos;]}">
      <![CDATA[org.openqa.selenium.NoSuchElementException: Unable to locate element: .//*[@id='field_ngayKham']
For documentation on this error, please visit: http://seleniumhq.org/exceptions/no_such_element.html
Build info: version: '3.4.0', revision: 'unknown', time: 'unknown'
System info: host: 'ICT-OS-XUYENMT', ip: '10.61.187.121', os.name: 'Windows 7', os.arch: 'amd64', os.version: '6.1', java.version: '1.8.0_112'
Driver info: org.openqa.selenium.firefox.FirefoxDriver
Capabilities [{moz:profile=C:\Users\ICT-OS~1\AppData\Local\Temp\rust_mozprofile.eRWBGWAlQDOL, rotatable=false, timeouts={implicit=0.0, pageLoad=300000.0, script=30000.0}, pageLoadStrategy=normal, platform=ANY, specificationLevel=0.0, moz:accessibilityChecks=false, acceptInsecureCerts=false, browserVersion=54.0.1, platformVersion=6.1, moz:processID=5196.0, browserName=firefox, javascriptEnabled=true, platformName=windows_nt}]
Session ID: 8646c4a9-4b3e-4e67-aa5c-70a226bf17bf
*** Element info: {Using=xpath, value=.//*[@id='field_ngayKham']}
	at org.openqa.selenium.remote.http.W3CHttpResponseCodec.createException(W3CHttpResponseCodec.java:150)
	at org.openqa.selenium.remote.http.W3CHttpResponseCodec.decode(W3CHttpResponseCodec.java:115)
	at org.openqa.selenium.remote.http.W3CHttpResponseCodec.decode(W3CHttpResponseCodec.java:45)
	at org.openqa.selenium.remote.HttpCommandExecutor.execute(HttpCommandExecutor.java:164)
	at org.openqa.selenium.remote.service.DriverCommandExecutor.execute(DriverCommandExecutor.java:82)
	at org.openqa.selenium.remote.RemoteWebDriver.execute(RemoteWebDriver.java:637)
	at org.openqa.selenium.remote.RemoteWebDriver.findElement(RemoteWebDriver.java:410)
	at org.openqa.selenium.remote.RemoteWebDriver.findElementByXPath(RemoteWebDriver.java:509)
	at org.openqa.selenium.By$ByXPath.findElement(By.java:361)
	at org.openqa.selenium.remote.RemoteWebDriver.findElement(RemoteWebDriver.java:402)
	at quanlyhososuckhoe.LichSuThemMoi.ngayKetThucKhongDuocNhoHonNgayBatDau(LichSuThemMoi.java:80)
	at quanlyhososuckhoe.LichSuThemTest.ngayKetThucKhongDuocNhoHonNgayBatDau(LichSuThemTest.java:44)
... Removed 28 stack frames]]>
    </failure>
  </testcase> <!-- ngayKetThucKhongDuocNhoHonNgayBatDau -->
  <testcase name="ngayKhamKhongDuocLonHonNgayKetThuc" time="3.019" classname="quanlyhososuckhoe.LichSuThemTest">
    <failure type="org.openqa.selenium.NoSuchElementException" message="Unable to locate element: .//*[@id=&amp;apos;field_ngayKham&amp;apos;]
For documentation on this error, please visit: http://seleniumhq.org/exceptions/no_such_element.html
Build info: version: &amp;apos;3.4.0&amp;apos;, revision: &amp;apos;unknown&amp;apos;, time: &amp;apos;unknown&amp;apos;
System info: host: &amp;apos;ICT-OS-XUYENMT&amp;apos;, ip: &amp;apos;10.61.187.121&amp;apos;, os.name: &amp;apos;Windows 7&amp;apos;, os.arch: &amp;apos;amd64&amp;apos;, os.version: &amp;apos;6.1&amp;apos;, java.version: &amp;apos;1.8.0_112&amp;apos;
Driver info: org.openqa.selenium.firefox.FirefoxDriver
Capabilities [{moz:profile=C:\Users\ICT-OS~1\AppData\Local\Temp\rust_mozprofile.eRWBGWAlQDOL, rotatable=false, timeouts={implicit=0.0, pageLoad=300000.0, script=30000.0}, pageLoadStrategy=normal, platform=ANY, specificationLevel=0.0, moz:accessibilityChecks=false, acceptInsecureCerts=false, browserVersion=54.0.1, platformVersion=6.1, moz:processID=5196.0, browserName=firefox, javascriptEnabled=true, platformName=windows_nt}]
Session ID: 8646c4a9-4b3e-4e67-aa5c-70a226bf17bf
*** Element info: {Using=xpath, value=.//*[@id=&amp;apos;field_ngayKham&amp;apos;]}">
      <![CDATA[org.openqa.selenium.NoSuchElementException: Unable to locate element: .//*[@id='field_ngayKham']
For documentation on this error, please visit: http://seleniumhq.org/exceptions/no_such_element.html
Build info: version: '3.4.0', revision: 'unknown', time: 'unknown'
System info: host: 'ICT-OS-XUYENMT', ip: '10.61.187.121', os.name: 'Windows 7', os.arch: 'amd64', os.version: '6.1', java.version: '1.8.0_112'
Driver info: org.openqa.selenium.firefox.FirefoxDriver
Capabilities [{moz:profile=C:\Users\ICT-OS~1\AppData\Local\Temp\rust_mozprofile.eRWBGWAlQDOL, rotatable=false, timeouts={implicit=0.0, pageLoad=300000.0, script=30000.0}, pageLoadStrategy=normal, platform=ANY, specificationLevel=0.0, moz:accessibilityChecks=false, acceptInsecureCerts=false, browserVersion=54.0.1, platformVersion=6.1, moz:processID=5196.0, browserName=firefox, javascriptEnabled=true, platformName=windows_nt}]
Session ID: 8646c4a9-4b3e-4e67-aa5c-70a226bf17bf
*** Element info: {Using=xpath, value=.//*[@id='field_ngayKham']}
	at org.openqa.selenium.remote.http.W3CHttpResponseCodec.createException(W3CHttpResponseCodec.java:150)
	at org.openqa.selenium.remote.http.W3CHttpResponseCodec.decode(W3CHttpResponseCodec.java:115)
	at org.openqa.selenium.remote.http.W3CHttpResponseCodec.decode(W3CHttpResponseCodec.java:45)
	at org.openqa.selenium.remote.HttpCommandExecutor.execute(HttpCommandExecutor.java:164)
	at org.openqa.selenium.remote.service.DriverCommandExecutor.execute(DriverCommandExecutor.java:82)
	at org.openqa.selenium.remote.RemoteWebDriver.execute(RemoteWebDriver.java:637)
	at org.openqa.selenium.remote.RemoteWebDriver.findElement(RemoteWebDriver.java:410)
	at org.openqa.selenium.remote.RemoteWebDriver.findElementByXPath(RemoteWebDriver.java:509)
	at org.openqa.selenium.By$ByXPath.findElement(By.java:361)
	at org.openqa.selenium.remote.RemoteWebDriver.findElement(RemoteWebDriver.java:402)
	at quanlyhososuckhoe.LichSuThemMoi.ngayKhamKhongDuocLonHonNgayKetThuc(LichSuThemMoi.java:99)
	at quanlyhososuckhoe.LichSuThemTest.ngayKhamKhongDuocLonHonNgayKetThuc(LichSuThemTest.java:48)
... Removed 28 stack frames]]>
    </failure>
  </testcase> <!-- ngayKhamKhongDuocLonHonNgayKetThuc -->
  <testcase name="ngayKhamKhongDuocLonHonNgayHientai" time="3.146" classname="quanlyhososuckhoe.LichSuThemTest">
    <failure type="org.openqa.selenium.WebDriverException" message="Failed to decode response from marionette
Build info: version: &amp;apos;3.4.0&amp;apos;, revision: &amp;apos;unknown&amp;apos;, time: &amp;apos;unknown&amp;apos;
System info: host: &amp;apos;ICT-OS-XUYENMT&amp;apos;, ip: &amp;apos;10.61.187.121&amp;apos;, os.name: &amp;apos;Windows 7&amp;apos;, os.arch: &amp;apos;amd64&amp;apos;, os.version: &amp;apos;6.1&amp;apos;, java.version: &amp;apos;1.8.0_112&amp;apos;
Driver info: org.openqa.selenium.firefox.FirefoxDriver
Capabilities [{moz:profile=C:\Users\ICT-OS~1\AppData\Local\Temp\rust_mozprofile.eRWBGWAlQDOL, rotatable=false, timeouts={implicit=0.0, pageLoad=300000.0, script=30000.0}, pageLoadStrategy=normal, platform=ANY, specificationLevel=0.0, moz:accessibilityChecks=false, acceptInsecureCerts=false, browserVersion=54.0.1, platformVersion=6.1, moz:processID=5196.0, browserName=firefox, javascriptEnabled=true, platformName=windows_nt}]
Session ID: 8646c4a9-4b3e-4e67-aa5c-70a226bf17bf
*** Element info: {Using=xpath, value=.//*[@id=&amp;apos;field_ngayKham&amp;apos;]}">
      <![CDATA[org.openqa.selenium.WebDriverException: Failed to decode response from marionette
Build info: version: '3.4.0', revision: 'unknown', time: 'unknown'
System info: host: 'ICT-OS-XUYENMT', ip: '10.61.187.121', os.name: 'Windows 7', os.arch: 'amd64', os.version: '6.1', java.version: '1.8.0_112'
Driver info: org.openqa.selenium.firefox.FirefoxDriver
Capabilities [{moz:profile=C:\Users\ICT-OS~1\AppData\Local\Temp\rust_mozprofile.eRWBGWAlQDOL, rotatable=false, timeouts={implicit=0.0, pageLoad=300000.0, script=30000.0}, pageLoadStrategy=normal, platform=ANY, specificationLevel=0.0, moz:accessibilityChecks=false, acceptInsecureCerts=false, browserVersion=54.0.1, platformVersion=6.1, moz:processID=5196.0, browserName=firefox, javascriptEnabled=true, platformName=windows_nt}]
Session ID: 8646c4a9-4b3e-4e67-aa5c-70a226bf17bf
*** Element info: {Using=xpath, value=.//*[@id='field_ngayKham']}
	at org.openqa.selenium.remote.http.W3CHttpResponseCodec.createException(W3CHttpResponseCodec.java:150)
	at org.openqa.selenium.remote.http.W3CHttpResponseCodec.decode(W3CHttpResponseCodec.java:115)
	at org.openqa.selenium.remote.http.W3CHttpResponseCodec.decode(W3CHttpResponseCodec.java:45)
	at org.openqa.selenium.remote.HttpCommandExecutor.execute(HttpCommandExecutor.java:164)
	at org.openqa.selenium.remote.service.DriverCommandExecutor.execute(DriverCommandExecutor.java:82)
	at org.openqa.selenium.remote.RemoteWebDriver.execute(RemoteWebDriver.java:637)
	at org.openqa.selenium.remote.RemoteWebDriver.findElement(RemoteWebDriver.java:410)
	at org.openqa.selenium.remote.RemoteWebDriver.findElementByXPath(RemoteWebDriver.java:509)
	at org.openqa.selenium.By$ByXPath.findElement(By.java:361)
	at org.openqa.selenium.remote.RemoteWebDriver.findElement(RemoteWebDriver.java:402)
	at quanlyhososuckhoe.LichSuThemMoi.ngayKhamKhongDuocLonHonNgayHientai(LichSuThemMoi.java:119)
	at quanlyhososuckhoe.LichSuThemTest.ngayKhamKhongDuocLonHonNgayHientai(LichSuThemTest.java:52)
... Removed 29 stack frames]]>
    </failure>
  </testcase> <!-- ngayKhamKhongDuocLonHonNgayHientai -->
  <testcase name="ngayTaiKhamLonHonNgayKham" time="3.01" classname="quanlyhososuckhoe.LichSuThemTest">
    <failure type="org.openqa.selenium.WebDriverException" message="Tried to run command without establishing a connection
Build info: version: &amp;apos;3.4.0&amp;apos;, revision: &amp;apos;unknown&amp;apos;, time: &amp;apos;unknown&amp;apos;
System info: host: &amp;apos;ICT-OS-XUYENMT&amp;apos;, ip: &amp;apos;10.61.187.121&amp;apos;, os.name: &amp;apos;Windows 7&amp;apos;, os.arch: &amp;apos;amd64&amp;apos;, os.version: &amp;apos;6.1&amp;apos;, java.version: &amp;apos;1.8.0_112&amp;apos;
Driver info: org.openqa.selenium.firefox.FirefoxDriver
Capabilities [{moz:profile=C:\Users\ICT-OS~1\AppData\Local\Temp\rust_mozprofile.eRWBGWAlQDOL, rotatable=false, timeouts={implicit=0.0, pageLoad=300000.0, script=30000.0}, pageLoadStrategy=normal, platform=ANY, specificationLevel=0.0, moz:accessibilityChecks=false, acceptInsecureCerts=false, browserVersion=54.0.1, platformVersion=6.1, moz:processID=5196.0, browserName=firefox, javascriptEnabled=true, platformName=windows_nt}]
Session ID: 8646c4a9-4b3e-4e67-aa5c-70a226bf17bf
*** Element info: {Using=xpath, value=.//*[@id=&amp;apos;field_ngayKham&amp;apos;]}">
      <![CDATA[org.openqa.selenium.WebDriverException: Tried to run command without establishing a connection
Build info: version: '3.4.0', revision: 'unknown', time: 'unknown'
System info: host: 'ICT-OS-XUYENMT', ip: '10.61.187.121', os.name: 'Windows 7', os.arch: 'amd64', os.version: '6.1', java.version: '1.8.0_112'
Driver info: org.openqa.selenium.firefox.FirefoxDriver
Capabilities [{moz:profile=C:\Users\ICT-OS~1\AppData\Local\Temp\rust_mozprofile.eRWBGWAlQDOL, rotatable=false, timeouts={implicit=0.0, pageLoad=300000.0, script=30000.0}, pageLoadStrategy=normal, platform=ANY, specificationLevel=0.0, moz:accessibilityChecks=false, acceptInsecureCerts=false, browserVersion=54.0.1, platformVersion=6.1, moz:processID=5196.0, browserName=firefox, javascriptEnabled=true, platformName=windows_nt}]
Session ID: 8646c4a9-4b3e-4e67-aa5c-70a226bf17bf
*** Element info: {Using=xpath, value=.//*[@id='field_ngayKham']}
	at org.openqa.selenium.remote.http.W3CHttpResponseCodec.createException(W3CHttpResponseCodec.java:150)
	at org.openqa.selenium.remote.http.W3CHttpResponseCodec.decode(W3CHttpResponseCodec.java:115)
	at org.openqa.selenium.remote.http.W3CHttpResponseCodec.decode(W3CHttpResponseCodec.java:45)
	at org.openqa.selenium.remote.HttpCommandExecutor.execute(HttpCommandExecutor.java:164)
	at org.openqa.selenium.remote.service.DriverCommandExecutor.execute(DriverCommandExecutor.java:82)
	at org.openqa.selenium.remote.RemoteWebDriver.execute(RemoteWebDriver.java:637)
	at org.openqa.selenium.remote.RemoteWebDriver.findElement(RemoteWebDriver.java:410)
	at org.openqa.selenium.remote.RemoteWebDriver.findElementByXPath(RemoteWebDriver.java:509)
	at org.openqa.selenium.By$ByXPath.findElement(By.java:361)
	at org.openqa.selenium.remote.RemoteWebDriver.findElement(RemoteWebDriver.java:402)
	at quanlyhososuckhoe.LichSuThemMoi.ngayTaiKhamLonHonNgayKham(LichSuThemMoi.java:139)
	at quanlyhososuckhoe.LichSuThemTest.ngayTaiKhamLonHonNgayKham(LichSuThemTest.java:56)
... Removed 29 stack frames]]>
    </failure>
  </testcase> <!-- ngayTaiKhamLonHonNgayKham -->
  <testcase name="themMoiLichSuThanhCong" time="3.006" classname="quanlyhososuckhoe.LichSuThemTest">
    <failure type="org.openqa.selenium.WebDriverException" message="Tried to run command without establishing a connection
Build info: version: &amp;apos;3.4.0&amp;apos;, revision: &amp;apos;unknown&amp;apos;, time: &amp;apos;unknown&amp;apos;
System info: host: &amp;apos;ICT-OS-XUYENMT&amp;apos;, ip: &amp;apos;10.61.187.121&amp;apos;, os.name: &amp;apos;Windows 7&amp;apos;, os.arch: &amp;apos;amd64&amp;apos;, os.version: &amp;apos;6.1&amp;apos;, java.version: &amp;apos;1.8.0_112&amp;apos;
Driver info: org.openqa.selenium.firefox.FirefoxDriver
Capabilities [{moz:profile=C:\Users\ICT-OS~1\AppData\Local\Temp\rust_mozprofile.eRWBGWAlQDOL, rotatable=false, timeouts={implicit=0.0, pageLoad=300000.0, script=30000.0}, pageLoadStrategy=normal, platform=ANY, specificationLevel=0.0, moz:accessibilityChecks=false, acceptInsecureCerts=false, browserVersion=54.0.1, platformVersion=6.1, moz:processID=5196.0, browserName=firefox, javascriptEnabled=true, platformName=windows_nt}]
Session ID: 8646c4a9-4b3e-4e67-aa5c-70a226bf17bf
*** Element info: {Using=xpath, value=.//*[@id=&amp;apos;field_ngayKham&amp;apos;]}">
      <![CDATA[org.openqa.selenium.WebDriverException: Tried to run command without establishing a connection
Build info: version: '3.4.0', revision: 'unknown', time: 'unknown'
System info: host: 'ICT-OS-XUYENMT', ip: '10.61.187.121', os.name: 'Windows 7', os.arch: 'amd64', os.version: '6.1', java.version: '1.8.0_112'
Driver info: org.openqa.selenium.firefox.FirefoxDriver
Capabilities [{moz:profile=C:\Users\ICT-OS~1\AppData\Local\Temp\rust_mozprofile.eRWBGWAlQDOL, rotatable=false, timeouts={implicit=0.0, pageLoad=300000.0, script=30000.0}, pageLoadStrategy=normal, platform=ANY, specificationLevel=0.0, moz:accessibilityChecks=false, acceptInsecureCerts=false, browserVersion=54.0.1, platformVersion=6.1, moz:processID=5196.0, browserName=firefox, javascriptEnabled=true, platformName=windows_nt}]
Session ID: 8646c4a9-4b3e-4e67-aa5c-70a226bf17bf
*** Element info: {Using=xpath, value=.//*[@id='field_ngayKham']}
	at org.openqa.selenium.remote.http.W3CHttpResponseCodec.createException(W3CHttpResponseCodec.java:150)
	at org.openqa.selenium.remote.http.W3CHttpResponseCodec.decode(W3CHttpResponseCodec.java:115)
	at org.openqa.selenium.remote.http.W3CHttpResponseCodec.decode(W3CHttpResponseCodec.java:45)
	at org.openqa.selenium.remote.HttpCommandExecutor.execute(HttpCommandExecutor.java:164)
	at org.openqa.selenium.remote.service.DriverCommandExecutor.execute(DriverCommandExecutor.java:82)
	at org.openqa.selenium.remote.RemoteWebDriver.execute(RemoteWebDriver.java:637)
	at org.openqa.selenium.remote.RemoteWebDriver.findElement(RemoteWebDriver.java:410)
	at org.openqa.selenium.remote.RemoteWebDriver.findElementByXPath(RemoteWebDriver.java:509)
	at org.openqa.selenium.By$ByXPath.findElement(By.java:361)
	at org.openqa.selenium.remote.RemoteWebDriver.findElement(RemoteWebDriver.java:402)
	at quanlyhososuckhoe.LichSuThemMoi.themMoiLichSuThanhCong(LichSuThemMoi.java:191)
	at quanlyhososuckhoe.LichSuThemTest.themMoiLichSuThanhCong(LichSuThemTest.java:60)
... Removed 29 stack frames]]>
    </failure>
  </testcase> <!-- themMoiLichSuThanhCong -->
  <testcase name="tenDichvuKongDuocDeTrong" time="3.011" classname="quanlyhososuckhoe.LichSuThemTest">
    <failure type="org.openqa.selenium.WebDriverException" message="Tried to run command without establishing a connection
Build info: version: &amp;apos;3.4.0&amp;apos;, revision: &amp;apos;unknown&amp;apos;, time: &amp;apos;unknown&amp;apos;
System info: host: &amp;apos;ICT-OS-XUYENMT&amp;apos;, ip: &amp;apos;10.61.187.121&amp;apos;, os.name: &amp;apos;Windows 7&amp;apos;, os.arch: &amp;apos;amd64&amp;apos;, os.version: &amp;apos;6.1&amp;apos;, java.version: &amp;apos;1.8.0_112&amp;apos;
Driver info: org.openqa.selenium.firefox.FirefoxDriver
Capabilities [{moz:profile=C:\Users\ICT-OS~1\AppData\Local\Temp\rust_mozprofile.eRWBGWAlQDOL, rotatable=false, timeouts={implicit=0.0, pageLoad=300000.0, script=30000.0}, pageLoadStrategy=normal, platform=ANY, specificationLevel=0.0, moz:accessibilityChecks=false, acceptInsecureCerts=false, browserVersion=54.0.1, platformVersion=6.1, moz:processID=5196.0, browserName=firefox, javascriptEnabled=true, platformName=windows_nt}]
Session ID: 8646c4a9-4b3e-4e67-aa5c-70a226bf17bf
*** Element info: {Using=xpath, value=.//*[@id=&amp;apos;body&amp;apos;]/div[1]/div[4]/div[2]/div/div/div[2]/div[2]/div/button}">
      <![CDATA[org.openqa.selenium.WebDriverException: Tried to run command without establishing a connection
Build info: version: '3.4.0', revision: 'unknown', time: 'unknown'
System info: host: 'ICT-OS-XUYENMT', ip: '10.61.187.121', os.name: 'Windows 7', os.arch: 'amd64', os.version: '6.1', java.version: '1.8.0_112'
Driver info: org.openqa.selenium.firefox.FirefoxDriver
Capabilities [{moz:profile=C:\Users\ICT-OS~1\AppData\Local\Temp\rust_mozprofile.eRWBGWAlQDOL, rotatable=false, timeouts={implicit=0.0, pageLoad=300000.0, script=30000.0}, pageLoadStrategy=normal, platform=ANY, specificationLevel=0.0, moz:accessibilityChecks=false, acceptInsecureCerts=false, browserVersion=54.0.1, platformVersion=6.1, moz:processID=5196.0, browserName=firefox, javascriptEnabled=true, platformName=windows_nt}]
Session ID: 8646c4a9-4b3e-4e67-aa5c-70a226bf17bf
*** Element info: {Using=xpath, value=.//*[@id='body']/div[1]/div[4]/div[2]/div/div/div[2]/div[2]/div/button}
	at org.openqa.selenium.remote.http.W3CHttpResponseCodec.createException(W3CHttpResponseCodec.java:150)
	at org.openqa.selenium.remote.http.W3CHttpResponseCodec.decode(W3CHttpResponseCodec.java:115)
	at org.openqa.selenium.remote.http.W3CHttpResponseCodec.decode(W3CHttpResponseCodec.java:45)
	at org.openqa.selenium.remote.HttpCommandExecutor.execute(HttpCommandExecutor.java:164)
	at org.openqa.selenium.remote.service.DriverCommandExecutor.execute(DriverCommandExecutor.java:82)
	at org.openqa.selenium.remote.RemoteWebDriver.execute(RemoteWebDriver.java:637)
	at org.openqa.selenium.remote.RemoteWebDriver.findElement(RemoteWebDriver.java:410)
	at org.openqa.selenium.remote.RemoteWebDriver.findElementByXPath(RemoteWebDriver.java:509)
	at org.openqa.selenium.By$ByXPath.findElement(By.java:361)
	at org.openqa.selenium.remote.RemoteWebDriver.findElement(RemoteWebDriver.java:402)
	at quanlyhososuckhoe.LichSuThemMoi.tenDichvuKongDuocDeTrong(LichSuThemMoi.java:236)
	at quanlyhososuckhoe.LichSuThemTest.tenDichvuKongDuocDeTrong(LichSuThemTest.java:64)
... Removed 29 stack frames]]>
    </failure>
  </testcase> <!-- tenDichvuKongDuocDeTrong -->
  <testcase name="ketQuaKhongDuocDetrong" time="3.011" classname="quanlyhososuckhoe.LichSuThemTest">
    <failure type="org.openqa.selenium.WebDriverException" message="Tried to run command without establishing a connection
Build info: version: &amp;apos;3.4.0&amp;apos;, revision: &amp;apos;unknown&amp;apos;, time: &amp;apos;unknown&amp;apos;
System info: host: &amp;apos;ICT-OS-XUYENMT&amp;apos;, ip: &amp;apos;10.61.187.121&amp;apos;, os.name: &amp;apos;Windows 7&amp;apos;, os.arch: &amp;apos;amd64&amp;apos;, os.version: &amp;apos;6.1&amp;apos;, java.version: &amp;apos;1.8.0_112&amp;apos;
Driver info: org.openqa.selenium.firefox.FirefoxDriver
Capabilities [{moz:profile=C:\Users\ICT-OS~1\AppData\Local\Temp\rust_mozprofile.eRWBGWAlQDOL, rotatable=false, timeouts={implicit=0.0, pageLoad=300000.0, script=30000.0}, pageLoadStrategy=normal, platform=ANY, specificationLevel=0.0, moz:accessibilityChecks=false, acceptInsecureCerts=false, browserVersion=54.0.1, platformVersion=6.1, moz:processID=5196.0, browserName=firefox, javascriptEnabled=true, platformName=windows_nt}]
Session ID: 8646c4a9-4b3e-4e67-aa5c-70a226bf17bf
*** Element info: {Using=xpath, value=.//*[@id=&amp;apos;tenDichVu&amp;apos;]}">
      <![CDATA[org.openqa.selenium.WebDriverException: Tried to run command without establishing a connection
Build info: version: '3.4.0', revision: 'unknown', time: 'unknown'
System info: host: 'ICT-OS-XUYENMT', ip: '10.61.187.121', os.name: 'Windows 7', os.arch: 'amd64', os.version: '6.1', java.version: '1.8.0_112'
Driver info: org.openqa.selenium.firefox.FirefoxDriver
Capabilities [{moz:profile=C:\Users\ICT-OS~1\AppData\Local\Temp\rust_mozprofile.eRWBGWAlQDOL, rotatable=false, timeouts={implicit=0.0, pageLoad=300000.0, script=30000.0}, pageLoadStrategy=normal, platform=ANY, specificationLevel=0.0, moz:accessibilityChecks=false, acceptInsecureCerts=false, browserVersion=54.0.1, platformVersion=6.1, moz:processID=5196.0, browserName=firefox, javascriptEnabled=true, platformName=windows_nt}]
Session ID: 8646c4a9-4b3e-4e67-aa5c-70a226bf17bf
*** Element info: {Using=xpath, value=.//*[@id='tenDichVu']}
	at org.openqa.selenium.remote.http.W3CHttpResponseCodec.createException(W3CHttpResponseCodec.java:150)
	at org.openqa.selenium.remote.http.W3CHttpResponseCodec.decode(W3CHttpResponseCodec.java:115)
	at org.openqa.selenium.remote.http.W3CHttpResponseCodec.decode(W3CHttpResponseCodec.java:45)
	at org.openqa.selenium.remote.HttpCommandExecutor.execute(HttpCommandExecutor.java:164)
	at org.openqa.selenium.remote.service.DriverCommandExecutor.execute(DriverCommandExecutor.java:82)
	at org.openqa.selenium.remote.RemoteWebDriver.execute(RemoteWebDriver.java:637)
	at org.openqa.selenium.remote.RemoteWebDriver.findElement(RemoteWebDriver.java:410)
	at org.openqa.selenium.remote.RemoteWebDriver.findElementByXPath(RemoteWebDriver.java:509)
	at org.openqa.selenium.By$ByXPath.findElement(By.java:361)
	at org.openqa.selenium.remote.RemoteWebDriver.findElement(RemoteWebDriver.java:402)
	at quanlyhososuckhoe.LichSuThemMoi.ketQuaKhongDuocDetrong(LichSuThemMoi.java:249)
	at quanlyhososuckhoe.LichSuThemTest.ketQuaKhongDuocDetrong(LichSuThemTest.java:68)
... Removed 28 stack frames]]>
    </failure>
  </testcase> <!-- ketQuaKhongDuocDetrong -->
  <testcase name="tenThuocKhongDuocDeTrong" time="3.005" classname="quanlyhososuckhoe.LichSuThemTest">
    <failure type="org.openqa.selenium.WebDriverException" message="Tried to run command without establishing a connection
Build info: version: &amp;apos;3.4.0&amp;apos;, revision: &amp;apos;unknown&amp;apos;, time: &amp;apos;unknown&amp;apos;
System info: host: &amp;apos;ICT-OS-XUYENMT&amp;apos;, ip: &amp;apos;10.61.187.121&amp;apos;, os.name: &amp;apos;Windows 7&amp;apos;, os.arch: &amp;apos;amd64&amp;apos;, os.version: &amp;apos;6.1&amp;apos;, java.version: &amp;apos;1.8.0_112&amp;apos;
Driver info: org.openqa.selenium.firefox.FirefoxDriver
Capabilities [{moz:profile=C:\Users\ICT-OS~1\AppData\Local\Temp\rust_mozprofile.eRWBGWAlQDOL, rotatable=false, timeouts={implicit=0.0, pageLoad=300000.0, script=30000.0}, pageLoadStrategy=normal, platform=ANY, specificationLevel=0.0, moz:accessibilityChecks=false, acceptInsecureCerts=false, browserVersion=54.0.1, platformVersion=6.1, moz:processID=5196.0, browserName=firefox, javascriptEnabled=true, platformName=windows_nt}]
Session ID: 8646c4a9-4b3e-4e67-aa5c-70a226bf17bf
*** Element info: {Using=xpath, value=.//*[@id=&amp;apos;body&amp;apos;]/div[1]/div/div/form/div[2]/div[39]/div/table/tbody/tr/td[6]/a/i}">
      <![CDATA[org.openqa.selenium.WebDriverException: Tried to run command without establishing a connection
Build info: version: '3.4.0', revision: 'unknown', time: 'unknown'
System info: host: 'ICT-OS-XUYENMT', ip: '10.61.187.121', os.name: 'Windows 7', os.arch: 'amd64', os.version: '6.1', java.version: '1.8.0_112'
Driver info: org.openqa.selenium.firefox.FirefoxDriver
Capabilities [{moz:profile=C:\Users\ICT-OS~1\AppData\Local\Temp\rust_mozprofile.eRWBGWAlQDOL, rotatable=false, timeouts={implicit=0.0, pageLoad=300000.0, script=30000.0}, pageLoadStrategy=normal, platform=ANY, specificationLevel=0.0, moz:accessibilityChecks=false, acceptInsecureCerts=false, browserVersion=54.0.1, platformVersion=6.1, moz:processID=5196.0, browserName=firefox, javascriptEnabled=true, platformName=windows_nt}]
Session ID: 8646c4a9-4b3e-4e67-aa5c-70a226bf17bf
*** Element info: {Using=xpath, value=.//*[@id='body']/div[1]/div/div/form/div[2]/div[39]/div/table/tbody/tr/td[6]/a/i}
	at org.openqa.selenium.remote.http.W3CHttpResponseCodec.createException(W3CHttpResponseCodec.java:150)
	at org.openqa.selenium.remote.http.W3CHttpResponseCodec.decode(W3CHttpResponseCodec.java:115)
	at org.openqa.selenium.remote.http.W3CHttpResponseCodec.decode(W3CHttpResponseCodec.java:45)
	at org.openqa.selenium.remote.HttpCommandExecutor.execute(HttpCommandExecutor.java:164)
	at org.openqa.selenium.remote.service.DriverCommandExecutor.execute(DriverCommandExecutor.java:82)
	at org.openqa.selenium.remote.RemoteWebDriver.execute(RemoteWebDriver.java:637)
	at org.openqa.selenium.remote.RemoteWebDriver.findElement(RemoteWebDriver.java:410)
	at org.openqa.selenium.remote.RemoteWebDriver.findElementByXPath(RemoteWebDriver.java:509)
	at org.openqa.selenium.By$ByXPath.findElement(By.java:361)
	at org.openqa.selenium.remote.RemoteWebDriver.findElement(RemoteWebDriver.java:402)
	at quanlyhososuckhoe.LichSuThemMoi.tenThuocKhongDuocDeTrong(LichSuThemMoi.java:260)
	at quanlyhososuckhoe.LichSuThemTest.tenThuocKhongDuocDeTrong(LichSuThemTest.java:72)
... Removed 28 stack frames]]>
    </failure>
  </testcase> <!-- tenThuocKhongDuocDeTrong -->
  <testcase name="soLuongKhongDuocDetrong" time="5.005" classname="quanlyhososuckhoe.LichSuThemTest">
    <failure type="org.openqa.selenium.WebDriverException" message="Tried to run command without establishing a connection
Build info: version: &amp;apos;3.4.0&amp;apos;, revision: &amp;apos;unknown&amp;apos;, time: &amp;apos;unknown&amp;apos;
System info: host: &amp;apos;ICT-OS-XUYENMT&amp;apos;, ip: &amp;apos;10.61.187.121&amp;apos;, os.name: &amp;apos;Windows 7&amp;apos;, os.arch: &amp;apos;amd64&amp;apos;, os.version: &amp;apos;6.1&amp;apos;, java.version: &amp;apos;1.8.0_112&amp;apos;
Driver info: org.openqa.selenium.firefox.FirefoxDriver
Capabilities [{moz:profile=C:\Users\ICT-OS~1\AppData\Local\Temp\rust_mozprofile.eRWBGWAlQDOL, rotatable=false, timeouts={implicit=0.0, pageLoad=300000.0, script=30000.0}, pageLoadStrategy=normal, platform=ANY, specificationLevel=0.0, moz:accessibilityChecks=false, acceptInsecureCerts=false, browserVersion=54.0.1, platformVersion=6.1, moz:processID=5196.0, browserName=firefox, javascriptEnabled=true, platformName=windows_nt}]
Session ID: 8646c4a9-4b3e-4e67-aa5c-70a226bf17bf
*** Element info: {Using=xpath, value=.//*[@id=&amp;apos;tenThuoc&amp;apos;]}">
      <![CDATA[org.openqa.selenium.WebDriverException: Tried to run command without establishing a connection
Build info: version: '3.4.0', revision: 'unknown', time: 'unknown'
System info: host: 'ICT-OS-XUYENMT', ip: '10.61.187.121', os.name: 'Windows 7', os.arch: 'amd64', os.version: '6.1', java.version: '1.8.0_112'
Driver info: org.openqa.selenium.firefox.FirefoxDriver
Capabilities [{moz:profile=C:\Users\ICT-OS~1\AppData\Local\Temp\rust_mozprofile.eRWBGWAlQDOL, rotatable=false, timeouts={implicit=0.0, pageLoad=300000.0, script=30000.0}, pageLoadStrategy=normal, platform=ANY, specificationLevel=0.0, moz:accessibilityChecks=false, acceptInsecureCerts=false, browserVersion=54.0.1, platformVersion=6.1, moz:processID=5196.0, browserName=firefox, javascriptEnabled=true, platformName=windows_nt}]
Session ID: 8646c4a9-4b3e-4e67-aa5c-70a226bf17bf
*** Element info: {Using=xpath, value=.//*[@id='tenThuoc']}
	at org.openqa.selenium.remote.http.W3CHttpResponseCodec.createException(W3CHttpResponseCodec.java:150)
	at org.openqa.selenium.remote.http.W3CHttpResponseCodec.decode(W3CHttpResponseCodec.java:115)
	at org.openqa.selenium.remote.http.W3CHttpResponseCodec.decode(W3CHttpResponseCodec.java:45)
	at org.openqa.selenium.remote.HttpCommandExecutor.execute(HttpCommandExecutor.java:164)
	at org.openqa.selenium.remote.service.DriverCommandExecutor.execute(DriverCommandExecutor.java:82)
	at org.openqa.selenium.remote.RemoteWebDriver.execute(RemoteWebDriver.java:637)
	at org.openqa.selenium.remote.RemoteWebDriver.findElement(RemoteWebDriver.java:410)
	at org.openqa.selenium.remote.RemoteWebDriver.findElementByXPath(RemoteWebDriver.java:509)
	at org.openqa.selenium.By$ByXPath.findElement(By.java:361)
	at org.openqa.selenium.remote.RemoteWebDriver.findElement(RemoteWebDriver.java:402)
	at quanlyhososuckhoe.LichSuThemMoi.soLuongKhongDuocDetrong(LichSuThemMoi.java:270)
	at quanlyhososuckhoe.LichSuThemTest.soLuongKhongDuocDetrong(LichSuThemTest.java:76)
... Removed 28 stack frames]]>
    </failure>
  </testcase> <!-- soLuongKhongDuocDetrong -->
  <testcase name="soLuongPhaiNhapDangSo" time="5.009" classname="quanlyhososuckhoe.LichSuThemTest">
    <failure type="org.openqa.selenium.WebDriverException" message="Tried to run command without establishing a connection
Build info: version: &amp;apos;3.4.0&amp;apos;, revision: &amp;apos;unknown&amp;apos;, time: &amp;apos;unknown&amp;apos;
System info: host: &amp;apos;ICT-OS-XUYENMT&amp;apos;, ip: &amp;apos;10.61.187.121&amp;apos;, os.name: &amp;apos;Windows 7&amp;apos;, os.arch: &amp;apos;amd64&amp;apos;, os.version: &amp;apos;6.1&amp;apos;, java.version: &amp;apos;1.8.0_112&amp;apos;
Driver info: org.openqa.selenium.firefox.FirefoxDriver
Capabilities [{moz:profile=C:\Users\ICT-OS~1\AppData\Local\Temp\rust_mozprofile.eRWBGWAlQDOL, rotatable=false, timeouts={implicit=0.0, pageLoad=300000.0, script=30000.0}, pageLoadStrategy=normal, platform=ANY, specificationLevel=0.0, moz:accessibilityChecks=false, acceptInsecureCerts=false, browserVersion=54.0.1, platformVersion=6.1, moz:processID=5196.0, browserName=firefox, javascriptEnabled=true, platformName=windows_nt}]
Session ID: 8646c4a9-4b3e-4e67-aa5c-70a226bf17bf
*** Element info: {Using=xpath, value=.//*[@id=&amp;apos;tenThuoc&amp;apos;]}">
      <![CDATA[org.openqa.selenium.WebDriverException: Tried to run command without establishing a connection
Build info: version: '3.4.0', revision: 'unknown', time: 'unknown'
System info: host: 'ICT-OS-XUYENMT', ip: '10.61.187.121', os.name: 'Windows 7', os.arch: 'amd64', os.version: '6.1', java.version: '1.8.0_112'
Driver info: org.openqa.selenium.firefox.FirefoxDriver
Capabilities [{moz:profile=C:\Users\ICT-OS~1\AppData\Local\Temp\rust_mozprofile.eRWBGWAlQDOL, rotatable=false, timeouts={implicit=0.0, pageLoad=300000.0, script=30000.0}, pageLoadStrategy=normal, platform=ANY, specificationLevel=0.0, moz:accessibilityChecks=false, acceptInsecureCerts=false, browserVersion=54.0.1, platformVersion=6.1, moz:processID=5196.0, browserName=firefox, javascriptEnabled=true, platformName=windows_nt}]
Session ID: 8646c4a9-4b3e-4e67-aa5c-70a226bf17bf
*** Element info: {Using=xpath, value=.//*[@id='tenThuoc']}
	at org.openqa.selenium.remote.http.W3CHttpResponseCodec.createException(W3CHttpResponseCodec.java:150)
	at org.openqa.selenium.remote.http.W3CHttpResponseCodec.decode(W3CHttpResponseCodec.java:115)
	at org.openqa.selenium.remote.http.W3CHttpResponseCodec.decode(W3CHttpResponseCodec.java:45)
	at org.openqa.selenium.remote.HttpCommandExecutor.execute(HttpCommandExecutor.java:164)
	at org.openqa.selenium.remote.service.DriverCommandExecutor.execute(DriverCommandExecutor.java:82)
	at org.openqa.selenium.remote.RemoteWebDriver.execute(RemoteWebDriver.java:637)
	at org.openqa.selenium.remote.RemoteWebDriver.findElement(RemoteWebDriver.java:410)
	at org.openqa.selenium.remote.RemoteWebDriver.findElementByXPath(RemoteWebDriver.java:509)
	at org.openqa.selenium.By$ByXPath.findElement(By.java:361)
	at org.openqa.selenium.remote.RemoteWebDriver.findElement(RemoteWebDriver.java:402)
	at quanlyhososuckhoe.LichSuThemMoi.soLuongPhaiNhapDangSo(LichSuThemMoi.java:281)
	at quanlyhososuckhoe.LichSuThemTest.soLuongPhaiNhapDangSo(LichSuThemTest.java:80)
... Removed 28 stack frames]]>
    </failure>
  </testcase> <!-- soLuongPhaiNhapDangSo -->
</testsuite> <!-- Test8 -->
