<?xml version="1.0" encoding="UTF-8"?>
<!-- Generated by org.testng.reporters.JUnitXMLReporter -->
<testsuite hostname="ICT-OS-XUYENMT" ignored="0" name="Test6" tests="4" failures="4" timestamp="07 Sep 2017 02:40:32 GMT" time="38.672" errors="0">
  <testcase name="nhanKhauDangLaChuHo" time="14.806" classname="quanlyhogiadinh.NhanKhauThemVaoHoKhau2Test">
    <failure type="org.openqa.selenium.NoSuchElementException" message="Unable to locate element: .//*[@id=&amp;apos;body&amp;apos;]/div[1]/div/div/div/div[2]/div/div/div/div/section/form/div[1]/div[2]/div[1]/div/span/button[1]
For documentation on this error, please visit: http://seleniumhq.org/exceptions/no_such_element.html
Build info: version: &amp;apos;3.4.0&amp;apos;, revision: &amp;apos;unknown&amp;apos;, time: &amp;apos;unknown&amp;apos;
System info: host: &amp;apos;ICT-OS-XUYENMT&amp;apos;, ip: &amp;apos;10.61.187.121&amp;apos;, os.name: &amp;apos;Windows 7&amp;apos;, os.arch: &amp;apos;amd64&amp;apos;, os.version: &amp;apos;6.1&amp;apos;, java.version: &amp;apos;1.8.0_112&amp;apos;
Driver info: org.openqa.selenium.firefox.FirefoxDriver
Capabilities [{moz:profile=C:\Users\ICT-OS~1\AppData\Local\Temp\rust_mozprofile.9buecP4AChUg, rotatable=false, timeouts={implicit=0.0, pageLoad=300000.0, script=30000.0}, pageLoadStrategy=normal, platform=ANY, specificationLevel=0.0, moz:accessibilityChecks=false, acceptInsecureCerts=false, browserVersion=54.0.1, platformVersion=6.1, moz:processID=5932.0, browserName=firefox, javascriptEnabled=true, platformName=windows_nt}]
Session ID: c9b862db-d057-4759-8b24-5cc0208b8754
*** Element info: {Using=xpath, value=.//*[@id=&amp;apos;body&amp;apos;]/div[1]/div/div/div/div[2]/div/div/div/div/section/form/div[1]/div[2]/div[1]/div/span/button[1]}">
      <![CDATA[org.openqa.selenium.NoSuchElementException: Unable to locate element: .//*[@id='body']/div[1]/div/div/div/div[2]/div/div/div/div/section/form/div[1]/div[2]/div[1]/div/span/button[1]
For documentation on this error, please visit: http://seleniumhq.org/exceptions/no_such_element.html
Build info: version: '3.4.0', revision: 'unknown', time: 'unknown'
System info: host: 'ICT-OS-XUYENMT', ip: '10.61.187.121', os.name: 'Windows 7', os.arch: 'amd64', os.version: '6.1', java.version: '1.8.0_112'
Driver info: org.openqa.selenium.firefox.FirefoxDriver
Capabilities [{moz:profile=C:\Users\ICT-OS~1\AppData\Local\Temp\rust_mozprofile.9buecP4AChUg, rotatable=false, timeouts={implicit=0.0, pageLoad=300000.0, script=30000.0}, pageLoadStrategy=normal, platform=ANY, specificationLevel=0.0, moz:accessibilityChecks=false, acceptInsecureCerts=false, browserVersion=54.0.1, platformVersion=6.1, moz:processID=5932.0, browserName=firefox, javascriptEnabled=true, platformName=windows_nt}]
Session ID: c9b862db-d057-4759-8b24-5cc0208b8754
*** Element info: {Using=xpath, value=.//*[@id='body']/div[1]/div/div/div/div[2]/div/div/div/div/section/form/div[1]/div[2]/div[1]/div/span/button[1]}
	at org.openqa.selenium.remote.http.W3CHttpResponseCodec.createException(W3CHttpResponseCodec.java:150)
	at org.openqa.selenium.remote.http.W3CHttpResponseCodec.decode(W3CHttpResponseCodec.java:115)
	at org.openqa.selenium.remote.http.W3CHttpResponseCodec.decode(W3CHttpResponseCodec.java:45)
	at org.openqa.selenium.remote.HttpCommandExecutor.execute(HttpCommandExecutor.java:164)
	at org.openqa.selenium.remote.service.DriverCommandExecutor.execute(DriverCommandExecutor.java:82)
	at org.openqa.selenium.remote.RemoteWebDriver.execute(RemoteWebDriver.java:637)
	at org.openqa.selenium.remote.RemoteWebDriver.findElement(RemoteWebDriver.java:410)
	at org.openqa.selenium.remote.RemoteWebDriver.findElementByXPath(RemoteWebDriver.java:509)
	at org.openqa.selenium.By$ByXPath.findElement(By.java:361)
	at org.openqa.selenium.remote.RemoteWebDriver.findElement(RemoteWebDriver.java:402)
	at quanlyhogiadinh.NhanKhauThemVaoHoKhau2.nhanKhauDangLaChuHo(NhanKhauThemVaoHoKhau2.java:23)
	at quanlyhogiadinh.NhanKhauThemVaoHoKhau2Test.nhanKhauDangLaChuHo(NhanKhauThemVaoHoKhau2Test.java:31)
... Removed 28 stack frames]]>
    </failure>
  </testcase> <!-- nhanKhauDangLaChuHo -->
  <testcase name="xoa" time="3.019" classname="quanlyhogiadinh.NhanKhauThemVaoHoKhau2Test">
    <failure type="org.openqa.selenium.NoSuchElementException" message="Unable to locate element: .//*[@id=&amp;apos;body&amp;apos;]/div[1]/div[4]/div[1]/div/ul/li[3]/ul/li[2]/a
For documentation on this error, please visit: http://seleniumhq.org/exceptions/no_such_element.html
Build info: version: &amp;apos;3.4.0&amp;apos;, revision: &amp;apos;unknown&amp;apos;, time: &amp;apos;unknown&amp;apos;
System info: host: &amp;apos;ICT-OS-XUYENMT&amp;apos;, ip: &amp;apos;10.61.187.121&amp;apos;, os.name: &amp;apos;Windows 7&amp;apos;, os.arch: &amp;apos;amd64&amp;apos;, os.version: &amp;apos;6.1&amp;apos;, java.version: &amp;apos;1.8.0_112&amp;apos;
Driver info: org.openqa.selenium.firefox.FirefoxDriver
Capabilities [{moz:profile=C:\Users\ICT-OS~1\AppData\Local\Temp\rust_mozprofile.9buecP4AChUg, rotatable=false, timeouts={implicit=0.0, pageLoad=300000.0, script=30000.0}, pageLoadStrategy=normal, platform=ANY, specificationLevel=0.0, moz:accessibilityChecks=false, acceptInsecureCerts=false, browserVersion=54.0.1, platformVersion=6.1, moz:processID=5932.0, browserName=firefox, javascriptEnabled=true, platformName=windows_nt}]
Session ID: c9b862db-d057-4759-8b24-5cc0208b8754
*** Element info: {Using=xpath, value=.//*[@id=&amp;apos;body&amp;apos;]/div[1]/div[4]/div[1]/div/ul/li[3]/ul/li[2]/a}">
      <![CDATA[org.openqa.selenium.NoSuchElementException: Unable to locate element: .//*[@id='body']/div[1]/div[4]/div[1]/div/ul/li[3]/ul/li[2]/a
For documentation on this error, please visit: http://seleniumhq.org/exceptions/no_such_element.html
Build info: version: '3.4.0', revision: 'unknown', time: 'unknown'
System info: host: 'ICT-OS-XUYENMT', ip: '10.61.187.121', os.name: 'Windows 7', os.arch: 'amd64', os.version: '6.1', java.version: '1.8.0_112'
Driver info: org.openqa.selenium.firefox.FirefoxDriver
Capabilities [{moz:profile=C:\Users\ICT-OS~1\AppData\Local\Temp\rust_mozprofile.9buecP4AChUg, rotatable=false, timeouts={implicit=0.0, pageLoad=300000.0, script=30000.0}, pageLoadStrategy=normal, platform=ANY, specificationLevel=0.0, moz:accessibilityChecks=false, acceptInsecureCerts=false, browserVersion=54.0.1, platformVersion=6.1, moz:processID=5932.0, browserName=firefox, javascriptEnabled=true, platformName=windows_nt}]
Session ID: c9b862db-d057-4759-8b24-5cc0208b8754
*** Element info: {Using=xpath, value=.//*[@id='body']/div[1]/div[4]/div[1]/div/ul/li[3]/ul/li[2]/a}
	at org.openqa.selenium.remote.http.W3CHttpResponseCodec.createException(W3CHttpResponseCodec.java:150)
	at org.openqa.selenium.remote.http.W3CHttpResponseCodec.decode(W3CHttpResponseCodec.java:115)
	at org.openqa.selenium.remote.http.W3CHttpResponseCodec.decode(W3CHttpResponseCodec.java:45)
	at org.openqa.selenium.remote.HttpCommandExecutor.execute(HttpCommandExecutor.java:164)
	at org.openqa.selenium.remote.service.DriverCommandExecutor.execute(DriverCommandExecutor.java:82)
	at org.openqa.selenium.remote.RemoteWebDriver.execute(RemoteWebDriver.java:637)
	at org.openqa.selenium.remote.RemoteWebDriver.findElement(RemoteWebDriver.java:410)
	at org.openqa.selenium.remote.RemoteWebDriver.findElementByXPath(RemoteWebDriver.java:509)
	at org.openqa.selenium.By$ByXPath.findElement(By.java:361)
	at org.openqa.selenium.remote.RemoteWebDriver.findElement(RemoteWebDriver.java:402)
	at quanlyhogiadinh.NhanKhauThemVaoHoKhau2.xoa(NhanKhauThemVaoHoKhau2.java:32)
	at quanlyhogiadinh.NhanKhauThemVaoHoKhau2Test.xoa(NhanKhauThemVaoHoKhau2Test.java:35)
... Removed 28 stack frames]]>
    </failure>
  </testcase> <!-- xoa -->
  <testcase name="chuachonnhankhau" time="4.021" classname="quanlyhogiadinh.NhanKhauThemVaoHoKhau2Test">
    <failure type="org.openqa.selenium.NoSuchElementException" message="Unable to locate element: .//*[@id=&amp;apos;body&amp;apos;]/div[1]/div[4]/div[1]/div/ul/li[3]/ul/li[1]/a
For documentation on this error, please visit: http://seleniumhq.org/exceptions/no_such_element.html
Build info: version: &amp;apos;3.4.0&amp;apos;, revision: &amp;apos;unknown&amp;apos;, time: &amp;apos;unknown&amp;apos;
System info: host: &amp;apos;ICT-OS-XUYENMT&amp;apos;, ip: &amp;apos;10.61.187.121&amp;apos;, os.name: &amp;apos;Windows 7&amp;apos;, os.arch: &amp;apos;amd64&amp;apos;, os.version: &amp;apos;6.1&amp;apos;, java.version: &amp;apos;1.8.0_112&amp;apos;
Driver info: org.openqa.selenium.firefox.FirefoxDriver
Capabilities [{moz:profile=C:\Users\ICT-OS~1\AppData\Local\Temp\rust_mozprofile.9buecP4AChUg, rotatable=false, timeouts={implicit=0.0, pageLoad=300000.0, script=30000.0}, pageLoadStrategy=normal, platform=ANY, specificationLevel=0.0, moz:accessibilityChecks=false, acceptInsecureCerts=false, browserVersion=54.0.1, platformVersion=6.1, moz:processID=5932.0, browserName=firefox, javascriptEnabled=true, platformName=windows_nt}]
Session ID: c9b862db-d057-4759-8b24-5cc0208b8754
*** Element info: {Using=xpath, value=.//*[@id=&amp;apos;body&amp;apos;]/div[1]/div[4]/div[1]/div/ul/li[3]/ul/li[1]/a}">
      <![CDATA[org.openqa.selenium.NoSuchElementException: Unable to locate element: .//*[@id='body']/div[1]/div[4]/div[1]/div/ul/li[3]/ul/li[1]/a
For documentation on this error, please visit: http://seleniumhq.org/exceptions/no_such_element.html
Build info: version: '3.4.0', revision: 'unknown', time: 'unknown'
System info: host: 'ICT-OS-XUYENMT', ip: '10.61.187.121', os.name: 'Windows 7', os.arch: 'amd64', os.version: '6.1', java.version: '1.8.0_112'
Driver info: org.openqa.selenium.firefox.FirefoxDriver
Capabilities [{moz:profile=C:\Users\ICT-OS~1\AppData\Local\Temp\rust_mozprofile.9buecP4AChUg, rotatable=false, timeouts={implicit=0.0, pageLoad=300000.0, script=30000.0}, pageLoadStrategy=normal, platform=ANY, specificationLevel=0.0, moz:accessibilityChecks=false, acceptInsecureCerts=false, browserVersion=54.0.1, platformVersion=6.1, moz:processID=5932.0, browserName=firefox, javascriptEnabled=true, platformName=windows_nt}]
Session ID: c9b862db-d057-4759-8b24-5cc0208b8754
*** Element info: {Using=xpath, value=.//*[@id='body']/div[1]/div[4]/div[1]/div/ul/li[3]/ul/li[1]/a}
	at org.openqa.selenium.remote.http.W3CHttpResponseCodec.createException(W3CHttpResponseCodec.java:150)
	at org.openqa.selenium.remote.http.W3CHttpResponseCodec.decode(W3CHttpResponseCodec.java:115)
	at org.openqa.selenium.remote.http.W3CHttpResponseCodec.decode(W3CHttpResponseCodec.java:45)
	at org.openqa.selenium.remote.HttpCommandExecutor.execute(HttpCommandExecutor.java:164)
	at org.openqa.selenium.remote.service.DriverCommandExecutor.execute(DriverCommandExecutor.java:82)
	at org.openqa.selenium.remote.RemoteWebDriver.execute(RemoteWebDriver.java:637)
	at org.openqa.selenium.remote.RemoteWebDriver.findElement(RemoteWebDriver.java:410)
	at org.openqa.selenium.remote.RemoteWebDriver.findElementByXPath(RemoteWebDriver.java:509)
	at org.openqa.selenium.By$ByXPath.findElement(By.java:361)
	at org.openqa.selenium.remote.RemoteWebDriver.findElement(RemoteWebDriver.java:402)
	at quanlyhogiadinh.NhanKhauThemVaoHoKhau2.chuachonquanhechuho(NhanKhauThemVaoHoKhau2.java:59)
	at quanlyhogiadinh.NhanKhauThemVaoHoKhau2Test.chuachonnhankhau(NhanKhauThemVaoHoKhau2Test.java:40)
... Removed 28 stack frames]]>
    </failure>
  </testcase> <!-- chuachonnhankhau -->
  <testcase name="nhanKhauKhongLaChuHo" time="5.118" classname="quanlyhogiadinh.NhanKhauThemVaoHoKhau2Test">
    <failure type="org.openqa.selenium.WebDriverException" message="Failed to decode response from marionette
Build info: version: &amp;apos;3.4.0&amp;apos;, revision: &amp;apos;unknown&amp;apos;, time: &amp;apos;unknown&amp;apos;
System info: host: &amp;apos;ICT-OS-XUYENMT&amp;apos;, ip: &amp;apos;10.61.187.121&amp;apos;, os.name: &amp;apos;Windows 7&amp;apos;, os.arch: &amp;apos;amd64&amp;apos;, os.version: &amp;apos;6.1&amp;apos;, java.version: &amp;apos;1.8.0_112&amp;apos;
Driver info: org.openqa.selenium.firefox.FirefoxDriver
Capabilities [{moz:profile=C:\Users\ICT-OS~1\AppData\Local\Temp\rust_mozprofile.9buecP4AChUg, rotatable=false, timeouts={implicit=0.0, pageLoad=300000.0, script=30000.0}, pageLoadStrategy=normal, platform=ANY, specificationLevel=0.0, moz:accessibilityChecks=false, acceptInsecureCerts=false, browserVersion=54.0.1, platformVersion=6.1, moz:processID=5932.0, browserName=firefox, javascriptEnabled=true, platformName=windows_nt}]
Session ID: c9b862db-d057-4759-8b24-5cc0208b8754
*** Element info: {Using=xpath, value=.//*[@id=&amp;apos;body&amp;apos;]/div[1]/div/div/div/div[2]/div/div/div/div/section/form/div[1]/div[2]/div[1]/div/span/button[1]}">
      <![CDATA[org.openqa.selenium.WebDriverException: Failed to decode response from marionette
Build info: version: '3.4.0', revision: 'unknown', time: 'unknown'
System info: host: 'ICT-OS-XUYENMT', ip: '10.61.187.121', os.name: 'Windows 7', os.arch: 'amd64', os.version: '6.1', java.version: '1.8.0_112'
Driver info: org.openqa.selenium.firefox.FirefoxDriver
Capabilities [{moz:profile=C:\Users\ICT-OS~1\AppData\Local\Temp\rust_mozprofile.9buecP4AChUg, rotatable=false, timeouts={implicit=0.0, pageLoad=300000.0, script=30000.0}, pageLoadStrategy=normal, platform=ANY, specificationLevel=0.0, moz:accessibilityChecks=false, acceptInsecureCerts=false, browserVersion=54.0.1, platformVersion=6.1, moz:processID=5932.0, browserName=firefox, javascriptEnabled=true, platformName=windows_nt}]
Session ID: c9b862db-d057-4759-8b24-5cc0208b8754
*** Element info: {Using=xpath, value=.//*[@id='body']/div[1]/div/div/div/div[2]/div/div/div/div/section/form/div[1]/div[2]/div[1]/div/span/button[1]}
	at org.openqa.selenium.remote.http.W3CHttpResponseCodec.createException(W3CHttpResponseCodec.java:150)
	at org.openqa.selenium.remote.http.W3CHttpResponseCodec.decode(W3CHttpResponseCodec.java:115)
	at org.openqa.selenium.remote.http.W3CHttpResponseCodec.decode(W3CHttpResponseCodec.java:45)
	at org.openqa.selenium.remote.HttpCommandExecutor.execute(HttpCommandExecutor.java:164)
	at org.openqa.selenium.remote.service.DriverCommandExecutor.execute(DriverCommandExecutor.java:82)
	at org.openqa.selenium.remote.RemoteWebDriver.execute(RemoteWebDriver.java:637)
	at org.openqa.selenium.remote.RemoteWebDriver.findElement(RemoteWebDriver.java:410)
	at org.openqa.selenium.remote.RemoteWebDriver.findElementByXPath(RemoteWebDriver.java:509)
	at org.openqa.selenium.By$ByXPath.findElement(By.java:361)
	at org.openqa.selenium.remote.RemoteWebDriver.findElement(RemoteWebDriver.java:402)
	at quanlyhogiadinh.NhanKhauThemVaoHoKhau2.nhanKhauKhongLaChuHo(NhanKhauThemVaoHoKhau2.java:84)
	at quanlyhogiadinh.NhanKhauThemVaoHoKhau2Test.nhanKhauKhongLaChuHo(NhanKhauThemVaoHoKhau2Test.java:45)
... Removed 29 stack frames]]>
    </failure>
  </testcase> <!-- nhanKhauKhongLaChuHo -->
</testsuite> <!-- Test6 -->
