<?xml version="1.0" encoding="UTF-8"?>
<!-- Generated by org.testng.reporters.JUnitXMLReporter -->
<testsuite hostname="ICT-OS-XUYENMT" ignored="0" name="Test7" tests="6" failures="1" timestamp="07 Sep 2017 02:42:46 GMT" time="133.67" errors="0">
  <testcase name="chuaCoDuLieuThayDoi" time="10.402" classname="quanlyhososuckhoe.KhamLapThemTest"/>
  <testcase name="checkMau" time="16.392" classname="quanlyhososuckhoe.KhamLapThemTest"/>
  <testcase name="ngayKhamkhongDuocLonHonNgayhienTai" time="15.834" classname="quanlyhososuckhoe.KhamLapThemTest"/>
  <testcase name="ngayHenKhamKhongDuocNhoHonNgayKham" time="15.935" classname="quanlyhososuckhoe.KhamLapThemTest"/>
  <testcase name="khamLapThanhCong" time="24.309" classname="quanlyhososuckhoe.KhamLapThemTest"/>
  <testcase name="soSanhKhamLap" time="39.698" classname="quanlyhososuckhoe.KhamLapThemTest">
    <failure type="org.openqa.selenium.NoSuchElementException" message="Unable to locate element: .//*[@id=&amp;apos;body&amp;apos;]/div[1]/div[4]/div[2]/div/div/div[2]/div[3]/div/div/table/tbody/tr/td[2]
For documentation on this error, please visit: http://seleniumhq.org/exceptions/no_such_element.html
Build info: version: &amp;apos;3.4.0&amp;apos;, revision: &amp;apos;unknown&amp;apos;, time: &amp;apos;unknown&amp;apos;
System info: host: &amp;apos;ICT-OS-XUYENMT&amp;apos;, ip: &amp;apos;10.61.187.121&amp;apos;, os.name: &amp;apos;Windows 7&amp;apos;, os.arch: &amp;apos;amd64&amp;apos;, os.version: &amp;apos;6.1&amp;apos;, java.version: &amp;apos;1.8.0_112&amp;apos;
Driver info: org.openqa.selenium.firefox.FirefoxDriver
Capabilities [{moz:profile=C:\Users\ICT-OS~1\AppData\Local\Temp\rust_mozprofile.ZsfdgyNQvUug, rotatable=false, timeouts={implicit=0.0, pageLoad=300000.0, script=30000.0}, pageLoadStrategy=normal, platform=ANY, specificationLevel=0.0, moz:accessibilityChecks=false, acceptInsecureCerts=false, browserVersion=54.0.1, platformVersion=6.1, moz:processID=4440.0, browserName=firefox, javascriptEnabled=true, platformName=windows_nt}]
Session ID: 6be8768a-fc41-4e11-9405-17ab8092684f
*** Element info: {Using=xpath, value=.//*[@id=&amp;apos;body&amp;apos;]/div[1]/div[4]/div[2]/div/div/div[2]/div[3]/div/div/table/tbody/tr/td[2]}">
      <![CDATA[org.openqa.selenium.NoSuchElementException: Unable to locate element: .//*[@id='body']/div[1]/div[4]/div[2]/div/div/div[2]/div[3]/div/div/table/tbody/tr/td[2]
For documentation on this error, please visit: http://seleniumhq.org/exceptions/no_such_element.html
Build info: version: '3.4.0', revision: 'unknown', time: 'unknown'
System info: host: 'ICT-OS-XUYENMT', ip: '10.61.187.121', os.name: 'Windows 7', os.arch: 'amd64', os.version: '6.1', java.version: '1.8.0_112'
Driver info: org.openqa.selenium.firefox.FirefoxDriver
Capabilities [{moz:profile=C:\Users\ICT-OS~1\AppData\Local\Temp\rust_mozprofile.ZsfdgyNQvUug, rotatable=false, timeouts={implicit=0.0, pageLoad=300000.0, script=30000.0}, pageLoadStrategy=normal, platform=ANY, specificationLevel=0.0, moz:accessibilityChecks=false, acceptInsecureCerts=false, browserVersion=54.0.1, platformVersion=6.1, moz:processID=4440.0, browserName=firefox, javascriptEnabled=true, platformName=windows_nt}]
Session ID: 6be8768a-fc41-4e11-9405-17ab8092684f
*** Element info: {Using=xpath, value=.//*[@id='body']/div[1]/div[4]/div[2]/div/div/div[2]/div[3]/div/div/table/tbody/tr/td[2]}
	at org.openqa.selenium.remote.http.W3CHttpResponseCodec.createException(W3CHttpResponseCodec.java:150)
	at org.openqa.selenium.remote.http.W3CHttpResponseCodec.decode(W3CHttpResponseCodec.java:115)
	at org.openqa.selenium.remote.http.W3CHttpResponseCodec.decode(W3CHttpResponseCodec.java:45)
	at org.openqa.selenium.remote.HttpCommandExecutor.execute(HttpCommandExecutor.java:164)
	at org.openqa.selenium.remote.service.DriverCommandExecutor.execute(DriverCommandExecutor.java:82)
	at org.openqa.selenium.remote.RemoteWebDriver.execute(RemoteWebDriver.java:637)
	at org.openqa.selenium.remote.RemoteWebDriver.findElement(RemoteWebDriver.java:410)
	at org.openqa.selenium.remote.RemoteWebDriver.findElementByXPath(RemoteWebDriver.java:509)
	at org.openqa.selenium.By$ByXPath.findElement(By.java:361)
	at org.openqa.selenium.remote.RemoteWebDriver.findElement(RemoteWebDriver.java:402)
	at quanlyhososuckhoe.KhamLapThemMoi.soSanhKhamLap(KhamLapThemMoi.java:155)
	at quanlyhososuckhoe.KhamLapThemTest.soSanhKhamLap(KhamLapThemTest.java:52)
... Removed 28 stack frames]]>
    </failure>
  </testcase> <!-- soSanhKhamLap -->
</testsuite> <!-- Test7 -->
