<!DOCTYPE html PUBLIC "-//W3C//DTD XHTML 1.1//EN" "http://www.w3.org/TR/xhtml11/DTD/xhtml11.dtd">
<html xmlns="http://www.w3.org/1999/xhtml"><head><title>TestNG Report</title><style type="text/css">table {margin-bottom:10px;border-collapse:collapse;empty-cells:show}th,td {border:1px solid #009;padding:.25em .5em}th {vertical-align:bottom}td {vertical-align:top}table a {font-weight:bold}.stripe td {background-color: #E6EBF9}.num {text-align:right}.passedodd td {background-color: #3F3}.passedeven td {background-color: #0A0}.skippedodd td {background-color: #DDD}.skippedeven td {background-color: #CCC}.failedodd td,.attn {background-color: #F33}.failedeven td,.stripe .attn {background-color: #D00}.stacktrace {white-space:pre;font-family:monospace}.totop {font-size:85%;text-align:center;border-bottom:2px solid #000}</style></head><body><table><tr><th>Test</th><th># Passed</th><th># Skipped</th><th># Failed</th><th>Time (ms)</th><th>Included Groups</th><th>Excluded Groups</th></tr><tr><th colspan="7">Suite</th></tr><tr><td><a href="#t0">Test1</a></td><td class="num">0</td><td class="num">0</td><td class="num attn">18</td><td class="num">127,536</td><td></td><td></td></tr><tr class="stripe"><td><a href="#t1">Test2</a></td><td class="num">0</td><td class="num">0</td><td class="num attn">5</td><td class="num">27,186</td><td></td><td></td></tr><tr><td><a href="#t2">Test3</a></td><td class="num">0</td><td class="num">0</td><td class="num attn">12</td><td class="num">68,847</td><td></td><td></td></tr><tr class="stripe"><td><a href="#t3">Test4</a></td><td class="num">0</td><td class="num">0</td><td class="num attn">2</td><td class="num">26,839</td><td></td><td></td></tr><tr><td><a href="#t4">Test5</a></td><td class="num">0</td><td class="num">0</td><td class="num attn">9</td><td class="num">50,300</td><td></td><td></td></tr><tr class="stripe"><td><a href="#t5">Test6</a></td><td class="num">0</td><td class="num">0</td><td class="num attn">4</td><td class="num">38,672</td><td></td><td></td></tr><tr><td><a href="#t6">Test7</a></td><td class="num">5</td><td class="num">0</td><td class="num attn">1</td><td class="num">133,670</td><td></td><td></td></tr><tr class="stripe"><td><a href="#t7">Test8</a></td><td class="num">0</td><td class="num">0</td><td class="num attn">14</td><td class="num">65,945</td><td></td><td></td></tr><tr><td><a href="#t8">Test9</a></td><td class="num">0</td><td class="num">0</td><td class="num attn">5</td><td class="num">78,281</td><td></td><td></td></tr><tr><th>Total</th><th class="num">5</th><th class="num">0</th><th class="num attn">70</th><th class="num">617,276</th><th colspan="2"></th></tr></table><table id='summary'><thead><tr><th>Class</th><th>Method</th><th>Start</th><th>Time (ms)</th></tr></thead><tbody><tr><th colspan="4">Suite</th></tr></tbody><tbody id="t0"><tr><th colspan="4">Test1 &#8212; failed</th></tr><tr class="failedeven"><td rowspan="18">quanlyhogiadinh.NhanKhauThemTest</td><td><a href="#m0">btrongdantoc</a></td><td rowspan="1">1504751747680</td><td rowspan="1">35022</td></tr><tr class="failedeven"><td><a href="#m1">btrongquoctich</a></td><td rowspan="1">1504751782706</td><td rowspan="1">5026</td></tr><tr class="failedeven"><td><a href="#m2">btrongtongiao</a></td><td rowspan="1">1504751787734</td><td rowspan="1">3027</td></tr><tr class="failedeven"><td><a href="#m3">khongchondiachihientilathuongchu</a></td><td rowspan="1">1504751790763</td><td rowspan="1">3016</td></tr><tr class="failedeven"><td><a href="#m4">ktrabotrongtruongbatbuoc</a></td><td rowspan="1">1504751728452</td><td rowspan="1">3023</td></tr><tr class="failedeven"><td><a href="#m5">ktrabuttondong</a></td><td rowspan="1">1504751721288</td><td rowspan="1">4096</td></tr><tr class="failedeven"><td><a href="#m6">ktranhapthieuthontinbatbuoc</a></td><td rowspan="1">1504751725418</td><td rowspan="1">3032</td></tr><tr class="failedeven"><td><a href="#m7">nhankhaudangduocxulylambome</a></td><td rowspan="1">1504751804848</td><td rowspan="1">3025</td></tr><tr class="failedeven"><td><a href="#m8">nhapsaicactruongkhongbatbuoc</a></td><td rowspan="1">1504751731483</td><td rowspan="1">5030</td></tr><tr class="failedeven"><td><a href="#m9">suathongtinnhankhau</a></td><td rowspan="1">1504751801822</td><td rowspan="1">3023</td></tr><tr class="failedeven"><td><a href="#m10">suathongtinthanhcong</a></td><td rowspan="1">1504751807876</td><td rowspan="1">7026</td></tr><tr class="failedeven"><td><a href="#m11">themNKNgaySinhNhoHonHoacBangNgayHientaiVaLonHonNam1900th2</a></td><td rowspan="1">1504751738591</td><td rowspan="1">3023</td></tr><tr class="failedeven"><td><a href="#m12">themNKNhapMoiQuanHeVoiNguoiGiamHo</a></td><td rowspan="1">1504751744650</td><td rowspan="1">3026</td></tr><tr class="failedeven"><td><a href="#m13">themNKTreEmDuoi1TuoiNhapTenNguoiGiamHo</a></td><td rowspan="1">1504751741618</td><td rowspan="1">3030</td></tr><tr class="failedeven"><td><a href="#m14">themngaysinhsinhlonhonhoacbangnam1990</a></td><td rowspan="1">1504751736518</td><td rowspan="1">2071</td></tr><tr class="failedeven"><td><a href="#m15">themoithanhcong</a></td><td rowspan="1">1504751793780</td><td rowspan="1">5013</td></tr><tr class="failedeven"><td><a href="#m16">xemthongtinnhankhau</a></td><td rowspan="1">1504751798794</td><td rowspan="1">3025</td></tr><tr class="failedeven"><td><a href="#m17">xoathongtinnhankhau</a></td><td rowspan="1">1504751814904</td><td rowspan="1">5022</td></tr></tbody><tbody id="t1"><tr><th colspan="4">Test2 &#8212; failed</th></tr><tr class="failedeven"><td rowspan="5">themdulieu.ThemDuLieuNhanKhauTest</td><td><a href="#m18">themoinhankhau</a></td><td rowspan="1">1504751832196</td><td rowspan="1">3041</td></tr><tr class="failedeven"><td><a href="#m19">themoinhankhau1</a></td><td rowspan="1">1504751835238</td><td rowspan="1">3017</td></tr><tr class="failedeven"><td><a href="#m20">themoinhankhau2</a></td><td rowspan="1">1504751838259</td><td rowspan="1">3022</td></tr><tr class="failedeven"><td><a href="#m21">themoinhankhau3</a></td><td rowspan="1">1504751841283</td><td rowspan="1">3023</td></tr><tr class="failedeven"><td><a href="#m22">themoinhankhau4</a></td><td rowspan="1">1504751844307</td><td rowspan="1">3009</td></tr></tbody><tbody id="t2"><tr><th colspan="4">Test3 &#8212; failed</th></tr><tr class="failedeven"><td rowspan="12">quanlyhogiadinh.HoKhauThemTest</td><td><a href="#m23">HoKhauThemMoi</a></td><td rowspan="1">1504751864805</td><td rowspan="1">4061</td></tr><tr class="failedeven"><td><a href="#m24">chuacodulieuthaydoi</a></td><td rowspan="1">1504751904247</td><td rowspan="1">3011</td></tr><tr class="failedeven"><td><a href="#m25">chuanhaptenchuho</a></td><td rowspan="1">1504751868869</td><td rowspan="1">3014</td></tr><tr class="failedeven"><td><a href="#m26">dodaiqua13kitu</a></td><td rowspan="1">1504751876915</td><td rowspan="1">3029</td></tr><tr class="failedeven"><td><a href="#m27">ktrabttaomoihokhau</a></td><td rowspan="1">1504751871886</td><td rowspan="1">5028</td></tr><tr class="failedeven"><td><a href="#m28">ktrabtxemchitiet</a></td><td rowspan="1">1504751900222</td><td rowspan="1">4011</td></tr><tr class="failedeven"><td><a href="#m29">ktranhankhaudalachucuahokhac</a></td><td rowspan="1">1504751885181</td><td rowspan="1">5009</td></tr><tr class="failedeven"><td><a href="#m30">nhapMYTCNbangmotgiatribatki</a></td><td rowspan="1">1504751879945</td><td rowspan="1">5234</td></tr><tr class="failedeven"><td><a href="#m31">suathongtinchuho</a></td><td rowspan="1">1504751907269</td><td rowspan="1">3013</td></tr><tr class="failedeven"><td><a href="#m32">themoihokhauthanhcong</a></td><td rowspan="1">1504751890193</td><td rowspan="1">10027</td></tr><tr class="failedeven"><td><a href="#m33">xoahokhau</a></td><td rowspan="1">1504751913297</td><td rowspan="1">3012</td></tr><tr class="failedeven"><td><a href="#m34">xoathongtinchuho</a></td><td rowspan="1">1504751910285</td><td rowspan="1">3009</td></tr></tbody><tbody id="t3"><tr><th colspan="4">Test4 &#8212; failed</th></tr><tr class="failedeven"><td rowspan="2">themdulieu.ThemDuLieuHoKhauTest</td><td><a href="#m35">themmoiNKVaoHkThanhCong</a></td><td rowspan="1">1504751939240</td><td rowspan="1">4011</td></tr><tr class="failedeven"><td><a href="#m36">themoihokhauthanhcong</a></td><td rowspan="1">1504751929103</td><td rowspan="1">10135</td></tr></tbody><tbody id="t4"><tr><th colspan="4">Test5 &#8212; failed</th></tr><tr class="failedeven"><td rowspan="9">quanlyhogiadinh.NhanKhauThemVaoHoKhauTest</td><td><a href="#m37">chuachonloaiquanhe</a></td><td rowspan="1">1504751960405</td><td rowspan="1">6032</td></tr><tr class="failedeven"><td><a href="#m38">chuachonnhankhau</a></td><td rowspan="1">1504751954345</td><td rowspan="1">6058</td></tr><tr class="failedeven"><td><a href="#m39">nhanKhauNaydaTonTai</a></td><td rowspan="1">1504751981553</td><td rowspan="1">6008</td></tr><tr class="failedeven"><td><a href="#m40">nhankhaudangcoquanhevoihokhac</a></td><td rowspan="1">1504751970474</td><td rowspan="1">5030</td></tr><tr class="failedeven"><td><a href="#m41">nhankhaudanglachucuahokhac</a></td><td rowspan="1">1504751966439</td><td rowspan="1">4029</td></tr><tr class="failedeven"><td><a href="#m42">soanhnhankhau</a></td><td rowspan="1">1504751978523</td><td rowspan="1">3028</td></tr><tr class="failedeven"><td><a href="#m43">suathongtinnhankhau</a></td><td rowspan="1">1504751987562</td><td rowspan="1">3021</td></tr><tr class="failedeven"><td><a href="#m44">themMoiNkVaoHkThanhCong</a></td><td rowspan="1">1504751975511</td><td rowspan="1">3011</td></tr><tr class="failedeven"><td><a href="#m45">xoanhankhau</a></td><td rowspan="1">1504751990584</td><td rowspan="1">3013</td></tr></tbody><tbody id="t5"><tr><th colspan="4">Test6 &#8212; failed</th></tr><tr class="failedeven"><td rowspan="4">quanlyhogiadinh.NhanKhauThemVaoHoKhau2Test</td><td><a href="#m46">chuachonnhankhau</a></td><td rowspan="1">1504752023171</td><td rowspan="1">4021</td></tr><tr class="failedeven"><td><a href="#m47">nhanKhauDangLaChuHo</a></td><td rowspan="1">1504752005320</td><td rowspan="1">14806</td></tr><tr class="failedeven"><td><a href="#m48">nhanKhauKhongLaChuHo</a></td><td rowspan="1">1504752027193</td><td rowspan="1">5118</td></tr><tr class="failedeven"><td><a href="#m49">xoa</a></td><td rowspan="1">1504752020127</td><td rowspan="1">3019</td></tr></tbody><tbody id="t6"><tr><th colspan="4">Test7 &#8212; failed</th></tr><tr class="failedeven"><td rowspan="1">quanlyhososuckhoe.KhamLapThemTest</td><td><a href="#m50">soSanhKhamLap</a></td><td rowspan="1">1504752126317</td><td rowspan="1">39698</td></tr><tr><th colspan="4">Test7 &#8212; passed</th></tr><tr class="passedeven"><td rowspan="5">quanlyhososuckhoe.KhamLapThemTest</td><td><a href="#m51">checkMau</a></td><td rowspan="1">1504752053840</td><td rowspan="1">16392</td></tr><tr class="passedeven"><td><a href="#m52">chuaCoDuLieuThayDoi</a></td><td rowspan="1">1504752043437</td><td rowspan="1">10402</td></tr><tr class="passedeven"><td><a href="#m53">khamLapThanhCong</a></td><td rowspan="1">1504752102008</td><td rowspan="1">24309</td></tr><tr class="passedeven"><td><a href="#m54">ngayHenKhamKhongDuocNhoHonNgayKham</a></td><td rowspan="1">1504752086072</td><td rowspan="1">15935</td></tr><tr class="passedeven"><td><a href="#m55">ngayKhamkhongDuocLonHonNgayhienTai</a></td><td rowspan="1">1504752070237</td><td rowspan="1">15834</td></tr></tbody><tbody id="t7"><tr><th colspan="4">Test8 &#8212; failed</th></tr><tr class="failedeven"><td rowspan="14">quanlyhososuckhoe.LichSuThemTest</td><td><a href="#m56">boTrongNgayBatDau</a></td><td rowspan="1">1504752188659</td><td rowspan="1">3023</td></tr><tr class="failedeven"><td><a href="#m57">boTrongNgayKetThuc</a></td><td rowspan="1">1504752191684</td><td rowspan="1">3013</td></tr><tr class="failedeven"><td><a href="#m58">boTrongngaykham</a></td><td rowspan="1">1504752176826</td><td rowspan="1">11832</td></tr><tr class="failedeven"><td><a href="#m59">ketQuaKhongDuocDetrong</a></td><td rowspan="1">1504752215962</td><td rowspan="1">3011</td></tr><tr class="failedeven"><td><a href="#m60">ngayKetThucKhongDuocNhoHonNgayBatDau</a></td><td rowspan="1">1504752197729</td><td rowspan="1">3021</td></tr><tr class="failedeven"><td><a href="#m61">ngayKhamKhongDuocLonHonNgayHientai</a></td><td rowspan="1">1504752203772</td><td rowspan="1">3146</td></tr><tr class="failedeven"><td><a href="#m62">ngayKhamKhongDuocLonHonNgayKetThuc</a></td><td rowspan="1">1504752200751</td><td rowspan="1">3019</td></tr><tr class="failedeven"><td><a href="#m63">ngayKhamKhongDuocNhoHonNgayBatDau</a></td><td rowspan="1">1504752194700</td><td rowspan="1">3027</td></tr><tr class="failedeven"><td><a href="#m64">ngayTaiKhamLonHonNgayKham</a></td><td rowspan="1">1504752206918</td><td rowspan="1">3010</td></tr><tr class="failedeven"><td><a href="#m65">soLuongKhongDuocDetrong</a></td><td rowspan="1">1504752221981</td><td rowspan="1">5005</td></tr><tr class="failedeven"><td><a href="#m66">soLuongPhaiNhapDangSo</a></td><td rowspan="1">1504752226990</td><td rowspan="1">5009</td></tr><tr class="failedeven"><td><a href="#m67">tenDichvuKongDuocDeTrong</a></td><td rowspan="1">1504752212940</td><td rowspan="1">3011</td></tr><tr class="failedeven"><td><a href="#m68">tenThuocKhongDuocDeTrong</a></td><td rowspan="1">1504752218975</td><td rowspan="1">3005</td></tr><tr class="failedeven"><td><a href="#m69">themMoiLichSuThanhCong</a></td><td rowspan="1">1504752209932</td><td rowspan="1">3006</td></tr></tbody><tbody id="t8"><tr><th colspan="4">Test9 &#8212; failed</th></tr><tr class="failedeven"><td rowspan="5">quanlyhososuckhoe.TiemChungThemTest</td><td><a href="#m70">checkMau</a></td><td rowspan="1">1504752297301</td><td rowspan="1">13027</td></tr><tr class="failedeven"><td><a href="#m71">themmoiTCMuiTiemKhongDuocBotrong</a></td><td rowspan="1">1504752243391</td><td rowspan="1">10807</td></tr><tr class="failedeven"><td><a href="#m72">themmoiTCNgayHenTiemPhaiLonHonHoacbangNgayNguaChung</a></td><td rowspan="1">1504752254203</td><td rowspan="1">5007</td></tr><tr class="failedeven"><td><a href="#m73">themmoiTCThanhCong</a></td><td rowspan="1">1504752259222</td><td rowspan="1">25051</td></tr><tr class="failedeven"><td><a href="#m74">themmoiTCVacXinMuiTiemDaTonTai</a></td><td rowspan="1">1504752284275</td><td rowspan="1">13023</td></tr></tbody></table><h2>Test1</h2><h3 id="m0">quanlyhogiadinh.NhanKhauThemTest#btrongdantoc</h3><table class="result"><tr><th>Exception</th></tr><tr><td><div class="stacktrace">org.openqa.selenium.NoSuchElementException: Unable to locate element: .//*[@id=&apos;field_hoTen&apos;]
For documentation on this error, please visit: http://seleniumhq.org/exceptions/no_such_element.html
Build info: version: &apos;3.4.0&apos;, revision: &apos;unknown&apos;, time: &apos;unknown&apos;
System info: host: &apos;ICT-OS-XUYENMT&apos;, ip: &apos;10.61.187.121&apos;, os.name: &apos;Windows 7&apos;, os.arch: &apos;amd64&apos;, os.version: &apos;6.1&apos;, java.version: &apos;1.8.0_112&apos;
Driver info: org.openqa.selenium.firefox.FirefoxDriver
Capabilities [{moz:profile=C:\Users\ICT-OS~1\AppData\Local\Temp\rust_mozprofile.eRO2GWDrfFQu, rotatable=false, timeouts={implicit=0.0, pageLoad=300000.0, script=30000.0}, pageLoadStrategy=normal, platform=ANY, specificationLevel=0.0, moz:accessibilityChecks=false, acceptInsecureCerts=false, browserVersion=54.0.1, platformVersion=6.1, moz:processID=4360.0, browserName=firefox, javascriptEnabled=true, platformName=windows_nt}]
Session ID: a0bc4cb1-a19d-41a1-983a-23e3538d386d
*** Element info: {Using=xpath, value=.//*[@id=&apos;field_hoTen&apos;]}
	at org.openqa.selenium.remote.http.W3CHttpResponseCodec.createException(W3CHttpResponseCodec.java:150)
	at org.openqa.selenium.remote.http.W3CHttpResponseCodec.decode(W3CHttpResponseCodec.java:115)
	at org.openqa.selenium.remote.http.W3CHttpResponseCodec.decode(W3CHttpResponseCodec.java:45)
	at org.openqa.selenium.remote.HttpCommandExecutor.execute(HttpCommandExecutor.java:164)
	at org.openqa.selenium.remote.service.DriverCommandExecutor.execute(DriverCommandExecutor.java:82)
	at org.openqa.selenium.remote.RemoteWebDriver.execute(RemoteWebDriver.java:637)
	at org.openqa.selenium.remote.RemoteWebDriver.findElement(RemoteWebDriver.java:410)
	at org.openqa.selenium.remote.RemoteWebDriver.findElementByXPath(RemoteWebDriver.java:509)
	at org.openqa.selenium.By$ByXPath.findElement(By.java:361)
	at org.openqa.selenium.remote.RemoteWebDriver.findElement(RemoteWebDriver.java:402)
	at quanlyhogiadinh.NhanKhauThemMoi.btrongdantoc(NhanKhauThemMoi.java:194)
	at quanlyhogiadinh.NhanKhauThemTest.btrongdantoc(NhanKhauThemTest.java:60)
... Removed 29 stack frames</div></td></tr></table><p class="totop"><a href="#summary">back to summary</a></p><h3 id="m1">quanlyhogiadinh.NhanKhauThemTest#btrongquoctich</h3><table class="result"><tr><th>Exception</th></tr><tr><td><div class="stacktrace">org.openqa.selenium.NoSuchElementException: Unable to locate element: .//*[@id=&apos;body&apos;]/div[1]/div/div/div/div[2]/div/div/div/div[2]/section[2]/form/div[4]/div[2]/div[1]/div[1]/div[1]/span/a
For documentation on this error, please visit: http://seleniumhq.org/exceptions/no_such_element.html
Build info: version: &apos;3.4.0&apos;, revision: &apos;unknown&apos;, time: &apos;unknown&apos;
System info: host: &apos;ICT-OS-XUYENMT&apos;, ip: &apos;10.61.187.121&apos;, os.name: &apos;Windows 7&apos;, os.arch: &apos;amd64&apos;, os.version: &apos;6.1&apos;, java.version: &apos;1.8.0_112&apos;
Driver info: org.openqa.selenium.firefox.FirefoxDriver
Capabilities [{moz:profile=C:\Users\ICT-OS~1\AppData\Local\Temp\rust_mozprofile.eRO2GWDrfFQu, rotatable=false, timeouts={implicit=0.0, pageLoad=300000.0, script=30000.0}, pageLoadStrategy=normal, platform=ANY, specificationLevel=0.0, moz:accessibilityChecks=false, acceptInsecureCerts=false, browserVersion=54.0.1, platformVersion=6.1, moz:processID=4360.0, browserName=firefox, javascriptEnabled=true, platformName=windows_nt}]
Session ID: a0bc4cb1-a19d-41a1-983a-23e3538d386d
*** Element info: {Using=xpath, value=.//*[@id=&apos;body&apos;]/div[1]/div/div/div/div[2]/div/div/div/div[2]/section[2]/form/div[4]/div[2]/div[1]/div[1]/div[1]/span/a}
	at org.openqa.selenium.remote.http.W3CHttpResponseCodec.createException(W3CHttpResponseCodec.java:150)
	at org.openqa.selenium.remote.http.W3CHttpResponseCodec.decode(W3CHttpResponseCodec.java:115)
	at org.openqa.selenium.remote.http.W3CHttpResponseCodec.decode(W3CHttpResponseCodec.java:45)
	at org.openqa.selenium.remote.HttpCommandExecutor.execute(HttpCommandExecutor.java:164)
	at org.openqa.selenium.remote.service.DriverCommandExecutor.execute(DriverCommandExecutor.java:82)
	at org.openqa.selenium.remote.RemoteWebDriver.execute(RemoteWebDriver.java:637)
	at org.openqa.selenium.remote.RemoteWebDriver.findElement(RemoteWebDriver.java:410)
	at org.openqa.selenium.remote.RemoteWebDriver.findElementByXPath(RemoteWebDriver.java:509)
	at org.openqa.selenium.By$ByXPath.findElement(By.java:361)
	at org.openqa.selenium.remote.RemoteWebDriver.findElement(RemoteWebDriver.java:402)
	at quanlyhogiadinh.NhanKhauThemMoi.btrongquoctich(NhanKhauThemMoi.java:219)
	at quanlyhogiadinh.NhanKhauThemTest.btrongquoctich(NhanKhauThemTest.java:64)
... Removed 29 stack frames</div></td></tr></table><p class="totop"><a href="#summary">back to summary</a></p><h3 id="m2">quanlyhogiadinh.NhanKhauThemTest#btrongtongiao</h3><table class="result"><tr><th>Exception</th></tr><tr><td><div class="stacktrace">org.openqa.selenium.NoSuchElementException: Unable to locate element: .//*[@id=&apos;body&apos;]/div[1]/div/div/div/div[2]/div/div/div/div[2]/section[2]/form/div[4]/div[2]/div[2]/div[1]/div[1]/span/a
For documentation on this error, please visit: http://seleniumhq.org/exceptions/no_such_element.html
Build info: version: &apos;3.4.0&apos;, revision: &apos;unknown&apos;, time: &apos;unknown&apos;
System info: host: &apos;ICT-OS-XUYENMT&apos;, ip: &apos;10.61.187.121&apos;, os.name: &apos;Windows 7&apos;, os.arch: &apos;amd64&apos;, os.version: &apos;6.1&apos;, java.version: &apos;1.8.0_112&apos;
Driver info: org.openqa.selenium.firefox.FirefoxDriver
Capabilities [{moz:profile=C:\Users\ICT-OS~1\AppData\Local\Temp\rust_mozprofile.eRO2GWDrfFQu, rotatable=false, timeouts={implicit=0.0, pageLoad=300000.0, script=30000.0}, pageLoadStrategy=normal, platform=ANY, specificationLevel=0.0, moz:accessibilityChecks=false, acceptInsecureCerts=false, browserVersion=54.0.1, platformVersion=6.1, moz:processID=4360.0, browserName=firefox, javascriptEnabled=true, platformName=windows_nt}]
Session ID: a0bc4cb1-a19d-41a1-983a-23e3538d386d
*** Element info: {Using=xpath, value=.//*[@id=&apos;body&apos;]/div[1]/div/div/div/div[2]/div/div/div/div[2]/section[2]/form/div[4]/div[2]/div[2]/div[1]/div[1]/span/a}
	at org.openqa.selenium.remote.http.W3CHttpResponseCodec.createException(W3CHttpResponseCodec.java:150)
	at org.openqa.selenium.remote.http.W3CHttpResponseCodec.decode(W3CHttpResponseCodec.java:115)
	at org.openqa.selenium.remote.http.W3CHttpResponseCodec.decode(W3CHttpResponseCodec.java:45)
	at org.openqa.selenium.remote.HttpCommandExecutor.execute(HttpCommandExecutor.java:164)
	at org.openqa.selenium.remote.service.DriverCommandExecutor.execute(DriverCommandExecutor.java:82)
	at org.openqa.selenium.remote.RemoteWebDriver.execute(RemoteWebDriver.java:637)
	at org.openqa.selenium.remote.RemoteWebDriver.findElement(RemoteWebDriver.java:410)
	at org.openqa.selenium.remote.RemoteWebDriver.findElementByXPath(RemoteWebDriver.java:509)
	at org.openqa.selenium.By$ByXPath.findElement(By.java:361)
	at org.openqa.selenium.remote.RemoteWebDriver.findElement(RemoteWebDriver.java:402)
	at quanlyhogiadinh.NhanKhauThemMoi.btrongtongiao(NhanKhauThemMoi.java:230)
	at quanlyhogiadinh.NhanKhauThemTest.btrongtongiao(NhanKhauThemTest.java:68)
... Removed 29 stack frames</div></td></tr></table><p class="totop"><a href="#summary">back to summary</a></p><h3 id="m3">quanlyhogiadinh.NhanKhauThemTest#khongchondiachihientilathuongchu</h3><table class="result"><tr><th>Exception</th></tr><tr><td><div class="stacktrace">org.openqa.selenium.NoSuchElementException: Unable to locate element: .//*[@id=&apos;body&apos;]/div[1]/div/div/div/div[2]/div/div/div/div[2]/section[2]/form/div[4]/div[1]/div[1]/div[1]/span
For documentation on this error, please visit: http://seleniumhq.org/exceptions/no_such_element.html
Build info: version: &apos;3.4.0&apos;, revision: &apos;unknown&apos;, time: &apos;unknown&apos;
System info: host: &apos;ICT-OS-XUYENMT&apos;, ip: &apos;10.61.187.121&apos;, os.name: &apos;Windows 7&apos;, os.arch: &apos;amd64&apos;, os.version: &apos;6.1&apos;, java.version: &apos;1.8.0_112&apos;
Driver info: org.openqa.selenium.firefox.FirefoxDriver
Capabilities [{moz:profile=C:\Users\ICT-OS~1\AppData\Local\Temp\rust_mozprofile.eRO2GWDrfFQu, rotatable=false, timeouts={implicit=0.0, pageLoad=300000.0, script=30000.0}, pageLoadStrategy=normal, platform=ANY, specificationLevel=0.0, moz:accessibilityChecks=false, acceptInsecureCerts=false, browserVersion=54.0.1, platformVersion=6.1, moz:processID=4360.0, browserName=firefox, javascriptEnabled=true, platformName=windows_nt}]
Session ID: a0bc4cb1-a19d-41a1-983a-23e3538d386d
*** Element info: {Using=xpath, value=.//*[@id=&apos;body&apos;]/div[1]/div/div/div/div[2]/div/div/div/div[2]/section[2]/form/div[4]/div[1]/div[1]/div[1]/span}
	at org.openqa.selenium.remote.http.W3CHttpResponseCodec.createException(W3CHttpResponseCodec.java:150)
	at org.openqa.selenium.remote.http.W3CHttpResponseCodec.decode(W3CHttpResponseCodec.java:115)
	at org.openqa.selenium.remote.http.W3CHttpResponseCodec.decode(W3CHttpResponseCodec.java:45)
	at org.openqa.selenium.remote.HttpCommandExecutor.execute(HttpCommandExecutor.java:164)
	at org.openqa.selenium.remote.service.DriverCommandExecutor.execute(DriverCommandExecutor.java:82)
	at org.openqa.selenium.remote.RemoteWebDriver.execute(RemoteWebDriver.java:637)
	at org.openqa.selenium.remote.RemoteWebDriver.findElement(RemoteWebDriver.java:410)
	at org.openqa.selenium.remote.RemoteWebDriver.findElementByXPath(RemoteWebDriver.java:509)
	at org.openqa.selenium.By$ByXPath.findElement(By.java:361)
	at org.openqa.selenium.remote.RemoteWebDriver.findElement(RemoteWebDriver.java:402)
	at quanlyhogiadinh.NhanKhauThemMoi.khongchondiachihientilathuongchu(NhanKhauThemMoi.java:240)
	at quanlyhogiadinh.NhanKhauThemTest.khongchondiachihientilathuongchu(NhanKhauThemTest.java:72)
... Removed 29 stack frames</div></td></tr></table><p class="totop"><a href="#summary">back to summary</a></p><h3 id="m4">quanlyhogiadinh.NhanKhauThemTest#ktrabotrongtruongbatbuoc</h3><table class="result"><tr><th>Exception</th></tr><tr><td><div class="stacktrace">org.openqa.selenium.NoSuchElementException: Unable to locate element: .//*[@id=&apos;field_hoTen&apos;]
For documentation on this error, please visit: http://seleniumhq.org/exceptions/no_such_element.html
Build info: version: &apos;3.4.0&apos;, revision: &apos;unknown&apos;, time: &apos;unknown&apos;
System info: host: &apos;ICT-OS-XUYENMT&apos;, ip: &apos;10.61.187.121&apos;, os.name: &apos;Windows 7&apos;, os.arch: &apos;amd64&apos;, os.version: &apos;6.1&apos;, java.version: &apos;1.8.0_112&apos;
Driver info: org.openqa.selenium.firefox.FirefoxDriver
Capabilities [{moz:profile=C:\Users\ICT-OS~1\AppData\Local\Temp\rust_mozprofile.eRO2GWDrfFQu, rotatable=false, timeouts={implicit=0.0, pageLoad=300000.0, script=30000.0}, pageLoadStrategy=normal, platform=ANY, specificationLevel=0.0, moz:accessibilityChecks=false, acceptInsecureCerts=false, browserVersion=54.0.1, platformVersion=6.1, moz:processID=4360.0, browserName=firefox, javascriptEnabled=true, platformName=windows_nt}]
Session ID: a0bc4cb1-a19d-41a1-983a-23e3538d386d
*** Element info: {Using=xpath, value=.//*[@id=&apos;field_hoTen&apos;]}
	at org.openqa.selenium.remote.http.W3CHttpResponseCodec.createException(W3CHttpResponseCodec.java:150)
	at org.openqa.selenium.remote.http.W3CHttpResponseCodec.decode(W3CHttpResponseCodec.java:115)
	at org.openqa.selenium.remote.http.W3CHttpResponseCodec.decode(W3CHttpResponseCodec.java:45)
	at org.openqa.selenium.remote.HttpCommandExecutor.execute(HttpCommandExecutor.java:164)
	at org.openqa.selenium.remote.service.DriverCommandExecutor.execute(DriverCommandExecutor.java:82)
	at org.openqa.selenium.remote.RemoteWebDriver.execute(RemoteWebDriver.java:637)
	at org.openqa.selenium.remote.RemoteWebDriver.findElement(RemoteWebDriver.java:410)
	at org.openqa.selenium.remote.RemoteWebDriver.findElementByXPath(RemoteWebDriver.java:509)
	at org.openqa.selenium.By$ByXPath.findElement(By.java:361)
	at org.openqa.selenium.remote.RemoteWebDriver.findElement(RemoteWebDriver.java:402)
	at quanlyhogiadinh.NhanKhauThemMoi.ktrabotrongtruongbatbuoc(NhanKhauThemMoi.java:42)
	at quanlyhogiadinh.NhanKhauThemTest.ktrabotrongtruongbatbuoc(NhanKhauThemTest.java:36)
... Removed 29 stack frames</div></td></tr></table><p class="totop"><a href="#summary">back to summary</a></p><h3 id="m5">quanlyhogiadinh.NhanKhauThemTest#ktrabuttondong</h3><table class="result"><tr><th>Exception</th></tr><tr><td><div class="stacktrace">org.openqa.selenium.NoSuchElementException: Unable to locate element: .//*[@id=&apos;body&apos;]/div[1]/div[4]/div[1]/div/ul/li[3]/a
For documentation on this error, please visit: http://seleniumhq.org/exceptions/no_such_element.html
Build info: version: &apos;3.4.0&apos;, revision: &apos;unknown&apos;, time: &apos;unknown&apos;
System info: host: &apos;ICT-OS-XUYENMT&apos;, ip: &apos;10.61.187.121&apos;, os.name: &apos;Windows 7&apos;, os.arch: &apos;amd64&apos;, os.version: &apos;6.1&apos;, java.version: &apos;1.8.0_112&apos;
Driver info: org.openqa.selenium.firefox.FirefoxDriver
Capabilities [{moz:profile=C:\Users\ICT-OS~1\AppData\Local\Temp\rust_mozprofile.eRO2GWDrfFQu, rotatable=false, timeouts={implicit=0.0, pageLoad=300000.0, script=30000.0}, pageLoadStrategy=normal, platform=ANY, specificationLevel=0.0, moz:accessibilityChecks=false, acceptInsecureCerts=false, browserVersion=54.0.1, platformVersion=6.1, moz:processID=4360.0, browserName=firefox, javascriptEnabled=true, platformName=windows_nt}]
Session ID: a0bc4cb1-a19d-41a1-983a-23e3538d386d
*** Element info: {Using=xpath, value=.//*[@id=&apos;body&apos;]/div[1]/div[4]/div[1]/div/ul/li[3]/a}
	at org.openqa.selenium.remote.http.W3CHttpResponseCodec.createException(W3CHttpResponseCodec.java:150)
	at org.openqa.selenium.remote.http.W3CHttpResponseCodec.decode(W3CHttpResponseCodec.java:115)
	at org.openqa.selenium.remote.http.W3CHttpResponseCodec.decode(W3CHttpResponseCodec.java:45)
	at org.openqa.selenium.remote.HttpCommandExecutor.execute(HttpCommandExecutor.java:164)
	at org.openqa.selenium.remote.service.DriverCommandExecutor.execute(DriverCommandExecutor.java:82)
	at org.openqa.selenium.remote.RemoteWebDriver.execute(RemoteWebDriver.java:637)
	at org.openqa.selenium.remote.RemoteWebDriver.findElement(RemoteWebDriver.java:410)
	at org.openqa.selenium.remote.RemoteWebDriver.findElementByXPath(RemoteWebDriver.java:509)
	at org.openqa.selenium.By$ByXPath.findElement(By.java:361)
	at org.openqa.selenium.remote.RemoteWebDriver.findElement(RemoteWebDriver.java:402)
	at quanlyhogiadinh.NhanKhauThemMoi.ktrabuttondong(NhanKhauThemMoi.java:15)
	at quanlyhogiadinh.NhanKhauThemTest.ktrabuttondong(NhanKhauThemTest.java:28)
... Removed 29 stack frames</div></td></tr></table><p class="totop"><a href="#summary">back to summary</a></p><h3 id="m6">quanlyhogiadinh.NhanKhauThemTest#ktranhapthieuthontinbatbuoc</h3><table class="result"><tr><th>Exception</th></tr><tr><td><div class="stacktrace">org.openqa.selenium.NoSuchElementException: Unable to locate element: .//*[@id=&apos;body&apos;]/div[1]/div[4]/div[2]/div/div/div[3]/div[2]/div[2]/button[1]
For documentation on this error, please visit: http://seleniumhq.org/exceptions/no_such_element.html
Build info: version: &apos;3.4.0&apos;, revision: &apos;unknown&apos;, time: &apos;unknown&apos;
System info: host: &apos;ICT-OS-XUYENMT&apos;, ip: &apos;10.61.187.121&apos;, os.name: &apos;Windows 7&apos;, os.arch: &apos;amd64&apos;, os.version: &apos;6.1&apos;, java.version: &apos;1.8.0_112&apos;
Driver info: org.openqa.selenium.firefox.FirefoxDriver
Capabilities [{moz:profile=C:\Users\ICT-OS~1\AppData\Local\Temp\rust_mozprofile.eRO2GWDrfFQu, rotatable=false, timeouts={implicit=0.0, pageLoad=300000.0, script=30000.0}, pageLoadStrategy=normal, platform=ANY, specificationLevel=0.0, moz:accessibilityChecks=false, acceptInsecureCerts=false, browserVersion=54.0.1, platformVersion=6.1, moz:processID=4360.0, browserName=firefox, javascriptEnabled=true, platformName=windows_nt}]
Session ID: a0bc4cb1-a19d-41a1-983a-23e3538d386d
*** Element info: {Using=xpath, value=.//*[@id=&apos;body&apos;]/div[1]/div[4]/div[2]/div/div/div[3]/div[2]/div[2]/button[1]}
	at org.openqa.selenium.remote.http.W3CHttpResponseCodec.createException(W3CHttpResponseCodec.java:150)
	at org.openqa.selenium.remote.http.W3CHttpResponseCodec.decode(W3CHttpResponseCodec.java:115)
	at org.openqa.selenium.remote.http.W3CHttpResponseCodec.decode(W3CHttpResponseCodec.java:45)
	at org.openqa.selenium.remote.HttpCommandExecutor.execute(HttpCommandExecutor.java:164)
	at org.openqa.selenium.remote.service.DriverCommandExecutor.execute(DriverCommandExecutor.java:82)
	at org.openqa.selenium.remote.RemoteWebDriver.execute(RemoteWebDriver.java:637)
	at org.openqa.selenium.remote.RemoteWebDriver.findElement(RemoteWebDriver.java:410)
	at org.openqa.selenium.remote.RemoteWebDriver.findElementByXPath(RemoteWebDriver.java:509)
	at org.openqa.selenium.By$ByXPath.findElement(By.java:361)
	at org.openqa.selenium.remote.RemoteWebDriver.findElement(RemoteWebDriver.java:402)
	at quanlyhogiadinh.NhanKhauThemMoi.ktranhapthieuthongtinbatbuoc(NhanKhauThemMoi.java:31)
	at quanlyhogiadinh.NhanKhauThemTest.ktranhapthieuthontinbatbuoc(NhanKhauThemTest.java:32)
... Removed 29 stack frames</div></td></tr></table><p class="totop"><a href="#summary">back to summary</a></p><h3 id="m7">quanlyhogiadinh.NhanKhauThemTest#nhankhaudangduocxulylambome</h3><table class="result"><tr><th>Exception</th></tr><tr><td><div class="stacktrace">org.openqa.selenium.NoSuchElementException: Unable to locate element: .//*[@id=&apos;body&apos;]/div[1]/div/div/div/div[2]/div/div/div/div/section/form/div[13]/div[2]/div/div/span/button[1]
For documentation on this error, please visit: http://seleniumhq.org/exceptions/no_such_element.html
Build info: version: &apos;3.4.0&apos;, revision: &apos;unknown&apos;, time: &apos;unknown&apos;
System info: host: &apos;ICT-OS-XUYENMT&apos;, ip: &apos;10.61.187.121&apos;, os.name: &apos;Windows 7&apos;, os.arch: &apos;amd64&apos;, os.version: &apos;6.1&apos;, java.version: &apos;1.8.0_112&apos;
Driver info: org.openqa.selenium.firefox.FirefoxDriver
Capabilities [{moz:profile=C:\Users\ICT-OS~1\AppData\Local\Temp\rust_mozprofile.eRO2GWDrfFQu, rotatable=false, timeouts={implicit=0.0, pageLoad=300000.0, script=30000.0}, pageLoadStrategy=normal, platform=ANY, specificationLevel=0.0, moz:accessibilityChecks=false, acceptInsecureCerts=false, browserVersion=54.0.1, platformVersion=6.1, moz:processID=4360.0, browserName=firefox, javascriptEnabled=true, platformName=windows_nt}]
Session ID: a0bc4cb1-a19d-41a1-983a-23e3538d386d
*** Element info: {Using=xpath, value=.//*[@id=&apos;body&apos;]/div[1]/div/div/div/div[2]/div/div/div/div/section/form/div[13]/div[2]/div/div/span/button[1]}
	at org.openqa.selenium.remote.http.W3CHttpResponseCodec.createException(W3CHttpResponseCodec.java:150)
	at org.openqa.selenium.remote.http.W3CHttpResponseCodec.decode(W3CHttpResponseCodec.java:115)
	at org.openqa.selenium.remote.http.W3CHttpResponseCodec.decode(W3CHttpResponseCodec.java:45)
	at org.openqa.selenium.remote.HttpCommandExecutor.execute(HttpCommandExecutor.java:164)
	at org.openqa.selenium.remote.service.DriverCommandExecutor.execute(DriverCommandExecutor.java:82)
	at org.openqa.selenium.remote.RemoteWebDriver.execute(RemoteWebDriver.java:637)
	at org.openqa.selenium.remote.RemoteWebDriver.findElement(RemoteWebDriver.java:410)
	at org.openqa.selenium.remote.RemoteWebDriver.findElementByXPath(RemoteWebDriver.java:509)
	at org.openqa.selenium.By$ByXPath.findElement(By.java:361)
	at org.openqa.selenium.remote.RemoteWebDriver.findElement(RemoteWebDriver.java:402)
	at quanlyhogiadinh.NhanKhauThemMoi.nhankhaudangduocxulylambome(NhanKhauThemMoi.java:347)
	at quanlyhogiadinh.NhanKhauThemTest.nhankhaudangduocxulylambome(NhanKhauThemTest.java:88)
... Removed 29 stack frames</div></td></tr></table><p class="totop"><a href="#summary">back to summary</a></p><h3 id="m8">quanlyhogiadinh.NhanKhauThemTest#nhapsaicactruongkhongbatbuoc</h3><table class="result"><tr><th>Exception</th></tr><tr><td><div class="stacktrace">org.openqa.selenium.NoSuchElementException: Unable to locate element: .//*[@id=&apos;body&apos;]/div[1]/div[4]/div[2]/div/div/div[3]/div[2]/div[2]/button[1]
For documentation on this error, please visit: http://seleniumhq.org/exceptions/no_such_element.html
Build info: version: &apos;3.4.0&apos;, revision: &apos;unknown&apos;, time: &apos;unknown&apos;
System info: host: &apos;ICT-OS-XUYENMT&apos;, ip: &apos;10.61.187.121&apos;, os.name: &apos;Windows 7&apos;, os.arch: &apos;amd64&apos;, os.version: &apos;6.1&apos;, java.version: &apos;1.8.0_112&apos;
Driver info: org.openqa.selenium.firefox.FirefoxDriver
Capabilities [{moz:profile=C:\Users\ICT-OS~1\AppData\Local\Temp\rust_mozprofile.eRO2GWDrfFQu, rotatable=false, timeouts={implicit=0.0, pageLoad=300000.0, script=30000.0}, pageLoadStrategy=normal, platform=ANY, specificationLevel=0.0, moz:accessibilityChecks=false, acceptInsecureCerts=false, browserVersion=54.0.1, platformVersion=6.1, moz:processID=4360.0, browserName=firefox, javascriptEnabled=true, platformName=windows_nt}]
Session ID: a0bc4cb1-a19d-41a1-983a-23e3538d386d
*** Element info: {Using=xpath, value=.//*[@id=&apos;body&apos;]/div[1]/div[4]/div[2]/div/div/div[3]/div[2]/div[2]/button[1]}
	at org.openqa.selenium.remote.http.W3CHttpResponseCodec.createException(W3CHttpResponseCodec.java:150)
	at org.openqa.selenium.remote.http.W3CHttpResponseCodec.decode(W3CHttpResponseCodec.java:115)
	at org.openqa.selenium.remote.http.W3CHttpResponseCodec.decode(W3CHttpResponseCodec.java:45)
	at org.openqa.selenium.remote.HttpCommandExecutor.execute(HttpCommandExecutor.java:164)
	at org.openqa.selenium.remote.service.DriverCommandExecutor.execute(DriverCommandExecutor.java:82)
	at org.openqa.selenium.remote.RemoteWebDriver.execute(RemoteWebDriver.java:637)
	at org.openqa.selenium.remote.RemoteWebDriver.findElement(RemoteWebDriver.java:410)
	at org.openqa.selenium.remote.RemoteWebDriver.findElementByXPath(RemoteWebDriver.java:509)
	at org.openqa.selenium.By$ByXPath.findElement(By.java:361)
	at org.openqa.selenium.remote.RemoteWebDriver.findElement(RemoteWebDriver.java:402)
	at quanlyhogiadinh.NhanKhauThemMoi.nhapsaicactruongkhongbatbuoc(NhanKhauThemMoi.java:87)
	at quanlyhogiadinh.NhanKhauThemTest.nhapsaicactruongkhongbatbuoc(NhanKhauThemTest.java:40)
... Removed 29 stack frames</div></td></tr></table><p class="totop"><a href="#summary">back to summary</a></p><h3 id="m9">quanlyhogiadinh.NhanKhauThemTest#suathongtinnhankhau</h3><table class="result"><tr><th>Exception</th></tr><tr><td><div class="stacktrace">org.openqa.selenium.NoSuchElementException: Unable to locate element: .//*[@id=&apos;body&apos;]/div[1]/div[4]/div[2]/div/div/div[3]/div[3]/div/div/table/tbody/tr/td[8]/a[2]/i
For documentation on this error, please visit: http://seleniumhq.org/exceptions/no_such_element.html
Build info: version: &apos;3.4.0&apos;, revision: &apos;unknown&apos;, time: &apos;unknown&apos;
System info: host: &apos;ICT-OS-XUYENMT&apos;, ip: &apos;10.61.187.121&apos;, os.name: &apos;Windows 7&apos;, os.arch: &apos;amd64&apos;, os.version: &apos;6.1&apos;, java.version: &apos;1.8.0_112&apos;
Driver info: org.openqa.selenium.firefox.FirefoxDriver
Capabilities [{moz:profile=C:\Users\ICT-OS~1\AppData\Local\Temp\rust_mozprofile.eRO2GWDrfFQu, rotatable=false, timeouts={implicit=0.0, pageLoad=300000.0, script=30000.0}, pageLoadStrategy=normal, platform=ANY, specificationLevel=0.0, moz:accessibilityChecks=false, acceptInsecureCerts=false, browserVersion=54.0.1, platformVersion=6.1, moz:processID=4360.0, browserName=firefox, javascriptEnabled=true, platformName=windows_nt}]
Session ID: a0bc4cb1-a19d-41a1-983a-23e3538d386d
*** Element info: {Using=xpath, value=.//*[@id=&apos;body&apos;]/div[1]/div[4]/div[2]/div/div/div[3]/div[3]/div/div/table/tbody/tr/td[8]/a[2]/i}
	at org.openqa.selenium.remote.http.W3CHttpResponseCodec.createException(W3CHttpResponseCodec.java:150)
	at org.openqa.selenium.remote.http.W3CHttpResponseCodec.decode(W3CHttpResponseCodec.java:115)
	at org.openqa.selenium.remote.http.W3CHttpResponseCodec.decode(W3CHttpResponseCodec.java:45)
	at org.openqa.selenium.remote.HttpCommandExecutor.execute(HttpCommandExecutor.java:164)
	at org.openqa.selenium.remote.service.DriverCommandExecutor.execute(DriverCommandExecutor.java:82)
	at org.openqa.selenium.remote.RemoteWebDriver.execute(RemoteWebDriver.java:637)
	at org.openqa.selenium.remote.RemoteWebDriver.findElement(RemoteWebDriver.java:410)
	at org.openqa.selenium.remote.RemoteWebDriver.findElementByXPath(RemoteWebDriver.java:509)
	at org.openqa.selenium.By$ByXPath.findElement(By.java:361)
	at org.openqa.selenium.remote.RemoteWebDriver.findElement(RemoteWebDriver.java:402)
	at quanlyhogiadinh.NhanKhauThemMoi.suathongtinnhankhau(NhanKhauThemMoi.java:336)
	at quanlyhogiadinh.NhanKhauThemTest.suathongtinnhankhau(NhanKhauThemTest.java:84)
... Removed 29 stack frames</div></td></tr></table><p class="totop"><a href="#summary">back to summary</a></p><h3 id="m10">quanlyhogiadinh.NhanKhauThemTest#suathongtinthanhcong</h3><table class="result"><tr><th>Exception</th></tr><tr><td><div class="stacktrace">org.openqa.selenium.NoSuchElementException: Unable to locate element: .//*[@id=&apos;body&apos;]/div[1]/div/div/div/div[2]/div/div/div/div/section/form/div[18]/button[1]
For documentation on this error, please visit: http://seleniumhq.org/exceptions/no_such_element.html
Build info: version: &apos;3.4.0&apos;, revision: &apos;unknown&apos;, time: &apos;unknown&apos;
System info: host: &apos;ICT-OS-XUYENMT&apos;, ip: &apos;10.61.187.121&apos;, os.name: &apos;Windows 7&apos;, os.arch: &apos;amd64&apos;, os.version: &apos;6.1&apos;, java.version: &apos;1.8.0_112&apos;
Driver info: org.openqa.selenium.firefox.FirefoxDriver
Capabilities [{moz:profile=C:\Users\ICT-OS~1\AppData\Local\Temp\rust_mozprofile.eRO2GWDrfFQu, rotatable=false, timeouts={implicit=0.0, pageLoad=300000.0, script=30000.0}, pageLoadStrategy=normal, platform=ANY, specificationLevel=0.0, moz:accessibilityChecks=false, acceptInsecureCerts=false, browserVersion=54.0.1, platformVersion=6.1, moz:processID=4360.0, browserName=firefox, javascriptEnabled=true, platformName=windows_nt}]
Session ID: a0bc4cb1-a19d-41a1-983a-23e3538d386d
*** Element info: {Using=xpath, value=.//*[@id=&apos;body&apos;]/div[1]/div/div/div/div[2]/div/div/div/div/section/form/div[18]/button[1]}
	at org.openqa.selenium.remote.http.W3CHttpResponseCodec.createException(W3CHttpResponseCodec.java:150)
	at org.openqa.selenium.remote.http.W3CHttpResponseCodec.decode(W3CHttpResponseCodec.java:115)
	at org.openqa.selenium.remote.http.W3CHttpResponseCodec.decode(W3CHttpResponseCodec.java:45)
	at org.openqa.selenium.remote.HttpCommandExecutor.execute(HttpCommandExecutor.java:164)
	at org.openqa.selenium.remote.service.DriverCommandExecutor.execute(DriverCommandExecutor.java:82)
	at org.openqa.selenium.remote.RemoteWebDriver.execute(RemoteWebDriver.java:637)
	at org.openqa.selenium.remote.RemoteWebDriver.findElement(RemoteWebDriver.java:410)
	at org.openqa.selenium.remote.RemoteWebDriver.findElementByXPath(RemoteWebDriver.java:509)
	at org.openqa.selenium.By$ByXPath.findElement(By.java:361)
	at org.openqa.selenium.remote.RemoteWebDriver.findElement(RemoteWebDriver.java:402)
	at quanlyhogiadinh.NhanKhauThemMoi.suathongtinthanhcong(NhanKhauThemMoi.java:366)
	at quanlyhogiadinh.NhanKhauThemTest.suathongtinthanhcong(NhanKhauThemTest.java:92)
... Removed 28 stack frames</div></td></tr></table><p class="totop"><a href="#summary">back to summary</a></p><h3 id="m11">quanlyhogiadinh.NhanKhauThemTest#themNKNgaySinhNhoHonHoacBangNgayHientaiVaLonHonNam1900th2</h3><table class="result"><tr><th>Exception</th></tr><tr><td><div class="stacktrace">org.openqa.selenium.NoSuchElementException: Unable to locate element: .//*[@id=&apos;field_hoTen&apos;]
For documentation on this error, please visit: http://seleniumhq.org/exceptions/no_such_element.html
Build info: version: &apos;3.4.0&apos;, revision: &apos;unknown&apos;, time: &apos;unknown&apos;
System info: host: &apos;ICT-OS-XUYENMT&apos;, ip: &apos;10.61.187.121&apos;, os.name: &apos;Windows 7&apos;, os.arch: &apos;amd64&apos;, os.version: &apos;6.1&apos;, java.version: &apos;1.8.0_112&apos;
Driver info: org.openqa.selenium.firefox.FirefoxDriver
Capabilities [{moz:profile=C:\Users\ICT-OS~1\AppData\Local\Temp\rust_mozprofile.eRO2GWDrfFQu, rotatable=false, timeouts={implicit=0.0, pageLoad=300000.0, script=30000.0}, pageLoadStrategy=normal, platform=ANY, specificationLevel=0.0, moz:accessibilityChecks=false, acceptInsecureCerts=false, browserVersion=54.0.1, platformVersion=6.1, moz:processID=4360.0, browserName=firefox, javascriptEnabled=true, platformName=windows_nt}]
Session ID: a0bc4cb1-a19d-41a1-983a-23e3538d386d
*** Element info: {Using=xpath, value=.//*[@id=&apos;field_hoTen&apos;]}
	at org.openqa.selenium.remote.http.W3CHttpResponseCodec.createException(W3CHttpResponseCodec.java:150)
	at org.openqa.selenium.remote.http.W3CHttpResponseCodec.decode(W3CHttpResponseCodec.java:115)
	at org.openqa.selenium.remote.http.W3CHttpResponseCodec.decode(W3CHttpResponseCodec.java:45)
	at org.openqa.selenium.remote.HttpCommandExecutor.execute(HttpCommandExecutor.java:164)
	at org.openqa.selenium.remote.service.DriverCommandExecutor.execute(DriverCommandExecutor.java:82)
	at org.openqa.selenium.remote.RemoteWebDriver.execute(RemoteWebDriver.java:637)
	at org.openqa.selenium.remote.RemoteWebDriver.findElement(RemoteWebDriver.java:410)
	at org.openqa.selenium.remote.RemoteWebDriver.findElementByXPath(RemoteWebDriver.java:509)
	at org.openqa.selenium.By$ByXPath.findElement(By.java:361)
	at org.openqa.selenium.remote.RemoteWebDriver.findElement(RemoteWebDriver.java:402)
	at quanlyhogiadinh.NhanKhauThemMoi.themNKNgaySinhNhoHonHoacBangNgayHientaiVaLonHonNam1900th2(NhanKhauThemMoi.java:140)
	at quanlyhogiadinh.NhanKhauThemTest.themNKNgaySinhNhoHonHoacBangNgayHientaiVaLonHonNam1900th2(NhanKhauThemTest.java:48)
... Removed 29 stack frames</div></td></tr></table><p class="totop"><a href="#summary">back to summary</a></p><h3 id="m12">quanlyhogiadinh.NhanKhauThemTest#themNKNhapMoiQuanHeVoiNguoiGiamHo</h3><table class="result"><tr><th>Exception</th></tr><tr><td><div class="stacktrace">org.openqa.selenium.NoSuchElementException: Unable to locate element: .//*[@id=&apos;field_hoTen&apos;]
For documentation on this error, please visit: http://seleniumhq.org/exceptions/no_such_element.html
Build info: version: &apos;3.4.0&apos;, revision: &apos;unknown&apos;, time: &apos;unknown&apos;
System info: host: &apos;ICT-OS-XUYENMT&apos;, ip: &apos;10.61.187.121&apos;, os.name: &apos;Windows 7&apos;, os.arch: &apos;amd64&apos;, os.version: &apos;6.1&apos;, java.version: &apos;1.8.0_112&apos;
Driver info: org.openqa.selenium.firefox.FirefoxDriver
Capabilities [{moz:profile=C:\Users\ICT-OS~1\AppData\Local\Temp\rust_mozprofile.eRO2GWDrfFQu, rotatable=false, timeouts={implicit=0.0, pageLoad=300000.0, script=30000.0}, pageLoadStrategy=normal, platform=ANY, specificationLevel=0.0, moz:accessibilityChecks=false, acceptInsecureCerts=false, browserVersion=54.0.1, platformVersion=6.1, moz:processID=4360.0, browserName=firefox, javascriptEnabled=true, platformName=windows_nt}]
Session ID: a0bc4cb1-a19d-41a1-983a-23e3538d386d
*** Element info: {Using=xpath, value=.//*[@id=&apos;field_hoTen&apos;]}
	at org.openqa.selenium.remote.http.W3CHttpResponseCodec.createException(W3CHttpResponseCodec.java:150)
	at org.openqa.selenium.remote.http.W3CHttpResponseCodec.decode(W3CHttpResponseCodec.java:115)
	at org.openqa.selenium.remote.http.W3CHttpResponseCodec.decode(W3CHttpResponseCodec.java:45)
	at org.openqa.selenium.remote.HttpCommandExecutor.execute(HttpCommandExecutor.java:164)
	at org.openqa.selenium.remote.service.DriverCommandExecutor.execute(DriverCommandExecutor.java:82)
	at org.openqa.selenium.remote.RemoteWebDriver.execute(RemoteWebDriver.java:637)
	at org.openqa.selenium.remote.RemoteWebDriver.findElement(RemoteWebDriver.java:410)
	at org.openqa.selenium.remote.RemoteWebDriver.findElementByXPath(RemoteWebDriver.java:509)
	at org.openqa.selenium.By$ByXPath.findElement(By.java:361)
	at org.openqa.selenium.remote.RemoteWebDriver.findElement(RemoteWebDriver.java:402)
	at quanlyhogiadinh.NhanKhauThemMoi.themNKNhapMoiQuanHeVoiNguoiGiamHo(NhanKhauThemMoi.java:175)
	at quanlyhogiadinh.NhanKhauThemTest.themNKNhapMoiQuanHeVoiNguoiGiamHo(NhanKhauThemTest.java:56)
... Removed 29 stack frames</div></td></tr></table><p class="totop"><a href="#summary">back to summary</a></p><h3 id="m13">quanlyhogiadinh.NhanKhauThemTest#themNKTreEmDuoi1TuoiNhapTenNguoiGiamHo</h3><table class="result"><tr><th>Exception</th></tr><tr><td><div class="stacktrace">org.openqa.selenium.NoSuchElementException: Unable to locate element: .//*[@id=&apos;field_hoTen&apos;]
For documentation on this error, please visit: http://seleniumhq.org/exceptions/no_such_element.html
Build info: version: &apos;3.4.0&apos;, revision: &apos;unknown&apos;, time: &apos;unknown&apos;
System info: host: &apos;ICT-OS-XUYENMT&apos;, ip: &apos;10.61.187.121&apos;, os.name: &apos;Windows 7&apos;, os.arch: &apos;amd64&apos;, os.version: &apos;6.1&apos;, java.version: &apos;1.8.0_112&apos;
Driver info: org.openqa.selenium.firefox.FirefoxDriver
Capabilities [{moz:profile=C:\Users\ICT-OS~1\AppData\Local\Temp\rust_mozprofile.eRO2GWDrfFQu, rotatable=false, timeouts={implicit=0.0, pageLoad=300000.0, script=30000.0}, pageLoadStrategy=normal, platform=ANY, specificationLevel=0.0, moz:accessibilityChecks=false, acceptInsecureCerts=false, browserVersion=54.0.1, platformVersion=6.1, moz:processID=4360.0, browserName=firefox, javascriptEnabled=true, platformName=windows_nt}]
Session ID: a0bc4cb1-a19d-41a1-983a-23e3538d386d
*** Element info: {Using=xpath, value=.//*[@id=&apos;field_hoTen&apos;]}
	at org.openqa.selenium.remote.http.W3CHttpResponseCodec.createException(W3CHttpResponseCodec.java:150)
	at org.openqa.selenium.remote.http.W3CHttpResponseCodec.decode(W3CHttpResponseCodec.java:115)
	at org.openqa.selenium.remote.http.W3CHttpResponseCodec.decode(W3CHttpResponseCodec.java:45)
	at org.openqa.selenium.remote.HttpCommandExecutor.execute(HttpCommandExecutor.java:164)
	at org.openqa.selenium.remote.service.DriverCommandExecutor.execute(DriverCommandExecutor.java:82)
	at org.openqa.selenium.remote.RemoteWebDriver.execute(RemoteWebDriver.java:637)
	at org.openqa.selenium.remote.RemoteWebDriver.findElement(RemoteWebDriver.java:410)
	at org.openqa.selenium.remote.RemoteWebDriver.findElementByXPath(RemoteWebDriver.java:509)
	at org.openqa.selenium.By$ByXPath.findElement(By.java:361)
	at org.openqa.selenium.remote.RemoteWebDriver.findElement(RemoteWebDriver.java:402)
	at quanlyhogiadinh.NhanKhauThemMoi.themNKTreEmDuoi1TuoiNhapTenNguoiGiamHo(NhanKhauThemMoi.java:158)
	at quanlyhogiadinh.NhanKhauThemTest.themNKTreEmDuoi1TuoiNhapTenNguoiGiamHo(NhanKhauThemTest.java:52)
... Removed 29 stack frames</div></td></tr></table><p class="totop"><a href="#summary">back to summary</a></p><h3 id="m14">quanlyhogiadinh.NhanKhauThemTest#themngaysinhsinhlonhonhoacbangnam1990</h3><table class="result"><tr><th>Exception</th></tr><tr><td><div class="stacktrace">org.openqa.selenium.NoSuchElementException: Unable to locate element: .//*[@id=&apos;body&apos;]/div[1]/div[4]/div[2]/div/div/div[3]/div[2]/div[2]/button[1]
For documentation on this error, please visit: http://seleniumhq.org/exceptions/no_such_element.html
Build info: version: &apos;3.4.0&apos;, revision: &apos;unknown&apos;, time: &apos;unknown&apos;
System info: host: &apos;ICT-OS-XUYENMT&apos;, ip: &apos;10.61.187.121&apos;, os.name: &apos;Windows 7&apos;, os.arch: &apos;amd64&apos;, os.version: &apos;6.1&apos;, java.version: &apos;1.8.0_112&apos;
Driver info: org.openqa.selenium.firefox.FirefoxDriver
Capabilities [{moz:profile=C:\Users\ICT-OS~1\AppData\Local\Temp\rust_mozprofile.eRO2GWDrfFQu, rotatable=false, timeouts={implicit=0.0, pageLoad=300000.0, script=30000.0}, pageLoadStrategy=normal, platform=ANY, specificationLevel=0.0, moz:accessibilityChecks=false, acceptInsecureCerts=false, browserVersion=54.0.1, platformVersion=6.1, moz:processID=4360.0, browserName=firefox, javascriptEnabled=true, platformName=windows_nt}]
Session ID: a0bc4cb1-a19d-41a1-983a-23e3538d386d
*** Element info: {Using=xpath, value=.//*[@id=&apos;body&apos;]/div[1]/div[4]/div[2]/div/div/div[3]/div[2]/div[2]/button[1]}
	at org.openqa.selenium.remote.http.W3CHttpResponseCodec.createException(W3CHttpResponseCodec.java:150)
	at org.openqa.selenium.remote.http.W3CHttpResponseCodec.decode(W3CHttpResponseCodec.java:115)
	at org.openqa.selenium.remote.http.W3CHttpResponseCodec.decode(W3CHttpResponseCodec.java:45)
	at org.openqa.selenium.remote.HttpCommandExecutor.execute(HttpCommandExecutor.java:164)
	at org.openqa.selenium.remote.service.DriverCommandExecutor.execute(DriverCommandExecutor.java:82)
	at org.openqa.selenium.remote.RemoteWebDriver.execute(RemoteWebDriver.java:637)
	at org.openqa.selenium.remote.RemoteWebDriver.findElement(RemoteWebDriver.java:410)
	at org.openqa.selenium.remote.RemoteWebDriver.findElementByXPath(RemoteWebDriver.java:509)
	at org.openqa.selenium.By$ByXPath.findElement(By.java:361)
	at org.openqa.selenium.remote.RemoteWebDriver.findElement(RemoteWebDriver.java:402)
	at quanlyhogiadinh.NhanKhauThemMoi.themngaysinhsinhlonhonhoacbangnam1990(NhanKhauThemMoi.java:124)
	at quanlyhogiadinh.NhanKhauThemTest.themngaysinhsinhlonhonhoacbangnam1990(NhanKhauThemTest.java:44)
... Removed 29 stack frames</div></td></tr></table><p class="totop"><a href="#summary">back to summary</a></p><h3 id="m15">quanlyhogiadinh.NhanKhauThemTest#themoithanhcong</h3><table class="result"><tr><th>Exception</th></tr><tr><td><div class="stacktrace">org.openqa.selenium.NoSuchElementException: Unable to locate element: .//*[@id=&apos;body&apos;]/div[1]/div[4]/div[2]/div/div/div[3]/div[2]/div[2]/button[1]
For documentation on this error, please visit: http://seleniumhq.org/exceptions/no_such_element.html
Build info: version: &apos;3.4.0&apos;, revision: &apos;unknown&apos;, time: &apos;unknown&apos;
System info: host: &apos;ICT-OS-XUYENMT&apos;, ip: &apos;10.61.187.121&apos;, os.name: &apos;Windows 7&apos;, os.arch: &apos;amd64&apos;, os.version: &apos;6.1&apos;, java.version: &apos;1.8.0_112&apos;
Driver info: org.openqa.selenium.firefox.FirefoxDriver
Capabilities [{moz:profile=C:\Users\ICT-OS~1\AppData\Local\Temp\rust_mozprofile.eRO2GWDrfFQu, rotatable=false, timeouts={implicit=0.0, pageLoad=300000.0, script=30000.0}, pageLoadStrategy=normal, platform=ANY, specificationLevel=0.0, moz:accessibilityChecks=false, acceptInsecureCerts=false, browserVersion=54.0.1, platformVersion=6.1, moz:processID=4360.0, browserName=firefox, javascriptEnabled=true, platformName=windows_nt}]
Session ID: a0bc4cb1-a19d-41a1-983a-23e3538d386d
*** Element info: {Using=xpath, value=.//*[@id=&apos;body&apos;]/div[1]/div[4]/div[2]/div/div/div[3]/div[2]/div[2]/button[1]}
	at org.openqa.selenium.remote.http.W3CHttpResponseCodec.createException(W3CHttpResponseCodec.java:150)
	at org.openqa.selenium.remote.http.W3CHttpResponseCodec.decode(W3CHttpResponseCodec.java:115)
	at org.openqa.selenium.remote.http.W3CHttpResponseCodec.decode(W3CHttpResponseCodec.java:45)
	at org.openqa.selenium.remote.HttpCommandExecutor.execute(HttpCommandExecutor.java:164)
	at org.openqa.selenium.remote.service.DriverCommandExecutor.execute(DriverCommandExecutor.java:82)
	at org.openqa.selenium.remote.RemoteWebDriver.execute(RemoteWebDriver.java:637)
	at org.openqa.selenium.remote.RemoteWebDriver.findElement(RemoteWebDriver.java:410)
	at org.openqa.selenium.remote.RemoteWebDriver.findElementByXPath(RemoteWebDriver.java:509)
	at org.openqa.selenium.By$ByXPath.findElement(By.java:361)
	at org.openqa.selenium.remote.RemoteWebDriver.findElement(RemoteWebDriver.java:402)
	at quanlyhogiadinh.NhanKhauThemMoi.themoithanhcong(NhanKhauThemMoi.java:262)
	at quanlyhogiadinh.NhanKhauThemTest.themoithanhcong(NhanKhauThemTest.java:76)
... Removed 29 stack frames</div></td></tr></table><p class="totop"><a href="#summary">back to summary</a></p><h3 id="m16">quanlyhogiadinh.NhanKhauThemTest#xemthongtinnhankhau</h3><table class="result"><tr><th>Exception</th></tr><tr><td><div class="stacktrace">org.openqa.selenium.NoSuchElementException: Unable to locate element: .//*[@id=&apos;body&apos;]/div[1]/div[4]/div[2]/div/div/div[3]/div[3]/div/div/table/tbody/tr/td[8]/a[1]/i
For documentation on this error, please visit: http://seleniumhq.org/exceptions/no_such_element.html
Build info: version: &apos;3.4.0&apos;, revision: &apos;unknown&apos;, time: &apos;unknown&apos;
System info: host: &apos;ICT-OS-XUYENMT&apos;, ip: &apos;10.61.187.121&apos;, os.name: &apos;Windows 7&apos;, os.arch: &apos;amd64&apos;, os.version: &apos;6.1&apos;, java.version: &apos;1.8.0_112&apos;
Driver info: org.openqa.selenium.firefox.FirefoxDriver
Capabilities [{moz:profile=C:\Users\ICT-OS~1\AppData\Local\Temp\rust_mozprofile.eRO2GWDrfFQu, rotatable=false, timeouts={implicit=0.0, pageLoad=300000.0, script=30000.0}, pageLoadStrategy=normal, platform=ANY, specificationLevel=0.0, moz:accessibilityChecks=false, acceptInsecureCerts=false, browserVersion=54.0.1, platformVersion=6.1, moz:processID=4360.0, browserName=firefox, javascriptEnabled=true, platformName=windows_nt}]
Session ID: a0bc4cb1-a19d-41a1-983a-23e3538d386d
*** Element info: {Using=xpath, value=.//*[@id=&apos;body&apos;]/div[1]/div[4]/div[2]/div/div/div[3]/div[3]/div/div/table/tbody/tr/td[8]/a[1]/i}
	at org.openqa.selenium.remote.http.W3CHttpResponseCodec.createException(W3CHttpResponseCodec.java:150)
	at org.openqa.selenium.remote.http.W3CHttpResponseCodec.decode(W3CHttpResponseCodec.java:115)
	at org.openqa.selenium.remote.http.W3CHttpResponseCodec.decode(W3CHttpResponseCodec.java:45)
	at org.openqa.selenium.remote.HttpCommandExecutor.execute(HttpCommandExecutor.java:164)
	at org.openqa.selenium.remote.service.DriverCommandExecutor.execute(DriverCommandExecutor.java:82)
	at org.openqa.selenium.remote.RemoteWebDriver.execute(RemoteWebDriver.java:637)
	at org.openqa.selenium.remote.RemoteWebDriver.findElement(RemoteWebDriver.java:410)
	at org.openqa.selenium.remote.RemoteWebDriver.findElementByXPath(RemoteWebDriver.java:509)
	at org.openqa.selenium.By$ByXPath.findElement(By.java:361)
	at org.openqa.selenium.remote.RemoteWebDriver.findElement(RemoteWebDriver.java:402)
	at quanlyhogiadinh.NhanKhauThemMoi.xemthongtinnhankhau(NhanKhauThemMoi.java:324)
	at quanlyhogiadinh.NhanKhauThemTest.xemthongtinnhankhau(NhanKhauThemTest.java:80)
... Removed 29 stack frames</div></td></tr></table><p class="totop"><a href="#summary">back to summary</a></p><h3 id="m17">quanlyhogiadinh.NhanKhauThemTest#xoathongtinnhankhau</h3><table class="result"><tr><th>Exception</th></tr><tr><td><div class="stacktrace">org.openqa.selenium.NoSuchElementException: Unable to locate element: .//*[@id=&apos;body&apos;]/div[1]/div[4]/div[2]/div/div/div[3]/div[1]/div/div/div/div/div/div[1]/form/div[1]/div[1]/input
For documentation on this error, please visit: http://seleniumhq.org/exceptions/no_such_element.html
Build info: version: &apos;3.4.0&apos;, revision: &apos;unknown&apos;, time: &apos;unknown&apos;
System info: host: &apos;ICT-OS-XUYENMT&apos;, ip: &apos;10.61.187.121&apos;, os.name: &apos;Windows 7&apos;, os.arch: &apos;amd64&apos;, os.version: &apos;6.1&apos;, java.version: &apos;1.8.0_112&apos;
Driver info: org.openqa.selenium.firefox.FirefoxDriver
Capabilities [{moz:profile=C:\Users\ICT-OS~1\AppData\Local\Temp\rust_mozprofile.eRO2GWDrfFQu, rotatable=false, timeouts={implicit=0.0, pageLoad=300000.0, script=30000.0}, pageLoadStrategy=normal, platform=ANY, specificationLevel=0.0, moz:accessibilityChecks=false, acceptInsecureCerts=false, browserVersion=54.0.1, platformVersion=6.1, moz:processID=4360.0, browserName=firefox, javascriptEnabled=true, platformName=windows_nt}]
Session ID: a0bc4cb1-a19d-41a1-983a-23e3538d386d
*** Element info: {Using=xpath, value=.//*[@id=&apos;body&apos;]/div[1]/div[4]/div[2]/div/div/div[3]/div[1]/div/div/div/div/div/div[1]/form/div[1]/div[1]/input}
	at org.openqa.selenium.remote.http.W3CHttpResponseCodec.createException(W3CHttpResponseCodec.java:150)
	at org.openqa.selenium.remote.http.W3CHttpResponseCodec.decode(W3CHttpResponseCodec.java:115)
	at org.openqa.selenium.remote.http.W3CHttpResponseCodec.decode(W3CHttpResponseCodec.java:45)
	at org.openqa.selenium.remote.HttpCommandExecutor.execute(HttpCommandExecutor.java:164)
	at org.openqa.selenium.remote.service.DriverCommandExecutor.execute(DriverCommandExecutor.java:82)
	at org.openqa.selenium.remote.RemoteWebDriver.execute(RemoteWebDriver.java:637)
	at org.openqa.selenium.remote.RemoteWebDriver.findElement(RemoteWebDriver.java:410)
	at org.openqa.selenium.remote.RemoteWebDriver.findElementByXPath(RemoteWebDriver.java:509)
	at org.openqa.selenium.By$ByXPath.findElement(By.java:361)
	at org.openqa.selenium.remote.RemoteWebDriver.findElement(RemoteWebDriver.java:402)
	at quanlyhogiadinh.NhanKhauThemMoi.xoathongtinnhankhau(NhanKhauThemMoi.java:376)
	at quanlyhogiadinh.NhanKhauThemTest.xoathongtinnhankhau(NhanKhauThemTest.java:96)
... Removed 28 stack frames</div></td></tr></table><p class="totop"><a href="#summary">back to summary</a></p><h2>Test2</h2><h3 id="m18">themdulieu.ThemDuLieuNhanKhauTest#themoinhankhau</h3><table class="result"><tr><th>Exception</th></tr><tr><td><div class="stacktrace">org.openqa.selenium.NoSuchElementException: Unable to locate element: .//*[@id=&apos;body&apos;]/div[1]/div[4]/div[1]/div/ul/li[3]/a
For documentation on this error, please visit: http://seleniumhq.org/exceptions/no_such_element.html
Build info: version: &apos;3.4.0&apos;, revision: &apos;unknown&apos;, time: &apos;unknown&apos;
System info: host: &apos;ICT-OS-XUYENMT&apos;, ip: &apos;10.61.187.121&apos;, os.name: &apos;Windows 7&apos;, os.arch: &apos;amd64&apos;, os.version: &apos;6.1&apos;, java.version: &apos;1.8.0_112&apos;
Driver info: org.openqa.selenium.firefox.FirefoxDriver
Capabilities [{moz:profile=C:\Users\ICT-OS~1\AppData\Local\Temp\rust_mozprofile.Iv2p0oN5hugX, rotatable=false, timeouts={implicit=0.0, pageLoad=300000.0, script=30000.0}, pageLoadStrategy=normal, platform=ANY, specificationLevel=0.0, moz:accessibilityChecks=false, acceptInsecureCerts=false, browserVersion=54.0.1, platformVersion=6.1, moz:processID=2072.0, browserName=firefox, javascriptEnabled=true, platformName=windows_nt}]
Session ID: 8aa96077-dec2-4103-a7c6-92b97d3861f0
*** Element info: {Using=xpath, value=.//*[@id=&apos;body&apos;]/div[1]/div[4]/div[1]/div/ul/li[3]/a}
	at org.openqa.selenium.remote.http.W3CHttpResponseCodec.createException(W3CHttpResponseCodec.java:150)
	at org.openqa.selenium.remote.http.W3CHttpResponseCodec.decode(W3CHttpResponseCodec.java:115)
	at org.openqa.selenium.remote.http.W3CHttpResponseCodec.decode(W3CHttpResponseCodec.java:45)
	at org.openqa.selenium.remote.HttpCommandExecutor.execute(HttpCommandExecutor.java:164)
	at org.openqa.selenium.remote.service.DriverCommandExecutor.execute(DriverCommandExecutor.java:82)
	at org.openqa.selenium.remote.RemoteWebDriver.execute(RemoteWebDriver.java:637)
	at org.openqa.selenium.remote.RemoteWebDriver.findElement(RemoteWebDriver.java:410)
	at org.openqa.selenium.remote.RemoteWebDriver.findElementByXPath(RemoteWebDriver.java:509)
	at org.openqa.selenium.By$ByXPath.findElement(By.java:361)
	at org.openqa.selenium.remote.RemoteWebDriver.findElement(RemoteWebDriver.java:402)
	at themdulieu.ThemDuLieuNhanKhau.themoinhankhau(ThemDuLieuNhanKhau.java:15)
	at themdulieu.ThemDuLieuNhanKhauTest.themoinhankhau(ThemDuLieuNhanKhauTest.java:29)
... Removed 28 stack frames</div></td></tr></table><p class="totop"><a href="#summary">back to summary</a></p><h3 id="m19">themdulieu.ThemDuLieuNhanKhauTest#themoinhankhau1</h3><table class="result"><tr><th>Exception</th></tr><tr><td><div class="stacktrace">org.openqa.selenium.NoSuchElementException: Unable to locate element: .//*[@id=&apos;body&apos;]/div[1]/div[4]/div[2]/div/div/div[3]/div[2]/div[2]/button[1]
For documentation on this error, please visit: http://seleniumhq.org/exceptions/no_such_element.html
Build info: version: &apos;3.4.0&apos;, revision: &apos;unknown&apos;, time: &apos;unknown&apos;
System info: host: &apos;ICT-OS-XUYENMT&apos;, ip: &apos;10.61.187.121&apos;, os.name: &apos;Windows 7&apos;, os.arch: &apos;amd64&apos;, os.version: &apos;6.1&apos;, java.version: &apos;1.8.0_112&apos;
Driver info: org.openqa.selenium.firefox.FirefoxDriver
Capabilities [{moz:profile=C:\Users\ICT-OS~1\AppData\Local\Temp\rust_mozprofile.Iv2p0oN5hugX, rotatable=false, timeouts={implicit=0.0, pageLoad=300000.0, script=30000.0}, pageLoadStrategy=normal, platform=ANY, specificationLevel=0.0, moz:accessibilityChecks=false, acceptInsecureCerts=false, browserVersion=54.0.1, platformVersion=6.1, moz:processID=2072.0, browserName=firefox, javascriptEnabled=true, platformName=windows_nt}]
Session ID: 8aa96077-dec2-4103-a7c6-92b97d3861f0
*** Element info: {Using=xpath, value=.//*[@id=&apos;body&apos;]/div[1]/div[4]/div[2]/div/div/div[3]/div[2]/div[2]/button[1]}
	at org.openqa.selenium.remote.http.W3CHttpResponseCodec.createException(W3CHttpResponseCodec.java:150)
	at org.openqa.selenium.remote.http.W3CHttpResponseCodec.decode(W3CHttpResponseCodec.java:115)
	at org.openqa.selenium.remote.http.W3CHttpResponseCodec.decode(W3CHttpResponseCodec.java:45)
	at org.openqa.selenium.remote.HttpCommandExecutor.execute(HttpCommandExecutor.java:164)
	at org.openqa.selenium.remote.service.DriverCommandExecutor.execute(DriverCommandExecutor.java:82)
	at org.openqa.selenium.remote.RemoteWebDriver.execute(RemoteWebDriver.java:637)
	at org.openqa.selenium.remote.RemoteWebDriver.findElement(RemoteWebDriver.java:410)
	at org.openqa.selenium.remote.RemoteWebDriver.findElementByXPath(RemoteWebDriver.java:509)
	at org.openqa.selenium.By$ByXPath.findElement(By.java:361)
	at org.openqa.selenium.remote.RemoteWebDriver.findElement(RemoteWebDriver.java:402)
	at themdulieu.ThemDuLieuNhanKhau.themoinhankhau1(ThemDuLieuNhanKhau.java:67)
	at themdulieu.ThemDuLieuNhanKhauTest.themoinhankhau1(ThemDuLieuNhanKhauTest.java:34)
... Removed 28 stack frames</div></td></tr></table><p class="totop"><a href="#summary">back to summary</a></p><h3 id="m20">themdulieu.ThemDuLieuNhanKhauTest#themoinhankhau2</h3><table class="result"><tr><th>Exception</th></tr><tr><td><div class="stacktrace">org.openqa.selenium.NoSuchElementException: Unable to locate element: .//*[@id=&apos;body&apos;]/div[1]/div[4]/div[2]/div/div/div[3]/div[2]/div[2]/button[1]
For documentation on this error, please visit: http://seleniumhq.org/exceptions/no_such_element.html
Build info: version: &apos;3.4.0&apos;, revision: &apos;unknown&apos;, time: &apos;unknown&apos;
System info: host: &apos;ICT-OS-XUYENMT&apos;, ip: &apos;10.61.187.121&apos;, os.name: &apos;Windows 7&apos;, os.arch: &apos;amd64&apos;, os.version: &apos;6.1&apos;, java.version: &apos;1.8.0_112&apos;
Driver info: org.openqa.selenium.firefox.FirefoxDriver
Capabilities [{moz:profile=C:\Users\ICT-OS~1\AppData\Local\Temp\rust_mozprofile.Iv2p0oN5hugX, rotatable=false, timeouts={implicit=0.0, pageLoad=300000.0, script=30000.0}, pageLoadStrategy=normal, platform=ANY, specificationLevel=0.0, moz:accessibilityChecks=false, acceptInsecureCerts=false, browserVersion=54.0.1, platformVersion=6.1, moz:processID=2072.0, browserName=firefox, javascriptEnabled=true, platformName=windows_nt}]
Session ID: 8aa96077-dec2-4103-a7c6-92b97d3861f0
*** Element info: {Using=xpath, value=.//*[@id=&apos;body&apos;]/div[1]/div[4]/div[2]/div/div/div[3]/div[2]/div[2]/button[1]}
	at org.openqa.selenium.remote.http.W3CHttpResponseCodec.createException(W3CHttpResponseCodec.java:150)
	at org.openqa.selenium.remote.http.W3CHttpResponseCodec.decode(W3CHttpResponseCodec.java:115)
	at org.openqa.selenium.remote.http.W3CHttpResponseCodec.decode(W3CHttpResponseCodec.java:45)
	at org.openqa.selenium.remote.HttpCommandExecutor.execute(HttpCommandExecutor.java:164)
	at org.openqa.selenium.remote.service.DriverCommandExecutor.execute(DriverCommandExecutor.java:82)
	at org.openqa.selenium.remote.RemoteWebDriver.execute(RemoteWebDriver.java:637)
	at org.openqa.selenium.remote.RemoteWebDriver.findElement(RemoteWebDriver.java:410)
	at org.openqa.selenium.remote.RemoteWebDriver.findElementByXPath(RemoteWebDriver.java:509)
	at org.openqa.selenium.By$ByXPath.findElement(By.java:361)
	at org.openqa.selenium.remote.RemoteWebDriver.findElement(RemoteWebDriver.java:402)
	at themdulieu.ThemDuLieuNhanKhau.themoinhankhau2(ThemDuLieuNhanKhau.java:124)
	at themdulieu.ThemDuLieuNhanKhauTest.themoinhankhau2(ThemDuLieuNhanKhauTest.java:39)
... Removed 28 stack frames</div></td></tr></table><p class="totop"><a href="#summary">back to summary</a></p><h3 id="m21">themdulieu.ThemDuLieuNhanKhauTest#themoinhankhau3</h3><table class="result"><tr><th>Exception</th></tr><tr><td><div class="stacktrace">org.openqa.selenium.NoSuchElementException: Unable to locate element: .//*[@id=&apos;body&apos;]/div[1]/div[4]/div[2]/div/div/div[3]/div[2]/div[2]/button[1]
For documentation on this error, please visit: http://seleniumhq.org/exceptions/no_such_element.html
Build info: version: &apos;3.4.0&apos;, revision: &apos;unknown&apos;, time: &apos;unknown&apos;
System info: host: &apos;ICT-OS-XUYENMT&apos;, ip: &apos;10.61.187.121&apos;, os.name: &apos;Windows 7&apos;, os.arch: &apos;amd64&apos;, os.version: &apos;6.1&apos;, java.version: &apos;1.8.0_112&apos;
Driver info: org.openqa.selenium.firefox.FirefoxDriver
Capabilities [{moz:profile=C:\Users\ICT-OS~1\AppData\Local\Temp\rust_mozprofile.Iv2p0oN5hugX, rotatable=false, timeouts={implicit=0.0, pageLoad=300000.0, script=30000.0}, pageLoadStrategy=normal, platform=ANY, specificationLevel=0.0, moz:accessibilityChecks=false, acceptInsecureCerts=false, browserVersion=54.0.1, platformVersion=6.1, moz:processID=2072.0, browserName=firefox, javascriptEnabled=true, platformName=windows_nt}]
Session ID: 8aa96077-dec2-4103-a7c6-92b97d3861f0
*** Element info: {Using=xpath, value=.//*[@id=&apos;body&apos;]/div[1]/div[4]/div[2]/div/div/div[3]/div[2]/div[2]/button[1]}
	at org.openqa.selenium.remote.http.W3CHttpResponseCodec.createException(W3CHttpResponseCodec.java:150)
	at org.openqa.selenium.remote.http.W3CHttpResponseCodec.decode(W3CHttpResponseCodec.java:115)
	at org.openqa.selenium.remote.http.W3CHttpResponseCodec.decode(W3CHttpResponseCodec.java:45)
	at org.openqa.selenium.remote.HttpCommandExecutor.execute(HttpCommandExecutor.java:164)
	at org.openqa.selenium.remote.service.DriverCommandExecutor.execute(DriverCommandExecutor.java:82)
	at org.openqa.selenium.remote.RemoteWebDriver.execute(RemoteWebDriver.java:637)
	at org.openqa.selenium.remote.RemoteWebDriver.findElement(RemoteWebDriver.java:410)
	at org.openqa.selenium.remote.RemoteWebDriver.findElementByXPath(RemoteWebDriver.java:509)
	at org.openqa.selenium.By$ByXPath.findElement(By.java:361)
	at org.openqa.selenium.remote.RemoteWebDriver.findElement(RemoteWebDriver.java:402)
	at themdulieu.ThemDuLieuNhanKhau.themoinhankhau3(ThemDuLieuNhanKhau.java:181)
	at themdulieu.ThemDuLieuNhanKhauTest.themoinhankhau3(ThemDuLieuNhanKhauTest.java:44)
... Removed 28 stack frames</div></td></tr></table><p class="totop"><a href="#summary">back to summary</a></p><h3 id="m22">themdulieu.ThemDuLieuNhanKhauTest#themoinhankhau4</h3><table class="result"><tr><th>Exception</th></tr><tr><td><div class="stacktrace">org.openqa.selenium.NoSuchElementException: Unable to locate element: .//*[@id=&apos;body&apos;]/div[1]/div[4]/div[2]/div/div/div[3]/div[2]/div[2]/button[1]
For documentation on this error, please visit: http://seleniumhq.org/exceptions/no_such_element.html
Build info: version: &apos;3.4.0&apos;, revision: &apos;unknown&apos;, time: &apos;unknown&apos;
System info: host: &apos;ICT-OS-XUYENMT&apos;, ip: &apos;10.61.187.121&apos;, os.name: &apos;Windows 7&apos;, os.arch: &apos;amd64&apos;, os.version: &apos;6.1&apos;, java.version: &apos;1.8.0_112&apos;
Driver info: org.openqa.selenium.firefox.FirefoxDriver
Capabilities [{moz:profile=C:\Users\ICT-OS~1\AppData\Local\Temp\rust_mozprofile.Iv2p0oN5hugX, rotatable=false, timeouts={implicit=0.0, pageLoad=300000.0, script=30000.0}, pageLoadStrategy=normal, platform=ANY, specificationLevel=0.0, moz:accessibilityChecks=false, acceptInsecureCerts=false, browserVersion=54.0.1, platformVersion=6.1, moz:processID=2072.0, browserName=firefox, javascriptEnabled=true, platformName=windows_nt}]
Session ID: 8aa96077-dec2-4103-a7c6-92b97d3861f0
*** Element info: {Using=xpath, value=.//*[@id=&apos;body&apos;]/div[1]/div[4]/div[2]/div/div/div[3]/div[2]/div[2]/button[1]}
	at org.openqa.selenium.remote.http.W3CHttpResponseCodec.createException(W3CHttpResponseCodec.java:150)
	at org.openqa.selenium.remote.http.W3CHttpResponseCodec.decode(W3CHttpResponseCodec.java:115)
	at org.openqa.selenium.remote.http.W3CHttpResponseCodec.decode(W3CHttpResponseCodec.java:45)
	at org.openqa.selenium.remote.HttpCommandExecutor.execute(HttpCommandExecutor.java:164)
	at org.openqa.selenium.remote.service.DriverCommandExecutor.execute(DriverCommandExecutor.java:82)
	at org.openqa.selenium.remote.RemoteWebDriver.execute(RemoteWebDriver.java:637)
	at org.openqa.selenium.remote.RemoteWebDriver.findElement(RemoteWebDriver.java:410)
	at org.openqa.selenium.remote.RemoteWebDriver.findElementByXPath(RemoteWebDriver.java:509)
	at org.openqa.selenium.By$ByXPath.findElement(By.java:361)
	at org.openqa.selenium.remote.RemoteWebDriver.findElement(RemoteWebDriver.java:402)
	at themdulieu.ThemDuLieuNhanKhau.themoinhankhau4(ThemDuLieuNhanKhau.java:238)
	at themdulieu.ThemDuLieuNhanKhauTest.themoinhankhau4(ThemDuLieuNhanKhauTest.java:49)
... Removed 28 stack frames</div></td></tr></table><p class="totop"><a href="#summary">back to summary</a></p><h2>Test3</h2><h3 id="m23">quanlyhogiadinh.HoKhauThemTest#HoKhauThemMoi</h3><table class="result"><tr><th>Exception</th></tr><tr><td><div class="stacktrace">org.openqa.selenium.NoSuchElementException: Unable to locate element: .//*[@id=&apos;body&apos;]/div[1]/div[4]/div[1]/div/ul/li[3]/a
For documentation on this error, please visit: http://seleniumhq.org/exceptions/no_such_element.html
Build info: version: &apos;3.4.0&apos;, revision: &apos;unknown&apos;, time: &apos;unknown&apos;
System info: host: &apos;ICT-OS-XUYENMT&apos;, ip: &apos;10.61.187.121&apos;, os.name: &apos;Windows 7&apos;, os.arch: &apos;amd64&apos;, os.version: &apos;6.1&apos;, java.version: &apos;1.8.0_112&apos;
Driver info: org.openqa.selenium.firefox.FirefoxDriver
Capabilities [{moz:profile=C:\Users\ICT-OS~1\AppData\Local\Temp\rust_mozprofile.2PAkkpiYGudo, rotatable=false, timeouts={implicit=0.0, pageLoad=300000.0, script=30000.0}, pageLoadStrategy=normal, platform=ANY, specificationLevel=0.0, moz:accessibilityChecks=false, acceptInsecureCerts=false, browserVersion=54.0.1, platformVersion=6.1, moz:processID=716.0, browserName=firefox, javascriptEnabled=true, platformName=windows_nt}]
Session ID: 96bf6e50-c772-4026-bd92-e98dd023b2e1
*** Element info: {Using=xpath, value=.//*[@id=&apos;body&apos;]/div[1]/div[4]/div[1]/div/ul/li[3]/a}
	at org.openqa.selenium.remote.http.W3CHttpResponseCodec.createException(W3CHttpResponseCodec.java:150)
	at org.openqa.selenium.remote.http.W3CHttpResponseCodec.decode(W3CHttpResponseCodec.java:115)
	at org.openqa.selenium.remote.http.W3CHttpResponseCodec.decode(W3CHttpResponseCodec.java:45)
	at org.openqa.selenium.remote.HttpCommandExecutor.execute(HttpCommandExecutor.java:164)
	at org.openqa.selenium.remote.service.DriverCommandExecutor.execute(DriverCommandExecutor.java:82)
	at org.openqa.selenium.remote.RemoteWebDriver.execute(RemoteWebDriver.java:637)
	at org.openqa.selenium.remote.RemoteWebDriver.findElement(RemoteWebDriver.java:410)
	at org.openqa.selenium.remote.RemoteWebDriver.findElementByXPath(RemoteWebDriver.java:509)
	at org.openqa.selenium.By$ByXPath.findElement(By.java:361)
	at org.openqa.selenium.remote.RemoteWebDriver.findElement(RemoteWebDriver.java:402)
	at quanlyhogiadinh.HoKhauThemMoi.Kiemtrabtdong(HoKhauThemMoi.java:18)
	at quanlyhogiadinh.HoKhauThemTest.HoKhauThemMoi(HoKhauThemTest.java:30)
... Removed 28 stack frames</div></td></tr></table><p class="totop"><a href="#summary">back to summary</a></p><h3 id="m24">quanlyhogiadinh.HoKhauThemTest#chuacodulieuthaydoi</h3><table class="result"><tr><th>Exception</th></tr><tr><td><div class="stacktrace">org.openqa.selenium.WebDriverException: Tried to run command without establishing a connection
Build info: version: &apos;3.4.0&apos;, revision: &apos;unknown&apos;, time: &apos;unknown&apos;
System info: host: &apos;ICT-OS-XUYENMT&apos;, ip: &apos;10.61.187.121&apos;, os.name: &apos;Windows 7&apos;, os.arch: &apos;amd64&apos;, os.version: &apos;6.1&apos;, java.version: &apos;1.8.0_112&apos;
Driver info: org.openqa.selenium.firefox.FirefoxDriver
Capabilities [{moz:profile=C:\Users\ICT-OS~1\AppData\Local\Temp\rust_mozprofile.2PAkkpiYGudo, rotatable=false, timeouts={implicit=0.0, pageLoad=300000.0, script=30000.0}, pageLoadStrategy=normal, platform=ANY, specificationLevel=0.0, moz:accessibilityChecks=false, acceptInsecureCerts=false, browserVersion=54.0.1, platformVersion=6.1, moz:processID=716.0, browserName=firefox, javascriptEnabled=true, platformName=windows_nt}]
Session ID: 96bf6e50-c772-4026-bd92-e98dd023b2e1
*** Element info: {Using=xpath, value=.//*[@id=&apos;body&apos;]/div[1]/div[4]/div[2]/div/div/div[2]/div[3]/div/div/table/tbody/tr/td[7]/div/a[2]/i}
	at org.openqa.selenium.remote.http.W3CHttpResponseCodec.createException(W3CHttpResponseCodec.java:150)
	at org.openqa.selenium.remote.http.W3CHttpResponseCodec.decode(W3CHttpResponseCodec.java:115)
	at org.openqa.selenium.remote.http.W3CHttpResponseCodec.decode(W3CHttpResponseCodec.java:45)
	at org.openqa.selenium.remote.HttpCommandExecutor.execute(HttpCommandExecutor.java:164)
	at org.openqa.selenium.remote.service.DriverCommandExecutor.execute(DriverCommandExecutor.java:82)
	at org.openqa.selenium.remote.RemoteWebDriver.execute(RemoteWebDriver.java:637)
	at org.openqa.selenium.remote.RemoteWebDriver.findElement(RemoteWebDriver.java:410)
	at org.openqa.selenium.remote.RemoteWebDriver.findElementByXPath(RemoteWebDriver.java:509)
	at org.openqa.selenium.By$ByXPath.findElement(By.java:361)
	at org.openqa.selenium.remote.RemoteWebDriver.findElement(RemoteWebDriver.java:402)
	at quanlyhogiadinh.HoKhauThemMoi.chuacodulieuthaydoi(HoKhauThemMoi.java:158)
	at quanlyhogiadinh.HoKhauThemTest.chuacodulieuthaydoi(HoKhauThemTest.java:62)
... Removed 29 stack frames</div></td></tr></table><p class="totop"><a href="#summary">back to summary</a></p><h3 id="m25">quanlyhogiadinh.HoKhauThemTest#chuanhaptenchuho</h3><table class="result"><tr><th>Exception</th></tr><tr><td><div class="stacktrace">org.openqa.selenium.NoSuchElementException: Unable to locate element: .//*[@id=&apos;body&apos;]/div[1]/div[4]/div[2]/div/div/div[2]/div[2]/div[2]/button[1]
For documentation on this error, please visit: http://seleniumhq.org/exceptions/no_such_element.html
Build info: version: &apos;3.4.0&apos;, revision: &apos;unknown&apos;, time: &apos;unknown&apos;
System info: host: &apos;ICT-OS-XUYENMT&apos;, ip: &apos;10.61.187.121&apos;, os.name: &apos;Windows 7&apos;, os.arch: &apos;amd64&apos;, os.version: &apos;6.1&apos;, java.version: &apos;1.8.0_112&apos;
Driver info: org.openqa.selenium.firefox.FirefoxDriver
Capabilities [{moz:profile=C:\Users\ICT-OS~1\AppData\Local\Temp\rust_mozprofile.2PAkkpiYGudo, rotatable=false, timeouts={implicit=0.0, pageLoad=300000.0, script=30000.0}, pageLoadStrategy=normal, platform=ANY, specificationLevel=0.0, moz:accessibilityChecks=false, acceptInsecureCerts=false, browserVersion=54.0.1, platformVersion=6.1, moz:processID=716.0, browserName=firefox, javascriptEnabled=true, platformName=windows_nt}]
Session ID: 96bf6e50-c772-4026-bd92-e98dd023b2e1
*** Element info: {Using=xpath, value=.//*[@id=&apos;body&apos;]/div[1]/div[4]/div[2]/div/div/div[2]/div[2]/div[2]/button[1]}
	at org.openqa.selenium.remote.http.W3CHttpResponseCodec.createException(W3CHttpResponseCodec.java:150)
	at org.openqa.selenium.remote.http.W3CHttpResponseCodec.decode(W3CHttpResponseCodec.java:115)
	at org.openqa.selenium.remote.http.W3CHttpResponseCodec.decode(W3CHttpResponseCodec.java:45)
	at org.openqa.selenium.remote.HttpCommandExecutor.execute(HttpCommandExecutor.java:164)
	at org.openqa.selenium.remote.service.DriverCommandExecutor.execute(DriverCommandExecutor.java:82)
	at org.openqa.selenium.remote.RemoteWebDriver.execute(RemoteWebDriver.java:637)
	at org.openqa.selenium.remote.RemoteWebDriver.findElement(RemoteWebDriver.java:410)
	at org.openqa.selenium.remote.RemoteWebDriver.findElementByXPath(RemoteWebDriver.java:509)
	at org.openqa.selenium.By$ByXPath.findElement(By.java:361)
	at org.openqa.selenium.remote.RemoteWebDriver.findElement(RemoteWebDriver.java:402)
	at quanlyhogiadinh.HoKhauThemMoi.chuanhaptenchuho(HoKhauThemMoi.java:33)
	at quanlyhogiadinh.HoKhauThemTest.chuanhaptenchuho(HoKhauThemTest.java:34)
... Removed 28 stack frames</div></td></tr></table><p class="totop"><a href="#summary">back to summary</a></p><h3 id="m26">quanlyhogiadinh.HoKhauThemTest#dodaiqua13kitu</h3><table class="result"><tr><th>Exception</th></tr><tr><td><div class="stacktrace">org.openqa.selenium.NoSuchElementException: Unable to locate element: .//*[@id=&apos;hokhau_dialog&apos;]/div[1]/div[2]/div/span/button
For documentation on this error, please visit: http://seleniumhq.org/exceptions/no_such_element.html
Build info: version: &apos;3.4.0&apos;, revision: &apos;unknown&apos;, time: &apos;unknown&apos;
System info: host: &apos;ICT-OS-XUYENMT&apos;, ip: &apos;10.61.187.121&apos;, os.name: &apos;Windows 7&apos;, os.arch: &apos;amd64&apos;, os.version: &apos;6.1&apos;, java.version: &apos;1.8.0_112&apos;
Driver info: org.openqa.selenium.firefox.FirefoxDriver
Capabilities [{moz:profile=C:\Users\ICT-OS~1\AppData\Local\Temp\rust_mozprofile.2PAkkpiYGudo, rotatable=false, timeouts={implicit=0.0, pageLoad=300000.0, script=30000.0}, pageLoadStrategy=normal, platform=ANY, specificationLevel=0.0, moz:accessibilityChecks=false, acceptInsecureCerts=false, browserVersion=54.0.1, platformVersion=6.1, moz:processID=716.0, browserName=firefox, javascriptEnabled=true, platformName=windows_nt}]
Session ID: 96bf6e50-c772-4026-bd92-e98dd023b2e1
*** Element info: {Using=xpath, value=.//*[@id=&apos;hokhau_dialog&apos;]/div[1]/div[2]/div/span/button}
	at org.openqa.selenium.remote.http.W3CHttpResponseCodec.createException(W3CHttpResponseCodec.java:150)
	at org.openqa.selenium.remote.http.W3CHttpResponseCodec.decode(W3CHttpResponseCodec.java:115)
	at org.openqa.selenium.remote.http.W3CHttpResponseCodec.decode(W3CHttpResponseCodec.java:45)
	at org.openqa.selenium.remote.HttpCommandExecutor.execute(HttpCommandExecutor.java:164)
	at org.openqa.selenium.remote.service.DriverCommandExecutor.execute(DriverCommandExecutor.java:82)
	at org.openqa.selenium.remote.RemoteWebDriver.execute(RemoteWebDriver.java:637)
	at org.openqa.selenium.remote.RemoteWebDriver.findElement(RemoteWebDriver.java:410)
	at org.openqa.selenium.remote.RemoteWebDriver.findElementByXPath(RemoteWebDriver.java:509)
	at org.openqa.selenium.By$ByXPath.findElement(By.java:361)
	at org.openqa.selenium.remote.RemoteWebDriver.findElement(RemoteWebDriver.java:402)
	at quanlyhogiadinh.HoKhauThemMoi.dodaiqua13kitu(HoKhauThemMoi.java:54)
	at quanlyhogiadinh.HoKhauThemTest.dodaiqua13kitu(HoKhauThemTest.java:42)
... Removed 28 stack frames</div></td></tr></table><p class="totop"><a href="#summary">back to summary</a></p><h3 id="m27">quanlyhogiadinh.HoKhauThemTest#ktrabttaomoihokhau</h3><table class="result"><tr><th>Exception</th></tr><tr><td><div class="stacktrace">org.openqa.selenium.NoSuchElementException: Unable to locate element: .//*[@id=&apos;body&apos;]/div[1]/div/div/form/div[3]/button[3]
For documentation on this error, please visit: http://seleniumhq.org/exceptions/no_such_element.html
Build info: version: &apos;3.4.0&apos;, revision: &apos;unknown&apos;, time: &apos;unknown&apos;
System info: host: &apos;ICT-OS-XUYENMT&apos;, ip: &apos;10.61.187.121&apos;, os.name: &apos;Windows 7&apos;, os.arch: &apos;amd64&apos;, os.version: &apos;6.1&apos;, java.version: &apos;1.8.0_112&apos;
Driver info: org.openqa.selenium.firefox.FirefoxDriver
Capabilities [{moz:profile=C:\Users\ICT-OS~1\AppData\Local\Temp\rust_mozprofile.2PAkkpiYGudo, rotatable=false, timeouts={implicit=0.0, pageLoad=300000.0, script=30000.0}, pageLoadStrategy=normal, platform=ANY, specificationLevel=0.0, moz:accessibilityChecks=false, acceptInsecureCerts=false, browserVersion=54.0.1, platformVersion=6.1, moz:processID=716.0, browserName=firefox, javascriptEnabled=true, platformName=windows_nt}]
Session ID: 96bf6e50-c772-4026-bd92-e98dd023b2e1
*** Element info: {Using=xpath, value=.//*[@id=&apos;body&apos;]/div[1]/div/div/form/div[3]/button[3]}
	at org.openqa.selenium.remote.http.W3CHttpResponseCodec.createException(W3CHttpResponseCodec.java:150)
	at org.openqa.selenium.remote.http.W3CHttpResponseCodec.decode(W3CHttpResponseCodec.java:115)
	at org.openqa.selenium.remote.http.W3CHttpResponseCodec.decode(W3CHttpResponseCodec.java:45)
	at org.openqa.selenium.remote.HttpCommandExecutor.execute(HttpCommandExecutor.java:164)
	at org.openqa.selenium.remote.service.DriverCommandExecutor.execute(DriverCommandExecutor.java:82)
	at org.openqa.selenium.remote.RemoteWebDriver.execute(RemoteWebDriver.java:637)
	at org.openqa.selenium.remote.RemoteWebDriver.findElement(RemoteWebDriver.java:410)
	at org.openqa.selenium.remote.RemoteWebDriver.findElementByXPath(RemoteWebDriver.java:509)
	at org.openqa.selenium.By$ByXPath.findElement(By.java:361)
	at org.openqa.selenium.remote.RemoteWebDriver.findElement(RemoteWebDriver.java:402)
	at quanlyhogiadinh.HoKhauThemMoi.ktrabttaomoihokhau(HoKhauThemMoi.java:46)
	at quanlyhogiadinh.HoKhauThemTest.ktrabttaomoihokhau(HoKhauThemTest.java:38)
... Removed 28 stack frames</div></td></tr></table><p class="totop"><a href="#summary">back to summary</a></p><h3 id="m28">quanlyhogiadinh.HoKhauThemTest#ktrabtxemchitiet</h3><table class="result"><tr><th>Exception</th></tr><tr><td><div class="stacktrace">org.openqa.selenium.WebDriverException: Tried to run command without establishing a connection
Build info: version: &apos;3.4.0&apos;, revision: &apos;unknown&apos;, time: &apos;unknown&apos;
System info: host: &apos;ICT-OS-XUYENMT&apos;, ip: &apos;10.61.187.121&apos;, os.name: &apos;Windows 7&apos;, os.arch: &apos;amd64&apos;, os.version: &apos;6.1&apos;, java.version: &apos;1.8.0_112&apos;
Driver info: org.openqa.selenium.firefox.FirefoxDriver
Capabilities [{moz:profile=C:\Users\ICT-OS~1\AppData\Local\Temp\rust_mozprofile.2PAkkpiYGudo, rotatable=false, timeouts={implicit=0.0, pageLoad=300000.0, script=30000.0}, pageLoadStrategy=normal, platform=ANY, specificationLevel=0.0, moz:accessibilityChecks=false, acceptInsecureCerts=false, browserVersion=54.0.1, platformVersion=6.1, moz:processID=716.0, browserName=firefox, javascriptEnabled=true, platformName=windows_nt}]
Session ID: 96bf6e50-c772-4026-bd92-e98dd023b2e1
*** Element info: {Using=xpath, value=.//*[@id=&apos;body&apos;]/div[1]/div[4]/div[2]/div/div/div[2]/div[1]/div/div/div[1]/div[2]/div[1]/div/input}
	at org.openqa.selenium.remote.http.W3CHttpResponseCodec.createException(W3CHttpResponseCodec.java:150)
	at org.openqa.selenium.remote.http.W3CHttpResponseCodec.decode(W3CHttpResponseCodec.java:115)
	at org.openqa.selenium.remote.http.W3CHttpResponseCodec.decode(W3CHttpResponseCodec.java:45)
	at org.openqa.selenium.remote.HttpCommandExecutor.execute(HttpCommandExecutor.java:164)
	at org.openqa.selenium.remote.service.DriverCommandExecutor.execute(DriverCommandExecutor.java:82)
	at org.openqa.selenium.remote.RemoteWebDriver.execute(RemoteWebDriver.java:637)
	at org.openqa.selenium.remote.RemoteWebDriver.findElement(RemoteWebDriver.java:410)
	at org.openqa.selenium.remote.RemoteWebDriver.findElementByXPath(RemoteWebDriver.java:509)
	at org.openqa.selenium.By$ByXPath.findElement(By.java:361)
	at org.openqa.selenium.remote.RemoteWebDriver.findElement(RemoteWebDriver.java:402)
	at quanlyhogiadinh.HoKhauThemMoi.ktrabtxemchitiet(HoKhauThemMoi.java:142)
	at quanlyhogiadinh.HoKhauThemTest.ktrabtxemchitiet(HoKhauThemTest.java:58)
... Removed 29 stack frames</div></td></tr></table><p class="totop"><a href="#summary">back to summary</a></p><h3 id="m29">quanlyhogiadinh.HoKhauThemTest#ktranhankhaudalachucuahokhac</h3><table class="result"><tr><th>Exception</th></tr><tr><td><div class="stacktrace">org.openqa.selenium.WebDriverException: Tried to run command without establishing a connection
Build info: version: &apos;3.4.0&apos;, revision: &apos;unknown&apos;, time: &apos;unknown&apos;
System info: host: &apos;ICT-OS-XUYENMT&apos;, ip: &apos;10.61.187.121&apos;, os.name: &apos;Windows 7&apos;, os.arch: &apos;amd64&apos;, os.version: &apos;6.1&apos;, java.version: &apos;1.8.0_112&apos;
Driver info: org.openqa.selenium.firefox.FirefoxDriver
Capabilities [{moz:profile=C:\Users\ICT-OS~1\AppData\Local\Temp\rust_mozprofile.2PAkkpiYGudo, rotatable=false, timeouts={implicit=0.0, pageLoad=300000.0, script=30000.0}, pageLoadStrategy=normal, platform=ANY, specificationLevel=0.0, moz:accessibilityChecks=false, acceptInsecureCerts=false, browserVersion=54.0.1, platformVersion=6.1, moz:processID=716.0, browserName=firefox, javascriptEnabled=true, platformName=windows_nt}]
Session ID: 96bf6e50-c772-4026-bd92-e98dd023b2e1
*** Element info: {Using=xpath, value=.//*[@id=&apos;body&apos;]/div[1]/div/div/div/div[2]/div[1]/div/div/div/div/div[1]/form/div[1]/div[1]/input}
	at org.openqa.selenium.remote.http.W3CHttpResponseCodec.createException(W3CHttpResponseCodec.java:150)
	at org.openqa.selenium.remote.http.W3CHttpResponseCodec.decode(W3CHttpResponseCodec.java:115)
	at org.openqa.selenium.remote.http.W3CHttpResponseCodec.decode(W3CHttpResponseCodec.java:45)
	at org.openqa.selenium.remote.HttpCommandExecutor.execute(HttpCommandExecutor.java:164)
	at org.openqa.selenium.remote.service.DriverCommandExecutor.execute(DriverCommandExecutor.java:82)
	at org.openqa.selenium.remote.RemoteWebDriver.execute(RemoteWebDriver.java:637)
	at org.openqa.selenium.remote.RemoteWebDriver.findElement(RemoteWebDriver.java:410)
	at org.openqa.selenium.remote.RemoteWebDriver.findElementByXPath(RemoteWebDriver.java:509)
	at org.openqa.selenium.By$ByXPath.findElement(By.java:361)
	at org.openqa.selenium.remote.RemoteWebDriver.findElement(RemoteWebDriver.java:402)
	at quanlyhogiadinh.HoKhauThemMoi.ktranhankhaudalachucuahokhac(HoKhauThemMoi.java:80)
	at quanlyhogiadinh.HoKhauThemTest.ktranhankhaudalachucuahokhac(HoKhauThemTest.java:50)
... Removed 29 stack frames</div></td></tr></table><p class="totop"><a href="#summary">back to summary</a></p><h3 id="m30">quanlyhogiadinh.HoKhauThemTest#nhapMYTCNbangmotgiatribatki</h3><table class="result"><tr><th>Exception</th></tr><tr><td><div class="stacktrace">org.openqa.selenium.WebDriverException: Failed to decode response from marionette
Build info: version: &apos;3.4.0&apos;, revision: &apos;unknown&apos;, time: &apos;unknown&apos;
System info: host: &apos;ICT-OS-XUYENMT&apos;, ip: &apos;10.61.187.121&apos;, os.name: &apos;Windows 7&apos;, os.arch: &apos;amd64&apos;, os.version: &apos;6.1&apos;, java.version: &apos;1.8.0_112&apos;
Driver info: org.openqa.selenium.firefox.FirefoxDriver
Capabilities [{moz:profile=C:\Users\ICT-OS~1\AppData\Local\Temp\rust_mozprofile.2PAkkpiYGudo, rotatable=false, timeouts={implicit=0.0, pageLoad=300000.0, script=30000.0}, pageLoadStrategy=normal, platform=ANY, specificationLevel=0.0, moz:accessibilityChecks=false, acceptInsecureCerts=false, browserVersion=54.0.1, platformVersion=6.1, moz:processID=716.0, browserName=firefox, javascriptEnabled=true, platformName=windows_nt}]
Session ID: 96bf6e50-c772-4026-bd92-e98dd023b2e1
*** Element info: {Using=xpath, value=.//*[@id=&apos;body&apos;]/div[1]/div/div/div/div[2]/div[1]/div/div/div/div/div[1]/form/div[1]/div[1]/input}
	at org.openqa.selenium.remote.http.W3CHttpResponseCodec.createException(W3CHttpResponseCodec.java:150)
	at org.openqa.selenium.remote.http.W3CHttpResponseCodec.decode(W3CHttpResponseCodec.java:115)
	at org.openqa.selenium.remote.http.W3CHttpResponseCodec.decode(W3CHttpResponseCodec.java:45)
	at org.openqa.selenium.remote.HttpCommandExecutor.execute(HttpCommandExecutor.java:164)
	at org.openqa.selenium.remote.service.DriverCommandExecutor.execute(DriverCommandExecutor.java:82)
	at org.openqa.selenium.remote.RemoteWebDriver.execute(RemoteWebDriver.java:637)
	at org.openqa.selenium.remote.RemoteWebDriver.findElement(RemoteWebDriver.java:410)
	at org.openqa.selenium.remote.RemoteWebDriver.findElementByXPath(RemoteWebDriver.java:509)
	at org.openqa.selenium.By$ByXPath.findElement(By.java:361)
	at org.openqa.selenium.remote.RemoteWebDriver.findElement(RemoteWebDriver.java:402)
	at quanlyhogiadinh.HoKhauThemMoi.nhapMYTCNbangmotgiatribatki(HoKhauThemMoi.java:66)
	at quanlyhogiadinh.HoKhauThemTest.nhapMYTCNbangmotgiatribatki(HoKhauThemTest.java:46)
... Removed 29 stack frames</div></td></tr></table><p class="totop"><a href="#summary">back to summary</a></p><h3 id="m31">quanlyhogiadinh.HoKhauThemTest#suathongtinchuho</h3><table class="result"><tr><th>Exception</th></tr><tr><td><div class="stacktrace">org.openqa.selenium.WebDriverException: Tried to run command without establishing a connection
Build info: version: &apos;3.4.0&apos;, revision: &apos;unknown&apos;, time: &apos;unknown&apos;
System info: host: &apos;ICT-OS-XUYENMT&apos;, ip: &apos;10.61.187.121&apos;, os.name: &apos;Windows 7&apos;, os.arch: &apos;amd64&apos;, os.version: &apos;6.1&apos;, java.version: &apos;1.8.0_112&apos;
Driver info: org.openqa.selenium.firefox.FirefoxDriver
Capabilities [{moz:profile=C:\Users\ICT-OS~1\AppData\Local\Temp\rust_mozprofile.2PAkkpiYGudo, rotatable=false, timeouts={implicit=0.0, pageLoad=300000.0, script=30000.0}, pageLoadStrategy=normal, platform=ANY, specificationLevel=0.0, moz:accessibilityChecks=false, acceptInsecureCerts=false, browserVersion=54.0.1, platformVersion=6.1, moz:processID=716.0, browserName=firefox, javascriptEnabled=true, platformName=windows_nt}]
Session ID: 96bf6e50-c772-4026-bd92-e98dd023b2e1
*** Element info: {Using=xpath, value=.//*[@id=&apos;hokhau_dialog&apos;]/div[10]/div[1]/div/div[2]/table/tbody/tr/td[5]/a[1]/i}
	at org.openqa.selenium.remote.http.W3CHttpResponseCodec.createException(W3CHttpResponseCodec.java:150)
	at org.openqa.selenium.remote.http.W3CHttpResponseCodec.decode(W3CHttpResponseCodec.java:115)
	at org.openqa.selenium.remote.http.W3CHttpResponseCodec.decode(W3CHttpResponseCodec.java:45)
	at org.openqa.selenium.remote.HttpCommandExecutor.execute(HttpCommandExecutor.java:164)
	at org.openqa.selenium.remote.service.DriverCommandExecutor.execute(DriverCommandExecutor.java:82)
	at org.openqa.selenium.remote.RemoteWebDriver.execute(RemoteWebDriver.java:637)
	at org.openqa.selenium.remote.RemoteWebDriver.findElement(RemoteWebDriver.java:410)
	at org.openqa.selenium.remote.RemoteWebDriver.findElementByXPath(RemoteWebDriver.java:509)
	at org.openqa.selenium.By$ByXPath.findElement(By.java:361)
	at org.openqa.selenium.remote.RemoteWebDriver.findElement(RemoteWebDriver.java:402)
	at quanlyhogiadinh.HoKhauThemMoi.suathongtinchuho(HoKhauThemMoi.java:172)
	at quanlyhogiadinh.HoKhauThemTest.suathongtinchuho(HoKhauThemTest.java:66)
... Removed 29 stack frames</div></td></tr></table><p class="totop"><a href="#summary">back to summary</a></p><h3 id="m32">quanlyhogiadinh.HoKhauThemTest#themoihokhauthanhcong</h3><table class="result"><tr><th>Exception</th></tr><tr><td><div class="stacktrace">org.openqa.selenium.WebDriverException: Tried to run command without establishing a connection
Build info: version: &apos;3.4.0&apos;, revision: &apos;unknown&apos;, time: &apos;unknown&apos;
System info: host: &apos;ICT-OS-XUYENMT&apos;, ip: &apos;10.61.187.121&apos;, os.name: &apos;Windows 7&apos;, os.arch: &apos;amd64&apos;, os.version: &apos;6.1&apos;, java.version: &apos;1.8.0_112&apos;
Driver info: org.openqa.selenium.firefox.FirefoxDriver
Capabilities [{moz:profile=C:\Users\ICT-OS~1\AppData\Local\Temp\rust_mozprofile.2PAkkpiYGudo, rotatable=false, timeouts={implicit=0.0, pageLoad=300000.0, script=30000.0}, pageLoadStrategy=normal, platform=ANY, specificationLevel=0.0, moz:accessibilityChecks=false, acceptInsecureCerts=false, browserVersion=54.0.1, platformVersion=6.1, moz:processID=716.0, browserName=firefox, javascriptEnabled=true, platformName=windows_nt}]
Session ID: 96bf6e50-c772-4026-bd92-e98dd023b2e1
*** Element info: {Using=xpath, value=.//*[@id=&apos;body&apos;]/div[1]/div[4]/div[2]/div/div/div[2]/div[2]/div[2]/button[1]}
	at org.openqa.selenium.remote.http.W3CHttpResponseCodec.createException(W3CHttpResponseCodec.java:150)
	at org.openqa.selenium.remote.http.W3CHttpResponseCodec.decode(W3CHttpResponseCodec.java:115)
	at org.openqa.selenium.remote.http.W3CHttpResponseCodec.decode(W3CHttpResponseCodec.java:45)
	at org.openqa.selenium.remote.HttpCommandExecutor.execute(HttpCommandExecutor.java:164)
	at org.openqa.selenium.remote.service.DriverCommandExecutor.execute(DriverCommandExecutor.java:82)
	at org.openqa.selenium.remote.RemoteWebDriver.execute(RemoteWebDriver.java:637)
	at org.openqa.selenium.remote.RemoteWebDriver.findElement(RemoteWebDriver.java:410)
	at org.openqa.selenium.remote.RemoteWebDriver.findElementByXPath(RemoteWebDriver.java:509)
	at org.openqa.selenium.By$ByXPath.findElement(By.java:361)
	at org.openqa.selenium.remote.RemoteWebDriver.findElement(RemoteWebDriver.java:402)
	at quanlyhogiadinh.HoKhauThemMoi.themoihokhauthanhcong(HoKhauThemMoi.java:111)
	at quanlyhogiadinh.HoKhauThemTest.themoihokhauthanhcong(HoKhauThemTest.java:54)
... Removed 29 stack frames</div></td></tr></table><p class="totop"><a href="#summary">back to summary</a></p><h3 id="m33">quanlyhogiadinh.HoKhauThemTest#xoahokhau</h3><table class="result"><tr><th>Exception</th></tr><tr><td><div class="stacktrace">org.openqa.selenium.WebDriverException: Tried to run command without establishing a connection
Build info: version: &apos;3.4.0&apos;, revision: &apos;unknown&apos;, time: &apos;unknown&apos;
System info: host: &apos;ICT-OS-XUYENMT&apos;, ip: &apos;10.61.187.121&apos;, os.name: &apos;Windows 7&apos;, os.arch: &apos;amd64&apos;, os.version: &apos;6.1&apos;, java.version: &apos;1.8.0_112&apos;
Driver info: org.openqa.selenium.firefox.FirefoxDriver
Capabilities [{moz:profile=C:\Users\ICT-OS~1\AppData\Local\Temp\rust_mozprofile.2PAkkpiYGudo, rotatable=false, timeouts={implicit=0.0, pageLoad=300000.0, script=30000.0}, pageLoadStrategy=normal, platform=ANY, specificationLevel=0.0, moz:accessibilityChecks=false, acceptInsecureCerts=false, browserVersion=54.0.1, platformVersion=6.1, moz:processID=716.0, browserName=firefox, javascriptEnabled=true, platformName=windows_nt}]
Session ID: 96bf6e50-c772-4026-bd92-e98dd023b2e1
*** Element info: {Using=xpath, value=.//*[@id=&apos;body&apos;]/div[1]/div[4]/div[2]/div/div/div[2]/div[1]/div/div/div[1]/div[2]/div[1]/div/input}
	at org.openqa.selenium.remote.http.W3CHttpResponseCodec.createException(W3CHttpResponseCodec.java:150)
	at org.openqa.selenium.remote.http.W3CHttpResponseCodec.decode(W3CHttpResponseCodec.java:115)
	at org.openqa.selenium.remote.http.W3CHttpResponseCodec.decode(W3CHttpResponseCodec.java:45)
	at org.openqa.selenium.remote.HttpCommandExecutor.execute(HttpCommandExecutor.java:164)
	at org.openqa.selenium.remote.service.DriverCommandExecutor.execute(DriverCommandExecutor.java:82)
	at org.openqa.selenium.remote.RemoteWebDriver.execute(RemoteWebDriver.java:637)
	at org.openqa.selenium.remote.RemoteWebDriver.findElement(RemoteWebDriver.java:410)
	at org.openqa.selenium.remote.RemoteWebDriver.findElementByXPath(RemoteWebDriver.java:509)
	at org.openqa.selenium.By$ByXPath.findElement(By.java:361)
	at org.openqa.selenium.remote.RemoteWebDriver.findElement(RemoteWebDriver.java:402)
	at quanlyhogiadinh.HoKhauThemMoi.xoahokhau(HoKhauThemMoi.java:200)
	at quanlyhogiadinh.HoKhauThemTest.xoahokhau(HoKhauThemTest.java:74)
... Removed 29 stack frames</div></td></tr></table><p class="totop"><a href="#summary">back to summary</a></p><h3 id="m34">quanlyhogiadinh.HoKhauThemTest#xoathongtinchuho</h3><table class="result"><tr><th>Exception</th></tr><tr><td><div class="stacktrace">org.openqa.selenium.WebDriverException: Tried to run command without establishing a connection
Build info: version: &apos;3.4.0&apos;, revision: &apos;unknown&apos;, time: &apos;unknown&apos;
System info: host: &apos;ICT-OS-XUYENMT&apos;, ip: &apos;10.61.187.121&apos;, os.name: &apos;Windows 7&apos;, os.arch: &apos;amd64&apos;, os.version: &apos;6.1&apos;, java.version: &apos;1.8.0_112&apos;
Driver info: org.openqa.selenium.firefox.FirefoxDriver
Capabilities [{moz:profile=C:\Users\ICT-OS~1\AppData\Local\Temp\rust_mozprofile.2PAkkpiYGudo, rotatable=false, timeouts={implicit=0.0, pageLoad=300000.0, script=30000.0}, pageLoadStrategy=normal, platform=ANY, specificationLevel=0.0, moz:accessibilityChecks=false, acceptInsecureCerts=false, browserVersion=54.0.1, platformVersion=6.1, moz:processID=716.0, browserName=firefox, javascriptEnabled=true, platformName=windows_nt}]
Session ID: 96bf6e50-c772-4026-bd92-e98dd023b2e1
*** Element info: {Using=xpath, value=.//*[@id=&apos;hokhau_dialog&apos;]/div[10]/div[1]/div/div[2]/table/tbody/tr/td[5]/a[2]/i}
	at org.openqa.selenium.remote.http.W3CHttpResponseCodec.createException(W3CHttpResponseCodec.java:150)
	at org.openqa.selenium.remote.http.W3CHttpResponseCodec.decode(W3CHttpResponseCodec.java:115)
	at org.openqa.selenium.remote.http.W3CHttpResponseCodec.decode(W3CHttpResponseCodec.java:45)
	at org.openqa.selenium.remote.HttpCommandExecutor.execute(HttpCommandExecutor.java:164)
	at org.openqa.selenium.remote.service.DriverCommandExecutor.execute(DriverCommandExecutor.java:82)
	at org.openqa.selenium.remote.RemoteWebDriver.execute(RemoteWebDriver.java:637)
	at org.openqa.selenium.remote.RemoteWebDriver.findElement(RemoteWebDriver.java:410)
	at org.openqa.selenium.remote.RemoteWebDriver.findElementByXPath(RemoteWebDriver.java:509)
	at org.openqa.selenium.By$ByXPath.findElement(By.java:361)
	at org.openqa.selenium.remote.RemoteWebDriver.findElement(RemoteWebDriver.java:402)
	at quanlyhogiadinh.HoKhauThemMoi.xoathongtinchuho(HoKhauThemMoi.java:185)
	at quanlyhogiadinh.HoKhauThemTest.xoathongtinchuho(HoKhauThemTest.java:70)
... Removed 29 stack frames</div></td></tr></table><p class="totop"><a href="#summary">back to summary</a></p><h2>Test4</h2><h3 id="m35">themdulieu.ThemDuLieuHoKhauTest#themmoiNKVaoHkThanhCong</h3><table class="result"><tr><th>Exception</th></tr><tr><td><div class="stacktrace">org.openqa.selenium.WebDriverException: Tried to run command without establishing a connection
Build info: version: &apos;3.4.0&apos;, revision: &apos;unknown&apos;, time: &apos;unknown&apos;
System info: host: &apos;ICT-OS-XUYENMT&apos;, ip: &apos;10.61.187.121&apos;, os.name: &apos;Windows 7&apos;, os.arch: &apos;amd64&apos;, os.version: &apos;6.1&apos;, java.version: &apos;1.8.0_112&apos;
Driver info: org.openqa.selenium.firefox.FirefoxDriver
Capabilities [{moz:profile=C:\Users\ICT-OS~1\AppData\Local\Temp\rust_mozprofile.dC2jBYxTOjjU, rotatable=false, timeouts={implicit=0.0, pageLoad=300000.0, script=30000.0}, pageLoadStrategy=normal, platform=ANY, specificationLevel=0.0, moz:accessibilityChecks=false, acceptInsecureCerts=false, browserVersion=54.0.1, platformVersion=6.1, moz:processID=4864.0, browserName=firefox, javascriptEnabled=true, platformName=windows_nt}]
Session ID: 16a88786-c8e8-4e9f-849b-eb83fddbd069
*** Element info: {Using=xpath, value=.//*[@id=&apos;hokhau_dialog&apos;]/div[10]/div[1]/div/div[1]/div/div/a/span[2]}
	at org.openqa.selenium.remote.http.W3CHttpResponseCodec.createException(W3CHttpResponseCodec.java:150)
	at org.openqa.selenium.remote.http.W3CHttpResponseCodec.decode(W3CHttpResponseCodec.java:115)
	at org.openqa.selenium.remote.http.W3CHttpResponseCodec.decode(W3CHttpResponseCodec.java:45)
	at org.openqa.selenium.remote.HttpCommandExecutor.execute(HttpCommandExecutor.java:164)
	at org.openqa.selenium.remote.service.DriverCommandExecutor.execute(DriverCommandExecutor.java:82)
	at org.openqa.selenium.remote.RemoteWebDriver.execute(RemoteWebDriver.java:637)
	at org.openqa.selenium.remote.RemoteWebDriver.findElement(RemoteWebDriver.java:410)
	at org.openqa.selenium.remote.RemoteWebDriver.findElementByXPath(RemoteWebDriver.java:509)
	at org.openqa.selenium.By$ByXPath.findElement(By.java:361)
	at org.openqa.selenium.remote.RemoteWebDriver.findElement(RemoteWebDriver.java:402)
	at themdulieu.ThemDuLieuHokhau.themmoiNKVaoHkThanhCong(ThemDuLieuHokhau.java:66)
	at themdulieu.ThemDuLieuHoKhauTest.themmoiNKVaoHkThanhCong(ThemDuLieuHoKhauTest.java:35)
... Removed 29 stack frames</div></td></tr></table><p class="totop"><a href="#summary">back to summary</a></p><h3 id="m36">themdulieu.ThemDuLieuHoKhauTest#themoihokhauthanhcong</h3><table class="result"><tr><th>Exception</th></tr><tr><td><div class="stacktrace">org.openqa.selenium.WebDriverException: Failed to decode response from marionette
Build info: version: &apos;3.4.0&apos;, revision: &apos;unknown&apos;, time: &apos;unknown&apos;
System info: host: &apos;ICT-OS-XUYENMT&apos;, ip: &apos;10.61.187.121&apos;, os.name: &apos;Windows 7&apos;, os.arch: &apos;amd64&apos;, os.version: &apos;6.1&apos;, java.version: &apos;1.8.0_112&apos;
Driver info: org.openqa.selenium.firefox.FirefoxDriver
Capabilities [{moz:profile=C:\Users\ICT-OS~1\AppData\Local\Temp\rust_mozprofile.dC2jBYxTOjjU, rotatable=false, timeouts={implicit=0.0, pageLoad=300000.0, script=30000.0}, pageLoadStrategy=normal, platform=ANY, specificationLevel=0.0, moz:accessibilityChecks=false, acceptInsecureCerts=false, browserVersion=54.0.1, platformVersion=6.1, moz:processID=4864.0, browserName=firefox, javascriptEnabled=true, platformName=windows_nt}]
Session ID: 16a88786-c8e8-4e9f-849b-eb83fddbd069
*** Element info: {Using=xpath, value=.//*[@id=&apos;body&apos;]/div[1]/div[4]/div[2]/div/div/div[2]/div[2]/div[2]/button[1]}
	at org.openqa.selenium.remote.http.W3CHttpResponseCodec.createException(W3CHttpResponseCodec.java:150)
	at org.openqa.selenium.remote.http.W3CHttpResponseCodec.decode(W3CHttpResponseCodec.java:115)
	at org.openqa.selenium.remote.http.W3CHttpResponseCodec.decode(W3CHttpResponseCodec.java:45)
	at org.openqa.selenium.remote.HttpCommandExecutor.execute(HttpCommandExecutor.java:164)
	at org.openqa.selenium.remote.service.DriverCommandExecutor.execute(DriverCommandExecutor.java:82)
	at org.openqa.selenium.remote.RemoteWebDriver.execute(RemoteWebDriver.java:637)
	at org.openqa.selenium.remote.RemoteWebDriver.findElement(RemoteWebDriver.java:410)
	at org.openqa.selenium.remote.RemoteWebDriver.findElementByXPath(RemoteWebDriver.java:509)
	at org.openqa.selenium.By$ByXPath.findElement(By.java:361)
	at org.openqa.selenium.remote.RemoteWebDriver.findElement(RemoteWebDriver.java:402)
	at themdulieu.ThemDuLieuHokhau.themoihokhauthanhcong1(ThemDuLieuHokhau.java:35)
	at themdulieu.ThemDuLieuHoKhauTest.themoihokhauthanhcong(ThemDuLieuHoKhauTest.java:31)
... Removed 29 stack frames</div></td></tr></table><p class="totop"><a href="#summary">back to summary</a></p><h2>Test5</h2><h3 id="m37">quanlyhogiadinh.NhanKhauThemVaoHoKhauTest#chuachonloaiquanhe</h3><table class="result"><tr><th>Exception</th></tr><tr><td><div class="stacktrace">org.openqa.selenium.NoSuchElementException: Unable to locate element: .//*[@id=&apos;body&apos;]/div[1]/div/div/div/form/div[2]/div/div[1]/div/span/button
For documentation on this error, please visit: http://seleniumhq.org/exceptions/no_such_element.html
Build info: version: &apos;3.4.0&apos;, revision: &apos;unknown&apos;, time: &apos;unknown&apos;
System info: host: &apos;ICT-OS-XUYENMT&apos;, ip: &apos;10.61.187.121&apos;, os.name: &apos;Windows 7&apos;, os.arch: &apos;amd64&apos;, os.version: &apos;6.1&apos;, java.version: &apos;1.8.0_112&apos;
Driver info: org.openqa.selenium.firefox.FirefoxDriver
Capabilities [{moz:profile=C:\Users\ICT-OS~1\AppData\Local\Temp\rust_mozprofile.HzHDFdnlepEq, rotatable=false, timeouts={implicit=0.0, pageLoad=300000.0, script=30000.0}, pageLoadStrategy=normal, platform=ANY, specificationLevel=0.0, moz:accessibilityChecks=false, acceptInsecureCerts=false, browserVersion=54.0.1, platformVersion=6.1, moz:processID=3380.0, browserName=firefox, javascriptEnabled=true, platformName=windows_nt}]
Session ID: 08a1808a-3aca-4487-91f3-5a6d9ffd1311
*** Element info: {Using=xpath, value=.//*[@id=&apos;body&apos;]/div[1]/div/div/div/form/div[2]/div/div[1]/div/span/button}
	at org.openqa.selenium.remote.http.W3CHttpResponseCodec.createException(W3CHttpResponseCodec.java:150)
	at org.openqa.selenium.remote.http.W3CHttpResponseCodec.decode(W3CHttpResponseCodec.java:115)
	at org.openqa.selenium.remote.http.W3CHttpResponseCodec.decode(W3CHttpResponseCodec.java:45)
	at org.openqa.selenium.remote.HttpCommandExecutor.execute(HttpCommandExecutor.java:164)
	at org.openqa.selenium.remote.service.DriverCommandExecutor.execute(DriverCommandExecutor.java:82)
	at org.openqa.selenium.remote.RemoteWebDriver.execute(RemoteWebDriver.java:637)
	at org.openqa.selenium.remote.RemoteWebDriver.findElement(RemoteWebDriver.java:410)
	at org.openqa.selenium.remote.RemoteWebDriver.findElementByXPath(RemoteWebDriver.java:509)
	at org.openqa.selenium.By$ByXPath.findElement(By.java:361)
	at org.openqa.selenium.remote.RemoteWebDriver.findElement(RemoteWebDriver.java:402)
	at quanlyhogiadinh.NhanKhauThemVaohoKhau.chuachonloaiquanhe(NhanKhauThemVaohoKhau.java:53)
	at quanlyhogiadinh.NhanKhauThemVaoHoKhauTest.chuachonloaiquanhe(NhanKhauThemVaoHoKhauTest.java:33)
... Removed 28 stack frames</div></td></tr></table><p class="totop"><a href="#summary">back to summary</a></p><h3 id="m38">quanlyhogiadinh.NhanKhauThemVaoHoKhauTest#chuachonnhankhau</h3><table class="result"><tr><th>Exception</th></tr><tr><td><div class="stacktrace">org.openqa.selenium.NoSuchElementException: Unable to locate element: .//*[@id=&apos;body&apos;]/div[1]/div[4]/div[2]/div/div/div[2]/div[2]/div[2]/button[1]
For documentation on this error, please visit: http://seleniumhq.org/exceptions/no_such_element.html
Build info: version: &apos;3.4.0&apos;, revision: &apos;unknown&apos;, time: &apos;unknown&apos;
System info: host: &apos;ICT-OS-XUYENMT&apos;, ip: &apos;10.61.187.121&apos;, os.name: &apos;Windows 7&apos;, os.arch: &apos;amd64&apos;, os.version: &apos;6.1&apos;, java.version: &apos;1.8.0_112&apos;
Driver info: org.openqa.selenium.firefox.FirefoxDriver
Capabilities [{moz:profile=C:\Users\ICT-OS~1\AppData\Local\Temp\rust_mozprofile.HzHDFdnlepEq, rotatable=false, timeouts={implicit=0.0, pageLoad=300000.0, script=30000.0}, pageLoadStrategy=normal, platform=ANY, specificationLevel=0.0, moz:accessibilityChecks=false, acceptInsecureCerts=false, browserVersion=54.0.1, platformVersion=6.1, moz:processID=3380.0, browserName=firefox, javascriptEnabled=true, platformName=windows_nt}]
Session ID: 08a1808a-3aca-4487-91f3-5a6d9ffd1311
*** Element info: {Using=xpath, value=.//*[@id=&apos;body&apos;]/div[1]/div[4]/div[2]/div/div/div[2]/div[2]/div[2]/button[1]}
	at org.openqa.selenium.remote.http.W3CHttpResponseCodec.createException(W3CHttpResponseCodec.java:150)
	at org.openqa.selenium.remote.http.W3CHttpResponseCodec.decode(W3CHttpResponseCodec.java:115)
	at org.openqa.selenium.remote.http.W3CHttpResponseCodec.decode(W3CHttpResponseCodec.java:45)
	at org.openqa.selenium.remote.HttpCommandExecutor.execute(HttpCommandExecutor.java:164)
	at org.openqa.selenium.remote.service.DriverCommandExecutor.execute(DriverCommandExecutor.java:82)
	at org.openqa.selenium.remote.RemoteWebDriver.execute(RemoteWebDriver.java:637)
	at org.openqa.selenium.remote.RemoteWebDriver.findElement(RemoteWebDriver.java:410)
	at org.openqa.selenium.remote.RemoteWebDriver.findElementByXPath(RemoteWebDriver.java:509)
	at org.openqa.selenium.By$ByXPath.findElement(By.java:361)
	at org.openqa.selenium.remote.RemoteWebDriver.findElement(RemoteWebDriver.java:402)
	at quanlyhogiadinh.NhanKhauThemVaohoKhau.chuachonnhankhau(NhanKhauThemVaohoKhau.java:30)
	at quanlyhogiadinh.NhanKhauThemVaoHoKhauTest.chuachonnhankhau(NhanKhauThemVaoHoKhauTest.java:29)
... Removed 28 stack frames</div></td></tr></table><p class="totop"><a href="#summary">back to summary</a></p><h3 id="m39">quanlyhogiadinh.NhanKhauThemVaoHoKhauTest#nhanKhauNaydaTonTai</h3><table class="result"><tr><th>Exception</th></tr><tr><td><div class="stacktrace">org.openqa.selenium.NoSuchElementException: Unable to locate element: .//*[@id=&apos;hokhau_dialog&apos;]/div[10]/div[1]/div/div[1]/div/div/a/span[2]
For documentation on this error, please visit: http://seleniumhq.org/exceptions/no_such_element.html
Build info: version: &apos;3.4.0&apos;, revision: &apos;unknown&apos;, time: &apos;unknown&apos;
System info: host: &apos;ICT-OS-XUYENMT&apos;, ip: &apos;10.61.187.121&apos;, os.name: &apos;Windows 7&apos;, os.arch: &apos;amd64&apos;, os.version: &apos;6.1&apos;, java.version: &apos;1.8.0_112&apos;
Driver info: org.openqa.selenium.firefox.FirefoxDriver
Capabilities [{moz:profile=C:\Users\ICT-OS~1\AppData\Local\Temp\rust_mozprofile.HzHDFdnlepEq, rotatable=false, timeouts={implicit=0.0, pageLoad=300000.0, script=30000.0}, pageLoadStrategy=normal, platform=ANY, specificationLevel=0.0, moz:accessibilityChecks=false, acceptInsecureCerts=false, browserVersion=54.0.1, platformVersion=6.1, moz:processID=3380.0, browserName=firefox, javascriptEnabled=true, platformName=windows_nt}]
Session ID: 08a1808a-3aca-4487-91f3-5a6d9ffd1311
*** Element info: {Using=xpath, value=.//*[@id=&apos;hokhau_dialog&apos;]/div[10]/div[1]/div/div[1]/div/div/a/span[2]}
	at org.openqa.selenium.remote.http.W3CHttpResponseCodec.createException(W3CHttpResponseCodec.java:150)
	at org.openqa.selenium.remote.http.W3CHttpResponseCodec.decode(W3CHttpResponseCodec.java:115)
	at org.openqa.selenium.remote.http.W3CHttpResponseCodec.decode(W3CHttpResponseCodec.java:45)
	at org.openqa.selenium.remote.HttpCommandExecutor.execute(HttpCommandExecutor.java:164)
	at org.openqa.selenium.remote.service.DriverCommandExecutor.execute(DriverCommandExecutor.java:82)
	at org.openqa.selenium.remote.RemoteWebDriver.execute(RemoteWebDriver.java:637)
	at org.openqa.selenium.remote.RemoteWebDriver.findElement(RemoteWebDriver.java:410)
	at org.openqa.selenium.remote.RemoteWebDriver.findElementByXPath(RemoteWebDriver.java:509)
	at org.openqa.selenium.By$ByXPath.findElement(By.java:361)
	at org.openqa.selenium.remote.RemoteWebDriver.findElement(RemoteWebDriver.java:402)
	at quanlyhogiadinh.NhanKhauThemVaohoKhau.nhanKhauNaydaTonTai(NhanKhauThemVaohoKhau.java:171)
	at quanlyhogiadinh.NhanKhauThemVaoHoKhauTest.nhanKhauNaydaTonTai(NhanKhauThemVaoHoKhauTest.java:53)
... Removed 28 stack frames</div></td></tr></table><p class="totop"><a href="#summary">back to summary</a></p><h3 id="m40">quanlyhogiadinh.NhanKhauThemVaoHoKhauTest#nhankhaudangcoquanhevoihokhac</h3><table class="result"><tr><th>Exception</th></tr><tr><td><div class="stacktrace">org.openqa.selenium.NoSuchElementException: Unable to locate element: .//*[@id=&apos;body&apos;]/div[1]/div/div/div/form/div[2]/div/div[1]/div/span/button
For documentation on this error, please visit: http://seleniumhq.org/exceptions/no_such_element.html
Build info: version: &apos;3.4.0&apos;, revision: &apos;unknown&apos;, time: &apos;unknown&apos;
System info: host: &apos;ICT-OS-XUYENMT&apos;, ip: &apos;10.61.187.121&apos;, os.name: &apos;Windows 7&apos;, os.arch: &apos;amd64&apos;, os.version: &apos;6.1&apos;, java.version: &apos;1.8.0_112&apos;
Driver info: org.openqa.selenium.firefox.FirefoxDriver
Capabilities [{moz:profile=C:\Users\ICT-OS~1\AppData\Local\Temp\rust_mozprofile.HzHDFdnlepEq, rotatable=false, timeouts={implicit=0.0, pageLoad=300000.0, script=30000.0}, pageLoadStrategy=normal, platform=ANY, specificationLevel=0.0, moz:accessibilityChecks=false, acceptInsecureCerts=false, browserVersion=54.0.1, platformVersion=6.1, moz:processID=3380.0, browserName=firefox, javascriptEnabled=true, platformName=windows_nt}]
Session ID: 08a1808a-3aca-4487-91f3-5a6d9ffd1311
*** Element info: {Using=xpath, value=.//*[@id=&apos;body&apos;]/div[1]/div/div/div/form/div[2]/div/div[1]/div/span/button}
	at org.openqa.selenium.remote.http.W3CHttpResponseCodec.createException(W3CHttpResponseCodec.java:150)
	at org.openqa.selenium.remote.http.W3CHttpResponseCodec.decode(W3CHttpResponseCodec.java:115)
	at org.openqa.selenium.remote.http.W3CHttpResponseCodec.decode(W3CHttpResponseCodec.java:45)
	at org.openqa.selenium.remote.HttpCommandExecutor.execute(HttpCommandExecutor.java:164)
	at org.openqa.selenium.remote.service.DriverCommandExecutor.execute(DriverCommandExecutor.java:82)
	at org.openqa.selenium.remote.RemoteWebDriver.execute(RemoteWebDriver.java:637)
	at org.openqa.selenium.remote.RemoteWebDriver.findElement(RemoteWebDriver.java:410)
	at org.openqa.selenium.remote.RemoteWebDriver.findElementByXPath(RemoteWebDriver.java:509)
	at org.openqa.selenium.By$ByXPath.findElement(By.java:361)
	at org.openqa.selenium.remote.RemoteWebDriver.findElement(RemoteWebDriver.java:402)
	at quanlyhogiadinh.NhanKhauThemVaohoKhau.nhankhaudangcoquanhevoihokhac(NhanKhauThemVaohoKhau.java:84)
	at quanlyhogiadinh.NhanKhauThemVaoHoKhauTest.nhankhaudangcoquanhevoihokhac(NhanKhauThemVaoHoKhauTest.java:41)
... Removed 28 stack frames</div></td></tr></table><p class="totop"><a href="#summary">back to summary</a></p><h3 id="m41">quanlyhogiadinh.NhanKhauThemVaoHoKhauTest#nhankhaudanglachucuahokhac</h3><table class="result"><tr><th>Exception</th></tr><tr><td><div class="stacktrace">org.openqa.selenium.NoSuchElementException: Unable to locate element: .//*[@id=&apos;field_loaiQh&apos;]
For documentation on this error, please visit: http://seleniumhq.org/exceptions/no_such_element.html
Build info: version: &apos;3.4.0&apos;, revision: &apos;unknown&apos;, time: &apos;unknown&apos;
System info: host: &apos;ICT-OS-XUYENMT&apos;, ip: &apos;10.61.187.121&apos;, os.name: &apos;Windows 7&apos;, os.arch: &apos;amd64&apos;, os.version: &apos;6.1&apos;, java.version: &apos;1.8.0_112&apos;
Driver info: org.openqa.selenium.firefox.FirefoxDriver
Capabilities [{moz:profile=C:\Users\ICT-OS~1\AppData\Local\Temp\rust_mozprofile.HzHDFdnlepEq, rotatable=false, timeouts={implicit=0.0, pageLoad=300000.0, script=30000.0}, pageLoadStrategy=normal, platform=ANY, specificationLevel=0.0, moz:accessibilityChecks=false, acceptInsecureCerts=false, browserVersion=54.0.1, platformVersion=6.1, moz:processID=3380.0, browserName=firefox, javascriptEnabled=true, platformName=windows_nt}]
Session ID: 08a1808a-3aca-4487-91f3-5a6d9ffd1311
*** Element info: {Using=xpath, value=.//*[@id=&apos;field_loaiQh&apos;]}
	at org.openqa.selenium.remote.http.W3CHttpResponseCodec.createException(W3CHttpResponseCodec.java:150)
	at org.openqa.selenium.remote.http.W3CHttpResponseCodec.decode(W3CHttpResponseCodec.java:115)
	at org.openqa.selenium.remote.http.W3CHttpResponseCodec.decode(W3CHttpResponseCodec.java:45)
	at org.openqa.selenium.remote.HttpCommandExecutor.execute(HttpCommandExecutor.java:164)
	at org.openqa.selenium.remote.service.DriverCommandExecutor.execute(DriverCommandExecutor.java:82)
	at org.openqa.selenium.remote.RemoteWebDriver.execute(RemoteWebDriver.java:637)
	at org.openqa.selenium.remote.RemoteWebDriver.findElement(RemoteWebDriver.java:410)
	at org.openqa.selenium.remote.RemoteWebDriver.findElementByXPath(RemoteWebDriver.java:509)
	at org.openqa.selenium.By$ByXPath.findElement(By.java:361)
	at org.openqa.selenium.remote.RemoteWebDriver.findElement(RemoteWebDriver.java:402)
	at quanlyhogiadinh.NhanKhauThemVaohoKhau.nhankhaudanglachucuahokhac(NhanKhauThemVaohoKhau.java:70)
	at quanlyhogiadinh.NhanKhauThemVaoHoKhauTest.nhankhaudanglachucuahokhac(NhanKhauThemVaoHoKhauTest.java:37)
... Removed 28 stack frames</div></td></tr></table><p class="totop"><a href="#summary">back to summary</a></p><h3 id="m42">quanlyhogiadinh.NhanKhauThemVaoHoKhauTest#soanhnhankhau</h3><table class="result"><tr><th>Exception</th></tr><tr><td><div class="stacktrace">org.openqa.selenium.NoSuchElementException: Unable to locate element: .//*[@id=&apos;hokhau_dialog&apos;]/div[10]/div[1]/div/div[2]/table/tbody/tr[2]/td[1]/a
For documentation on this error, please visit: http://seleniumhq.org/exceptions/no_such_element.html
Build info: version: &apos;3.4.0&apos;, revision: &apos;unknown&apos;, time: &apos;unknown&apos;
System info: host: &apos;ICT-OS-XUYENMT&apos;, ip: &apos;10.61.187.121&apos;, os.name: &apos;Windows 7&apos;, os.arch: &apos;amd64&apos;, os.version: &apos;6.1&apos;, java.version: &apos;1.8.0_112&apos;
Driver info: org.openqa.selenium.firefox.FirefoxDriver
Capabilities [{moz:profile=C:\Users\ICT-OS~1\AppData\Local\Temp\rust_mozprofile.HzHDFdnlepEq, rotatable=false, timeouts={implicit=0.0, pageLoad=300000.0, script=30000.0}, pageLoadStrategy=normal, platform=ANY, specificationLevel=0.0, moz:accessibilityChecks=false, acceptInsecureCerts=false, browserVersion=54.0.1, platformVersion=6.1, moz:processID=3380.0, browserName=firefox, javascriptEnabled=true, platformName=windows_nt}]
Session ID: 08a1808a-3aca-4487-91f3-5a6d9ffd1311
*** Element info: {Using=xpath, value=.//*[@id=&apos;hokhau_dialog&apos;]/div[10]/div[1]/div/div[2]/table/tbody/tr[2]/td[1]/a}
	at org.openqa.selenium.remote.http.W3CHttpResponseCodec.createException(W3CHttpResponseCodec.java:150)
	at org.openqa.selenium.remote.http.W3CHttpResponseCodec.decode(W3CHttpResponseCodec.java:115)
	at org.openqa.selenium.remote.http.W3CHttpResponseCodec.decode(W3CHttpResponseCodec.java:45)
	at org.openqa.selenium.remote.HttpCommandExecutor.execute(HttpCommandExecutor.java:164)
	at org.openqa.selenium.remote.service.DriverCommandExecutor.execute(DriverCommandExecutor.java:82)
	at org.openqa.selenium.remote.RemoteWebDriver.execute(RemoteWebDriver.java:637)
	at org.openqa.selenium.remote.RemoteWebDriver.findElement(RemoteWebDriver.java:410)
	at org.openqa.selenium.remote.RemoteWebDriver.findElementByXPath(RemoteWebDriver.java:509)
	at org.openqa.selenium.By$ByXPath.findElement(By.java:361)
	at org.openqa.selenium.remote.RemoteWebDriver.findElement(RemoteWebDriver.java:402)
	at quanlyhogiadinh.NhanKhauThemVaohoKhau.soanhnhankhau(NhanKhauThemVaohoKhau.java:151)
	at quanlyhogiadinh.NhanKhauThemVaoHoKhauTest.soanhnhankhau(NhanKhauThemVaoHoKhauTest.java:49)
... Removed 28 stack frames</div></td></tr></table><p class="totop"><a href="#summary">back to summary</a></p><h3 id="m43">quanlyhogiadinh.NhanKhauThemVaoHoKhauTest#suathongtinnhankhau</h3><table class="result"><tr><th>Exception</th></tr><tr><td><div class="stacktrace">org.openqa.selenium.NoSuchElementException: Unable to locate element: .//*[@id=&apos;hokhau_dialog&apos;]/div[10]/div[1]/div/div[2]/table/tbody/tr[2]/td[5]/a[1]/i
For documentation on this error, please visit: http://seleniumhq.org/exceptions/no_such_element.html
Build info: version: &apos;3.4.0&apos;, revision: &apos;unknown&apos;, time: &apos;unknown&apos;
System info: host: &apos;ICT-OS-XUYENMT&apos;, ip: &apos;10.61.187.121&apos;, os.name: &apos;Windows 7&apos;, os.arch: &apos;amd64&apos;, os.version: &apos;6.1&apos;, java.version: &apos;1.8.0_112&apos;
Driver info: org.openqa.selenium.firefox.FirefoxDriver
Capabilities [{moz:profile=C:\Users\ICT-OS~1\AppData\Local\Temp\rust_mozprofile.HzHDFdnlepEq, rotatable=false, timeouts={implicit=0.0, pageLoad=300000.0, script=30000.0}, pageLoadStrategy=normal, platform=ANY, specificationLevel=0.0, moz:accessibilityChecks=false, acceptInsecureCerts=false, browserVersion=54.0.1, platformVersion=6.1, moz:processID=3380.0, browserName=firefox, javascriptEnabled=true, platformName=windows_nt}]
Session ID: 08a1808a-3aca-4487-91f3-5a6d9ffd1311
*** Element info: {Using=xpath, value=.//*[@id=&apos;hokhau_dialog&apos;]/div[10]/div[1]/div/div[2]/table/tbody/tr[2]/td[5]/a[1]/i}
	at org.openqa.selenium.remote.http.W3CHttpResponseCodec.createException(W3CHttpResponseCodec.java:150)
	at org.openqa.selenium.remote.http.W3CHttpResponseCodec.decode(W3CHttpResponseCodec.java:115)
	at org.openqa.selenium.remote.http.W3CHttpResponseCodec.decode(W3CHttpResponseCodec.java:45)
	at org.openqa.selenium.remote.HttpCommandExecutor.execute(HttpCommandExecutor.java:164)
	at org.openqa.selenium.remote.service.DriverCommandExecutor.execute(DriverCommandExecutor.java:82)
	at org.openqa.selenium.remote.RemoteWebDriver.execute(RemoteWebDriver.java:637)
	at org.openqa.selenium.remote.RemoteWebDriver.findElement(RemoteWebDriver.java:410)
	at org.openqa.selenium.remote.RemoteWebDriver.findElementByXPath(RemoteWebDriver.java:509)
	at org.openqa.selenium.By$ByXPath.findElement(By.java:361)
	at org.openqa.selenium.remote.RemoteWebDriver.findElement(RemoteWebDriver.java:402)
	at quanlyhogiadinh.NhanKhauThemVaohoKhau.suathongtinnhankhau(NhanKhauThemVaohoKhau.java:194)
	at quanlyhogiadinh.NhanKhauThemVaoHoKhauTest.suathongtinnhankhau(NhanKhauThemVaoHoKhauTest.java:57)
... Removed 28 stack frames</div></td></tr></table><p class="totop"><a href="#summary">back to summary</a></p><h3 id="m44">quanlyhogiadinh.NhanKhauThemVaoHoKhauTest#themMoiNkVaoHkThanhCong</h3><table class="result"><tr><th>Exception</th></tr><tr><td><div class="stacktrace">org.openqa.selenium.NoSuchElementException: Unable to locate element: .//*[@id=&apos;body&apos;]/div[1]/div/div/div/form/div[2]/div/div[1]/div/span/button
For documentation on this error, please visit: http://seleniumhq.org/exceptions/no_such_element.html
Build info: version: &apos;3.4.0&apos;, revision: &apos;unknown&apos;, time: &apos;unknown&apos;
System info: host: &apos;ICT-OS-XUYENMT&apos;, ip: &apos;10.61.187.121&apos;, os.name: &apos;Windows 7&apos;, os.arch: &apos;amd64&apos;, os.version: &apos;6.1&apos;, java.version: &apos;1.8.0_112&apos;
Driver info: org.openqa.selenium.firefox.FirefoxDriver
Capabilities [{moz:profile=C:\Users\ICT-OS~1\AppData\Local\Temp\rust_mozprofile.HzHDFdnlepEq, rotatable=false, timeouts={implicit=0.0, pageLoad=300000.0, script=30000.0}, pageLoadStrategy=normal, platform=ANY, specificationLevel=0.0, moz:accessibilityChecks=false, acceptInsecureCerts=false, browserVersion=54.0.1, platformVersion=6.1, moz:processID=3380.0, browserName=firefox, javascriptEnabled=true, platformName=windows_nt}]
Session ID: 08a1808a-3aca-4487-91f3-5a6d9ffd1311
*** Element info: {Using=xpath, value=.//*[@id=&apos;body&apos;]/div[1]/div/div/div/form/div[2]/div/div[1]/div/span/button}
	at org.openqa.selenium.remote.http.W3CHttpResponseCodec.createException(W3CHttpResponseCodec.java:150)
	at org.openqa.selenium.remote.http.W3CHttpResponseCodec.decode(W3CHttpResponseCodec.java:115)
	at org.openqa.selenium.remote.http.W3CHttpResponseCodec.decode(W3CHttpResponseCodec.java:45)
	at org.openqa.selenium.remote.HttpCommandExecutor.execute(HttpCommandExecutor.java:164)
	at org.openqa.selenium.remote.service.DriverCommandExecutor.execute(DriverCommandExecutor.java:82)
	at org.openqa.selenium.remote.RemoteWebDriver.execute(RemoteWebDriver.java:637)
	at org.openqa.selenium.remote.RemoteWebDriver.findElement(RemoteWebDriver.java:410)
	at org.openqa.selenium.remote.RemoteWebDriver.findElementByXPath(RemoteWebDriver.java:509)
	at org.openqa.selenium.By$ByXPath.findElement(By.java:361)
	at org.openqa.selenium.remote.RemoteWebDriver.findElement(RemoteWebDriver.java:402)
	at quanlyhogiadinh.NhanKhauThemVaohoKhau.themMoiNkVaoHkThanhCong(NhanKhauThemVaohoKhau.java:108)
	at quanlyhogiadinh.NhanKhauThemVaoHoKhauTest.themMoiNkVaoHkThanhCong(NhanKhauThemVaoHoKhauTest.java:45)
... Removed 28 stack frames</div></td></tr></table><p class="totop"><a href="#summary">back to summary</a></p><h3 id="m45">quanlyhogiadinh.NhanKhauThemVaoHoKhauTest#xoanhankhau</h3><table class="result"><tr><th>Exception</th></tr><tr><td><div class="stacktrace">org.openqa.selenium.NoSuchElementException: Unable to locate element: .//*[@id=&apos;hokhau_dialog&apos;]/div[10]/div[1]/div/div[2]/table/tbody/tr[2]/td[5]/a[2]/i
For documentation on this error, please visit: http://seleniumhq.org/exceptions/no_such_element.html
Build info: version: &apos;3.4.0&apos;, revision: &apos;unknown&apos;, time: &apos;unknown&apos;
System info: host: &apos;ICT-OS-XUYENMT&apos;, ip: &apos;10.61.187.121&apos;, os.name: &apos;Windows 7&apos;, os.arch: &apos;amd64&apos;, os.version: &apos;6.1&apos;, java.version: &apos;1.8.0_112&apos;
Driver info: org.openqa.selenium.firefox.FirefoxDriver
Capabilities [{moz:profile=C:\Users\ICT-OS~1\AppData\Local\Temp\rust_mozprofile.HzHDFdnlepEq, rotatable=false, timeouts={implicit=0.0, pageLoad=300000.0, script=30000.0}, pageLoadStrategy=normal, platform=ANY, specificationLevel=0.0, moz:accessibilityChecks=false, acceptInsecureCerts=false, browserVersion=54.0.1, platformVersion=6.1, moz:processID=3380.0, browserName=firefox, javascriptEnabled=true, platformName=windows_nt}]
Session ID: 08a1808a-3aca-4487-91f3-5a6d9ffd1311
*** Element info: {Using=xpath, value=.//*[@id=&apos;hokhau_dialog&apos;]/div[10]/div[1]/div/div[2]/table/tbody/tr[2]/td[5]/a[2]/i}
	at org.openqa.selenium.remote.http.W3CHttpResponseCodec.createException(W3CHttpResponseCodec.java:150)
	at org.openqa.selenium.remote.http.W3CHttpResponseCodec.decode(W3CHttpResponseCodec.java:115)
	at org.openqa.selenium.remote.http.W3CHttpResponseCodec.decode(W3CHttpResponseCodec.java:45)
	at org.openqa.selenium.remote.HttpCommandExecutor.execute(HttpCommandExecutor.java:164)
	at org.openqa.selenium.remote.service.DriverCommandExecutor.execute(DriverCommandExecutor.java:82)
	at org.openqa.selenium.remote.RemoteWebDriver.execute(RemoteWebDriver.java:637)
	at org.openqa.selenium.remote.RemoteWebDriver.findElement(RemoteWebDriver.java:410)
	at org.openqa.selenium.remote.RemoteWebDriver.findElementByXPath(RemoteWebDriver.java:509)
	at org.openqa.selenium.By$ByXPath.findElement(By.java:361)
	at org.openqa.selenium.remote.RemoteWebDriver.findElement(RemoteWebDriver.java:402)
	at quanlyhogiadinh.NhanKhauThemVaohoKhau.xoanhankhau(NhanKhauThemVaohoKhau.java:205)
	at quanlyhogiadinh.NhanKhauThemVaoHoKhauTest.xoanhankhau(NhanKhauThemVaoHoKhauTest.java:61)
... Removed 28 stack frames</div></td></tr></table><p class="totop"><a href="#summary">back to summary</a></p><h2>Test6</h2><h3 id="m46">quanlyhogiadinh.NhanKhauThemVaoHoKhau2Test#chuachonnhankhau</h3><table class="result"><tr><th>Exception</th></tr><tr><td><div class="stacktrace">org.openqa.selenium.NoSuchElementException: Unable to locate element: .//*[@id=&apos;body&apos;]/div[1]/div[4]/div[1]/div/ul/li[3]/ul/li[1]/a
For documentation on this error, please visit: http://seleniumhq.org/exceptions/no_such_element.html
Build info: version: &apos;3.4.0&apos;, revision: &apos;unknown&apos;, time: &apos;unknown&apos;
System info: host: &apos;ICT-OS-XUYENMT&apos;, ip: &apos;10.61.187.121&apos;, os.name: &apos;Windows 7&apos;, os.arch: &apos;amd64&apos;, os.version: &apos;6.1&apos;, java.version: &apos;1.8.0_112&apos;
Driver info: org.openqa.selenium.firefox.FirefoxDriver
Capabilities [{moz:profile=C:\Users\ICT-OS~1\AppData\Local\Temp\rust_mozprofile.9buecP4AChUg, rotatable=false, timeouts={implicit=0.0, pageLoad=300000.0, script=30000.0}, pageLoadStrategy=normal, platform=ANY, specificationLevel=0.0, moz:accessibilityChecks=false, acceptInsecureCerts=false, browserVersion=54.0.1, platformVersion=6.1, moz:processID=5932.0, browserName=firefox, javascriptEnabled=true, platformName=windows_nt}]
Session ID: c9b862db-d057-4759-8b24-5cc0208b8754
*** Element info: {Using=xpath, value=.//*[@id=&apos;body&apos;]/div[1]/div[4]/div[1]/div/ul/li[3]/ul/li[1]/a}
	at org.openqa.selenium.remote.http.W3CHttpResponseCodec.createException(W3CHttpResponseCodec.java:150)
	at org.openqa.selenium.remote.http.W3CHttpResponseCodec.decode(W3CHttpResponseCodec.java:115)
	at org.openqa.selenium.remote.http.W3CHttpResponseCodec.decode(W3CHttpResponseCodec.java:45)
	at org.openqa.selenium.remote.HttpCommandExecutor.execute(HttpCommandExecutor.java:164)
	at org.openqa.selenium.remote.service.DriverCommandExecutor.execute(DriverCommandExecutor.java:82)
	at org.openqa.selenium.remote.RemoteWebDriver.execute(RemoteWebDriver.java:637)
	at org.openqa.selenium.remote.RemoteWebDriver.findElement(RemoteWebDriver.java:410)
	at org.openqa.selenium.remote.RemoteWebDriver.findElementByXPath(RemoteWebDriver.java:509)
	at org.openqa.selenium.By$ByXPath.findElement(By.java:361)
	at org.openqa.selenium.remote.RemoteWebDriver.findElement(RemoteWebDriver.java:402)
	at quanlyhogiadinh.NhanKhauThemVaoHoKhau2.chuachonquanhechuho(NhanKhauThemVaoHoKhau2.java:59)
	at quanlyhogiadinh.NhanKhauThemVaoHoKhau2Test.chuachonnhankhau(NhanKhauThemVaoHoKhau2Test.java:40)
... Removed 28 stack frames</div></td></tr></table><p class="totop"><a href="#summary">back to summary</a></p><h3 id="m47">quanlyhogiadinh.NhanKhauThemVaoHoKhau2Test#nhanKhauDangLaChuHo</h3><table class="result"><tr><th>Exception</th></tr><tr><td><div class="stacktrace">org.openqa.selenium.NoSuchElementException: Unable to locate element: .//*[@id=&apos;body&apos;]/div[1]/div/div/div/div[2]/div/div/div/div/section/form/div[1]/div[2]/div[1]/div/span/button[1]
For documentation on this error, please visit: http://seleniumhq.org/exceptions/no_such_element.html
Build info: version: &apos;3.4.0&apos;, revision: &apos;unknown&apos;, time: &apos;unknown&apos;
System info: host: &apos;ICT-OS-XUYENMT&apos;, ip: &apos;10.61.187.121&apos;, os.name: &apos;Windows 7&apos;, os.arch: &apos;amd64&apos;, os.version: &apos;6.1&apos;, java.version: &apos;1.8.0_112&apos;
Driver info: org.openqa.selenium.firefox.FirefoxDriver
Capabilities [{moz:profile=C:\Users\ICT-OS~1\AppData\Local\Temp\rust_mozprofile.9buecP4AChUg, rotatable=false, timeouts={implicit=0.0, pageLoad=300000.0, script=30000.0}, pageLoadStrategy=normal, platform=ANY, specificationLevel=0.0, moz:accessibilityChecks=false, acceptInsecureCerts=false, browserVersion=54.0.1, platformVersion=6.1, moz:processID=5932.0, browserName=firefox, javascriptEnabled=true, platformName=windows_nt}]
Session ID: c9b862db-d057-4759-8b24-5cc0208b8754
*** Element info: {Using=xpath, value=.//*[@id=&apos;body&apos;]/div[1]/div/div/div/div[2]/div/div/div/div/section/form/div[1]/div[2]/div[1]/div/span/button[1]}
	at org.openqa.selenium.remote.http.W3CHttpResponseCodec.createException(W3CHttpResponseCodec.java:150)
	at org.openqa.selenium.remote.http.W3CHttpResponseCodec.decode(W3CHttpResponseCodec.java:115)
	at org.openqa.selenium.remote.http.W3CHttpResponseCodec.decode(W3CHttpResponseCodec.java:45)
	at org.openqa.selenium.remote.HttpCommandExecutor.execute(HttpCommandExecutor.java:164)
	at org.openqa.selenium.remote.service.DriverCommandExecutor.execute(DriverCommandExecutor.java:82)
	at org.openqa.selenium.remote.RemoteWebDriver.execute(RemoteWebDriver.java:637)
	at org.openqa.selenium.remote.RemoteWebDriver.findElement(RemoteWebDriver.java:410)
	at org.openqa.selenium.remote.RemoteWebDriver.findElementByXPath(RemoteWebDriver.java:509)
	at org.openqa.selenium.By$ByXPath.findElement(By.java:361)
	at org.openqa.selenium.remote.RemoteWebDriver.findElement(RemoteWebDriver.java:402)
	at quanlyhogiadinh.NhanKhauThemVaoHoKhau2.nhanKhauDangLaChuHo(NhanKhauThemVaoHoKhau2.java:23)
	at quanlyhogiadinh.NhanKhauThemVaoHoKhau2Test.nhanKhauDangLaChuHo(NhanKhauThemVaoHoKhau2Test.java:31)
... Removed 28 stack frames</div></td></tr></table><p class="totop"><a href="#summary">back to summary</a></p><h3 id="m48">quanlyhogiadinh.NhanKhauThemVaoHoKhau2Test#nhanKhauKhongLaChuHo</h3><table class="result"><tr><th>Exception</th></tr><tr><td><div class="stacktrace">org.openqa.selenium.WebDriverException: Failed to decode response from marionette
Build info: version: &apos;3.4.0&apos;, revision: &apos;unknown&apos;, time: &apos;unknown&apos;
System info: host: &apos;ICT-OS-XUYENMT&apos;, ip: &apos;10.61.187.121&apos;, os.name: &apos;Windows 7&apos;, os.arch: &apos;amd64&apos;, os.version: &apos;6.1&apos;, java.version: &apos;1.8.0_112&apos;
Driver info: org.openqa.selenium.firefox.FirefoxDriver
Capabilities [{moz:profile=C:\Users\ICT-OS~1\AppData\Local\Temp\rust_mozprofile.9buecP4AChUg, rotatable=false, timeouts={implicit=0.0, pageLoad=300000.0, script=30000.0}, pageLoadStrategy=normal, platform=ANY, specificationLevel=0.0, moz:accessibilityChecks=false, acceptInsecureCerts=false, browserVersion=54.0.1, platformVersion=6.1, moz:processID=5932.0, browserName=firefox, javascriptEnabled=true, platformName=windows_nt}]
Session ID: c9b862db-d057-4759-8b24-5cc0208b8754
*** Element info: {Using=xpath, value=.//*[@id=&apos;body&apos;]/div[1]/div/div/div/div[2]/div/div/div/div/section/form/div[1]/div[2]/div[1]/div/span/button[1]}
	at org.openqa.selenium.remote.http.W3CHttpResponseCodec.createException(W3CHttpResponseCodec.java:150)
	at org.openqa.selenium.remote.http.W3CHttpResponseCodec.decode(W3CHttpResponseCodec.java:115)
	at org.openqa.selenium.remote.http.W3CHttpResponseCodec.decode(W3CHttpResponseCodec.java:45)
	at org.openqa.selenium.remote.HttpCommandExecutor.execute(HttpCommandExecutor.java:164)
	at org.openqa.selenium.remote.service.DriverCommandExecutor.execute(DriverCommandExecutor.java:82)
	at org.openqa.selenium.remote.RemoteWebDriver.execute(RemoteWebDriver.java:637)
	at org.openqa.selenium.remote.RemoteWebDriver.findElement(RemoteWebDriver.java:410)
	at org.openqa.selenium.remote.RemoteWebDriver.findElementByXPath(RemoteWebDriver.java:509)
	at org.openqa.selenium.By$ByXPath.findElement(By.java:361)
	at org.openqa.selenium.remote.RemoteWebDriver.findElement(RemoteWebDriver.java:402)
	at quanlyhogiadinh.NhanKhauThemVaoHoKhau2.nhanKhauKhongLaChuHo(NhanKhauThemVaoHoKhau2.java:84)
	at quanlyhogiadinh.NhanKhauThemVaoHoKhau2Test.nhanKhauKhongLaChuHo(NhanKhauThemVaoHoKhau2Test.java:45)
... Removed 29 stack frames</div></td></tr></table><p class="totop"><a href="#summary">back to summary</a></p><h3 id="m49">quanlyhogiadinh.NhanKhauThemVaoHoKhau2Test#xoa</h3><table class="result"><tr><th>Exception</th></tr><tr><td><div class="stacktrace">org.openqa.selenium.NoSuchElementException: Unable to locate element: .//*[@id=&apos;body&apos;]/div[1]/div[4]/div[1]/div/ul/li[3]/ul/li[2]/a
For documentation on this error, please visit: http://seleniumhq.org/exceptions/no_such_element.html
Build info: version: &apos;3.4.0&apos;, revision: &apos;unknown&apos;, time: &apos;unknown&apos;
System info: host: &apos;ICT-OS-XUYENMT&apos;, ip: &apos;10.61.187.121&apos;, os.name: &apos;Windows 7&apos;, os.arch: &apos;amd64&apos;, os.version: &apos;6.1&apos;, java.version: &apos;1.8.0_112&apos;
Driver info: org.openqa.selenium.firefox.FirefoxDriver
Capabilities [{moz:profile=C:\Users\ICT-OS~1\AppData\Local\Temp\rust_mozprofile.9buecP4AChUg, rotatable=false, timeouts={implicit=0.0, pageLoad=300000.0, script=30000.0}, pageLoadStrategy=normal, platform=ANY, specificationLevel=0.0, moz:accessibilityChecks=false, acceptInsecureCerts=false, browserVersion=54.0.1, platformVersion=6.1, moz:processID=5932.0, browserName=firefox, javascriptEnabled=true, platformName=windows_nt}]
Session ID: c9b862db-d057-4759-8b24-5cc0208b8754
*** Element info: {Using=xpath, value=.//*[@id=&apos;body&apos;]/div[1]/div[4]/div[1]/div/ul/li[3]/ul/li[2]/a}
	at org.openqa.selenium.remote.http.W3CHttpResponseCodec.createException(W3CHttpResponseCodec.java:150)
	at org.openqa.selenium.remote.http.W3CHttpResponseCodec.decode(W3CHttpResponseCodec.java:115)
	at org.openqa.selenium.remote.http.W3CHttpResponseCodec.decode(W3CHttpResponseCodec.java:45)
	at org.openqa.selenium.remote.HttpCommandExecutor.execute(HttpCommandExecutor.java:164)
	at org.openqa.selenium.remote.service.DriverCommandExecutor.execute(DriverCommandExecutor.java:82)
	at org.openqa.selenium.remote.RemoteWebDriver.execute(RemoteWebDriver.java:637)
	at org.openqa.selenium.remote.RemoteWebDriver.findElement(RemoteWebDriver.java:410)
	at org.openqa.selenium.remote.RemoteWebDriver.findElementByXPath(RemoteWebDriver.java:509)
	at org.openqa.selenium.By$ByXPath.findElement(By.java:361)
	at org.openqa.selenium.remote.RemoteWebDriver.findElement(RemoteWebDriver.java:402)
	at quanlyhogiadinh.NhanKhauThemVaoHoKhau2.xoa(NhanKhauThemVaoHoKhau2.java:32)
	at quanlyhogiadinh.NhanKhauThemVaoHoKhau2Test.xoa(NhanKhauThemVaoHoKhau2Test.java:35)
... Removed 28 stack frames</div></td></tr></table><p class="totop"><a href="#summary">back to summary</a></p><h2>Test7</h2><h3 id="m50">quanlyhososuckhoe.KhamLapThemTest#soSanhKhamLap</h3><table class="result"><tr><th>Exception</th></tr><tr><td><div class="stacktrace">org.openqa.selenium.NoSuchElementException: Unable to locate element: .//*[@id=&apos;body&apos;]/div[1]/div[4]/div[2]/div/div/div[2]/div[3]/div/div/table/tbody/tr/td[2]
For documentation on this error, please visit: http://seleniumhq.org/exceptions/no_such_element.html
Build info: version: &apos;3.4.0&apos;, revision: &apos;unknown&apos;, time: &apos;unknown&apos;
System info: host: &apos;ICT-OS-XUYENMT&apos;, ip: &apos;10.61.187.121&apos;, os.name: &apos;Windows 7&apos;, os.arch: &apos;amd64&apos;, os.version: &apos;6.1&apos;, java.version: &apos;1.8.0_112&apos;
Driver info: org.openqa.selenium.firefox.FirefoxDriver
Capabilities [{moz:profile=C:\Users\ICT-OS~1\AppData\Local\Temp\rust_mozprofile.ZsfdgyNQvUug, rotatable=false, timeouts={implicit=0.0, pageLoad=300000.0, script=30000.0}, pageLoadStrategy=normal, platform=ANY, specificationLevel=0.0, moz:accessibilityChecks=false, acceptInsecureCerts=false, browserVersion=54.0.1, platformVersion=6.1, moz:processID=4440.0, browserName=firefox, javascriptEnabled=true, platformName=windows_nt}]
Session ID: 6be8768a-fc41-4e11-9405-17ab8092684f
*** Element info: {Using=xpath, value=.//*[@id=&apos;body&apos;]/div[1]/div[4]/div[2]/div/div/div[2]/div[3]/div/div/table/tbody/tr/td[2]}
	at org.openqa.selenium.remote.http.W3CHttpResponseCodec.createException(W3CHttpResponseCodec.java:150)
	at org.openqa.selenium.remote.http.W3CHttpResponseCodec.decode(W3CHttpResponseCodec.java:115)
	at org.openqa.selenium.remote.http.W3CHttpResponseCodec.decode(W3CHttpResponseCodec.java:45)
	at org.openqa.selenium.remote.HttpCommandExecutor.execute(HttpCommandExecutor.java:164)
	at org.openqa.selenium.remote.service.DriverCommandExecutor.execute(DriverCommandExecutor.java:82)
	at org.openqa.selenium.remote.RemoteWebDriver.execute(RemoteWebDriver.java:637)
	at org.openqa.selenium.remote.RemoteWebDriver.findElement(RemoteWebDriver.java:410)
	at org.openqa.selenium.remote.RemoteWebDriver.findElementByXPath(RemoteWebDriver.java:509)
	at org.openqa.selenium.By$ByXPath.findElement(By.java:361)
	at org.openqa.selenium.remote.RemoteWebDriver.findElement(RemoteWebDriver.java:402)
	at quanlyhososuckhoe.KhamLapThemMoi.soSanhKhamLap(KhamLapThemMoi.java:155)
	at quanlyhososuckhoe.KhamLapThemTest.soSanhKhamLap(KhamLapThemTest.java:52)
... Removed 28 stack frames</div></td></tr></table><p class="totop"><a href="#summary">back to summary</a></p><h3 id="m51">quanlyhososuckhoe.KhamLapThemTest#checkMau</h3><table class="result"></table><p class="totop"><a href="#summary">back to summary</a></p><h3 id="m52">quanlyhososuckhoe.KhamLapThemTest#chuaCoDuLieuThayDoi</h3><table class="result"></table><p class="totop"><a href="#summary">back to summary</a></p><h3 id="m53">quanlyhososuckhoe.KhamLapThemTest#khamLapThanhCong</h3><table class="result"></table><p class="totop"><a href="#summary">back to summary</a></p><h3 id="m54">quanlyhososuckhoe.KhamLapThemTest#ngayHenKhamKhongDuocNhoHonNgayKham</h3><table class="result"></table><p class="totop"><a href="#summary">back to summary</a></p><h3 id="m55">quanlyhososuckhoe.KhamLapThemTest#ngayKhamkhongDuocLonHonNgayhienTai</h3><table class="result"></table><p class="totop"><a href="#summary">back to summary</a></p><h2>Test8</h2><h3 id="m56">quanlyhososuckhoe.LichSuThemTest#boTrongNgayBatDau</h3><table class="result"><tr><th>Exception</th></tr><tr><td><div class="stacktrace">org.openqa.selenium.NoSuchElementException: Unable to locate element: .//*[@id=&apos;field_ngayBatDau&apos;]
For documentation on this error, please visit: http://seleniumhq.org/exceptions/no_such_element.html
Build info: version: &apos;3.4.0&apos;, revision: &apos;unknown&apos;, time: &apos;unknown&apos;
System info: host: &apos;ICT-OS-XUYENMT&apos;, ip: &apos;10.61.187.121&apos;, os.name: &apos;Windows 7&apos;, os.arch: &apos;amd64&apos;, os.version: &apos;6.1&apos;, java.version: &apos;1.8.0_112&apos;
Driver info: org.openqa.selenium.firefox.FirefoxDriver
Capabilities [{moz:profile=C:\Users\ICT-OS~1\AppData\Local\Temp\rust_mozprofile.eRWBGWAlQDOL, rotatable=false, timeouts={implicit=0.0, pageLoad=300000.0, script=30000.0}, pageLoadStrategy=normal, platform=ANY, specificationLevel=0.0, moz:accessibilityChecks=false, acceptInsecureCerts=false, browserVersion=54.0.1, platformVersion=6.1, moz:processID=5196.0, browserName=firefox, javascriptEnabled=true, platformName=windows_nt}]
Session ID: 8646c4a9-4b3e-4e67-aa5c-70a226bf17bf
*** Element info: {Using=xpath, value=.//*[@id=&apos;field_ngayBatDau&apos;]}
	at org.openqa.selenium.remote.http.W3CHttpResponseCodec.createException(W3CHttpResponseCodec.java:150)
	at org.openqa.selenium.remote.http.W3CHttpResponseCodec.decode(W3CHttpResponseCodec.java:115)
	at org.openqa.selenium.remote.http.W3CHttpResponseCodec.decode(W3CHttpResponseCodec.java:45)
	at org.openqa.selenium.remote.HttpCommandExecutor.execute(HttpCommandExecutor.java:164)
	at org.openqa.selenium.remote.service.DriverCommandExecutor.execute(DriverCommandExecutor.java:82)
	at org.openqa.selenium.remote.RemoteWebDriver.execute(RemoteWebDriver.java:637)
	at org.openqa.selenium.remote.RemoteWebDriver.findElement(RemoteWebDriver.java:410)
	at org.openqa.selenium.remote.RemoteWebDriver.findElementByXPath(RemoteWebDriver.java:509)
	at org.openqa.selenium.By$ByXPath.findElement(By.java:361)
	at org.openqa.selenium.remote.RemoteWebDriver.findElement(RemoteWebDriver.java:402)
	at quanlyhososuckhoe.LichSuThemMoi.boTrongNgayBatDau(LichSuThemMoi.java:35)
	at quanlyhososuckhoe.LichSuThemTest.boTrongNgayBatDau(LichSuThemTest.java:32)
... Removed 28 stack frames</div></td></tr></table><p class="totop"><a href="#summary">back to summary</a></p><h3 id="m57">quanlyhososuckhoe.LichSuThemTest#boTrongNgayKetThuc</h3><table class="result"><tr><th>Exception</th></tr><tr><td><div class="stacktrace">org.openqa.selenium.NoSuchElementException: Unable to locate element: .//*[@id=&apos;field_ngayKetThuc&apos;]
For documentation on this error, please visit: http://seleniumhq.org/exceptions/no_such_element.html
Build info: version: &apos;3.4.0&apos;, revision: &apos;unknown&apos;, time: &apos;unknown&apos;
System info: host: &apos;ICT-OS-XUYENMT&apos;, ip: &apos;10.61.187.121&apos;, os.name: &apos;Windows 7&apos;, os.arch: &apos;amd64&apos;, os.version: &apos;6.1&apos;, java.version: &apos;1.8.0_112&apos;
Driver info: org.openqa.selenium.firefox.FirefoxDriver
Capabilities [{moz:profile=C:\Users\ICT-OS~1\AppData\Local\Temp\rust_mozprofile.eRWBGWAlQDOL, rotatable=false, timeouts={implicit=0.0, pageLoad=300000.0, script=30000.0}, pageLoadStrategy=normal, platform=ANY, specificationLevel=0.0, moz:accessibilityChecks=false, acceptInsecureCerts=false, browserVersion=54.0.1, platformVersion=6.1, moz:processID=5196.0, browserName=firefox, javascriptEnabled=true, platformName=windows_nt}]
Session ID: 8646c4a9-4b3e-4e67-aa5c-70a226bf17bf
*** Element info: {Using=xpath, value=.//*[@id=&apos;field_ngayKetThuc&apos;]}
	at org.openqa.selenium.remote.http.W3CHttpResponseCodec.createException(W3CHttpResponseCodec.java:150)
	at org.openqa.selenium.remote.http.W3CHttpResponseCodec.decode(W3CHttpResponseCodec.java:115)
	at org.openqa.selenium.remote.http.W3CHttpResponseCodec.decode(W3CHttpResponseCodec.java:45)
	at org.openqa.selenium.remote.HttpCommandExecutor.execute(HttpCommandExecutor.java:164)
	at org.openqa.selenium.remote.service.DriverCommandExecutor.execute(DriverCommandExecutor.java:82)
	at org.openqa.selenium.remote.RemoteWebDriver.execute(RemoteWebDriver.java:637)
	at org.openqa.selenium.remote.RemoteWebDriver.findElement(RemoteWebDriver.java:410)
	at org.openqa.selenium.remote.RemoteWebDriver.findElementByXPath(RemoteWebDriver.java:509)
	at org.openqa.selenium.By$ByXPath.findElement(By.java:361)
	at org.openqa.selenium.remote.RemoteWebDriver.findElement(RemoteWebDriver.java:402)
	at quanlyhososuckhoe.LichSuThemMoi.boTrongNgayKetThuc(LichSuThemMoi.java:48)
	at quanlyhososuckhoe.LichSuThemTest.boTrongNgayKetThuc(LichSuThemTest.java:36)
... Removed 28 stack frames</div></td></tr></table><p class="totop"><a href="#summary">back to summary</a></p><h3 id="m58">quanlyhososuckhoe.LichSuThemTest#boTrongngaykham</h3><table class="result"><tr><th>Exception</th></tr><tr><td><div class="stacktrace">org.openqa.selenium.NoSuchElementException: Unable to locate element: .//*[@id=&apos;body&apos;]/div[1]/div[4]/div[2]/div/div/div[2]/div[2]/div/button
For documentation on this error, please visit: http://seleniumhq.org/exceptions/no_such_element.html
Build info: version: &apos;3.4.0&apos;, revision: &apos;unknown&apos;, time: &apos;unknown&apos;
System info: host: &apos;ICT-OS-XUYENMT&apos;, ip: &apos;10.61.187.121&apos;, os.name: &apos;Windows 7&apos;, os.arch: &apos;amd64&apos;, os.version: &apos;6.1&apos;, java.version: &apos;1.8.0_112&apos;
Driver info: org.openqa.selenium.firefox.FirefoxDriver
Capabilities [{moz:profile=C:\Users\ICT-OS~1\AppData\Local\Temp\rust_mozprofile.eRWBGWAlQDOL, rotatable=false, timeouts={implicit=0.0, pageLoad=300000.0, script=30000.0}, pageLoadStrategy=normal, platform=ANY, specificationLevel=0.0, moz:accessibilityChecks=false, acceptInsecureCerts=false, browserVersion=54.0.1, platformVersion=6.1, moz:processID=5196.0, browserName=firefox, javascriptEnabled=true, platformName=windows_nt}]
Session ID: 8646c4a9-4b3e-4e67-aa5c-70a226bf17bf
*** Element info: {Using=xpath, value=.//*[@id=&apos;body&apos;]/div[1]/div[4]/div[2]/div/div/div[2]/div[2]/div/button}
	at org.openqa.selenium.remote.http.W3CHttpResponseCodec.createException(W3CHttpResponseCodec.java:150)
	at org.openqa.selenium.remote.http.W3CHttpResponseCodec.decode(W3CHttpResponseCodec.java:115)
	at org.openqa.selenium.remote.http.W3CHttpResponseCodec.decode(W3CHttpResponseCodec.java:45)
	at org.openqa.selenium.remote.HttpCommandExecutor.execute(HttpCommandExecutor.java:164)
	at org.openqa.selenium.remote.service.DriverCommandExecutor.execute(DriverCommandExecutor.java:82)
	at org.openqa.selenium.remote.RemoteWebDriver.execute(RemoteWebDriver.java:637)
	at org.openqa.selenium.remote.RemoteWebDriver.findElement(RemoteWebDriver.java:410)
	at org.openqa.selenium.remote.RemoteWebDriver.findElementByXPath(RemoteWebDriver.java:509)
	at org.openqa.selenium.By$ByXPath.findElement(By.java:361)
	at org.openqa.selenium.remote.RemoteWebDriver.findElement(RemoteWebDriver.java:402)
	at quanlyhososuckhoe.LichSuThemMoi.boTrongngaykham(LichSuThemMoi.java:20)
	at quanlyhososuckhoe.LichSuThemTest.boTrongngaykham(LichSuThemTest.java:28)
... Removed 28 stack frames</div></td></tr></table><p class="totop"><a href="#summary">back to summary</a></p><h3 id="m59">quanlyhososuckhoe.LichSuThemTest#ketQuaKhongDuocDetrong</h3><table class="result"><tr><th>Exception</th></tr><tr><td><div class="stacktrace">org.openqa.selenium.WebDriverException: Tried to run command without establishing a connection
Build info: version: &apos;3.4.0&apos;, revision: &apos;unknown&apos;, time: &apos;unknown&apos;
System info: host: &apos;ICT-OS-XUYENMT&apos;, ip: &apos;10.61.187.121&apos;, os.name: &apos;Windows 7&apos;, os.arch: &apos;amd64&apos;, os.version: &apos;6.1&apos;, java.version: &apos;1.8.0_112&apos;
Driver info: org.openqa.selenium.firefox.FirefoxDriver
Capabilities [{moz:profile=C:\Users\ICT-OS~1\AppData\Local\Temp\rust_mozprofile.eRWBGWAlQDOL, rotatable=false, timeouts={implicit=0.0, pageLoad=300000.0, script=30000.0}, pageLoadStrategy=normal, platform=ANY, specificationLevel=0.0, moz:accessibilityChecks=false, acceptInsecureCerts=false, browserVersion=54.0.1, platformVersion=6.1, moz:processID=5196.0, browserName=firefox, javascriptEnabled=true, platformName=windows_nt}]
Session ID: 8646c4a9-4b3e-4e67-aa5c-70a226bf17bf
*** Element info: {Using=xpath, value=.//*[@id=&apos;tenDichVu&apos;]}
	at org.openqa.selenium.remote.http.W3CHttpResponseCodec.createException(W3CHttpResponseCodec.java:150)
	at org.openqa.selenium.remote.http.W3CHttpResponseCodec.decode(W3CHttpResponseCodec.java:115)
	at org.openqa.selenium.remote.http.W3CHttpResponseCodec.decode(W3CHttpResponseCodec.java:45)
	at org.openqa.selenium.remote.HttpCommandExecutor.execute(HttpCommandExecutor.java:164)
	at org.openqa.selenium.remote.service.DriverCommandExecutor.execute(DriverCommandExecutor.java:82)
	at org.openqa.selenium.remote.RemoteWebDriver.execute(RemoteWebDriver.java:637)
	at org.openqa.selenium.remote.RemoteWebDriver.findElement(RemoteWebDriver.java:410)
	at org.openqa.selenium.remote.RemoteWebDriver.findElementByXPath(RemoteWebDriver.java:509)
	at org.openqa.selenium.By$ByXPath.findElement(By.java:361)
	at org.openqa.selenium.remote.RemoteWebDriver.findElement(RemoteWebDriver.java:402)
	at quanlyhososuckhoe.LichSuThemMoi.ketQuaKhongDuocDetrong(LichSuThemMoi.java:249)
	at quanlyhososuckhoe.LichSuThemTest.ketQuaKhongDuocDetrong(LichSuThemTest.java:68)
... Removed 28 stack frames</div></td></tr></table><p class="totop"><a href="#summary">back to summary</a></p><h3 id="m60">quanlyhososuckhoe.LichSuThemTest#ngayKetThucKhongDuocNhoHonNgayBatDau</h3><table class="result"><tr><th>Exception</th></tr><tr><td><div class="stacktrace">org.openqa.selenium.NoSuchElementException: Unable to locate element: .//*[@id=&apos;field_ngayKham&apos;]
For documentation on this error, please visit: http://seleniumhq.org/exceptions/no_such_element.html
Build info: version: &apos;3.4.0&apos;, revision: &apos;unknown&apos;, time: &apos;unknown&apos;
System info: host: &apos;ICT-OS-XUYENMT&apos;, ip: &apos;10.61.187.121&apos;, os.name: &apos;Windows 7&apos;, os.arch: &apos;amd64&apos;, os.version: &apos;6.1&apos;, java.version: &apos;1.8.0_112&apos;
Driver info: org.openqa.selenium.firefox.FirefoxDriver
Capabilities [{moz:profile=C:\Users\ICT-OS~1\AppData\Local\Temp\rust_mozprofile.eRWBGWAlQDOL, rotatable=false, timeouts={implicit=0.0, pageLoad=300000.0, script=30000.0}, pageLoadStrategy=normal, platform=ANY, specificationLevel=0.0, moz:accessibilityChecks=false, acceptInsecureCerts=false, browserVersion=54.0.1, platformVersion=6.1, moz:processID=5196.0, browserName=firefox, javascriptEnabled=true, platformName=windows_nt}]
Session ID: 8646c4a9-4b3e-4e67-aa5c-70a226bf17bf
*** Element info: {Using=xpath, value=.//*[@id=&apos;field_ngayKham&apos;]}
	at org.openqa.selenium.remote.http.W3CHttpResponseCodec.createException(W3CHttpResponseCodec.java:150)
	at org.openqa.selenium.remote.http.W3CHttpResponseCodec.decode(W3CHttpResponseCodec.java:115)
	at org.openqa.selenium.remote.http.W3CHttpResponseCodec.decode(W3CHttpResponseCodec.java:45)
	at org.openqa.selenium.remote.HttpCommandExecutor.execute(HttpCommandExecutor.java:164)
	at org.openqa.selenium.remote.service.DriverCommandExecutor.execute(DriverCommandExecutor.java:82)
	at org.openqa.selenium.remote.RemoteWebDriver.execute(RemoteWebDriver.java:637)
	at org.openqa.selenium.remote.RemoteWebDriver.findElement(RemoteWebDriver.java:410)
	at org.openqa.selenium.remote.RemoteWebDriver.findElementByXPath(RemoteWebDriver.java:509)
	at org.openqa.selenium.By$ByXPath.findElement(By.java:361)
	at org.openqa.selenium.remote.RemoteWebDriver.findElement(RemoteWebDriver.java:402)
	at quanlyhososuckhoe.LichSuThemMoi.ngayKetThucKhongDuocNhoHonNgayBatDau(LichSuThemMoi.java:80)
	at quanlyhososuckhoe.LichSuThemTest.ngayKetThucKhongDuocNhoHonNgayBatDau(LichSuThemTest.java:44)
... Removed 28 stack frames</div></td></tr></table><p class="totop"><a href="#summary">back to summary</a></p><h3 id="m61">quanlyhososuckhoe.LichSuThemTest#ngayKhamKhongDuocLonHonNgayHientai</h3><table class="result"><tr><th>Exception</th></tr><tr><td><div class="stacktrace">org.openqa.selenium.WebDriverException: Failed to decode response from marionette
Build info: version: &apos;3.4.0&apos;, revision: &apos;unknown&apos;, time: &apos;unknown&apos;
System info: host: &apos;ICT-OS-XUYENMT&apos;, ip: &apos;10.61.187.121&apos;, os.name: &apos;Windows 7&apos;, os.arch: &apos;amd64&apos;, os.version: &apos;6.1&apos;, java.version: &apos;1.8.0_112&apos;
Driver info: org.openqa.selenium.firefox.FirefoxDriver
Capabilities [{moz:profile=C:\Users\ICT-OS~1\AppData\Local\Temp\rust_mozprofile.eRWBGWAlQDOL, rotatable=false, timeouts={implicit=0.0, pageLoad=300000.0, script=30000.0}, pageLoadStrategy=normal, platform=ANY, specificationLevel=0.0, moz:accessibilityChecks=false, acceptInsecureCerts=false, browserVersion=54.0.1, platformVersion=6.1, moz:processID=5196.0, browserName=firefox, javascriptEnabled=true, platformName=windows_nt}]
Session ID: 8646c4a9-4b3e-4e67-aa5c-70a226bf17bf
*** Element info: {Using=xpath, value=.//*[@id=&apos;field_ngayKham&apos;]}
	at org.openqa.selenium.remote.http.W3CHttpResponseCodec.createException(W3CHttpResponseCodec.java:150)
	at org.openqa.selenium.remote.http.W3CHttpResponseCodec.decode(W3CHttpResponseCodec.java:115)
	at org.openqa.selenium.remote.http.W3CHttpResponseCodec.decode(W3CHttpResponseCodec.java:45)
	at org.openqa.selenium.remote.HttpCommandExecutor.execute(HttpCommandExecutor.java:164)
	at org.openqa.selenium.remote.service.DriverCommandExecutor.execute(DriverCommandExecutor.java:82)
	at org.openqa.selenium.remote.RemoteWebDriver.execute(RemoteWebDriver.java:637)
	at org.openqa.selenium.remote.RemoteWebDriver.findElement(RemoteWebDriver.java:410)
	at org.openqa.selenium.remote.RemoteWebDriver.findElementByXPath(RemoteWebDriver.java:509)
	at org.openqa.selenium.By$ByXPath.findElement(By.java:361)
	at org.openqa.selenium.remote.RemoteWebDriver.findElement(RemoteWebDriver.java:402)
	at quanlyhososuckhoe.LichSuThemMoi.ngayKhamKhongDuocLonHonNgayHientai(LichSuThemMoi.java:119)
	at quanlyhososuckhoe.LichSuThemTest.ngayKhamKhongDuocLonHonNgayHientai(LichSuThemTest.java:52)
... Removed 29 stack frames</div></td></tr></table><p class="totop"><a href="#summary">back to summary</a></p><h3 id="m62">quanlyhososuckhoe.LichSuThemTest#ngayKhamKhongDuocLonHonNgayKetThuc</h3><table class="result"><tr><th>Exception</th></tr><tr><td><div class="stacktrace">org.openqa.selenium.NoSuchElementException: Unable to locate element: .//*[@id=&apos;field_ngayKham&apos;]
For documentation on this error, please visit: http://seleniumhq.org/exceptions/no_such_element.html
Build info: version: &apos;3.4.0&apos;, revision: &apos;unknown&apos;, time: &apos;unknown&apos;
System info: host: &apos;ICT-OS-XUYENMT&apos;, ip: &apos;10.61.187.121&apos;, os.name: &apos;Windows 7&apos;, os.arch: &apos;amd64&apos;, os.version: &apos;6.1&apos;, java.version: &apos;1.8.0_112&apos;
Driver info: org.openqa.selenium.firefox.FirefoxDriver
Capabilities [{moz:profile=C:\Users\ICT-OS~1\AppData\Local\Temp\rust_mozprofile.eRWBGWAlQDOL, rotatable=false, timeouts={implicit=0.0, pageLoad=300000.0, script=30000.0}, pageLoadStrategy=normal, platform=ANY, specificationLevel=0.0, moz:accessibilityChecks=false, acceptInsecureCerts=false, browserVersion=54.0.1, platformVersion=6.1, moz:processID=5196.0, browserName=firefox, javascriptEnabled=true, platformName=windows_nt}]
Session ID: 8646c4a9-4b3e-4e67-aa5c-70a226bf17bf
*** Element info: {Using=xpath, value=.//*[@id=&apos;field_ngayKham&apos;]}
	at org.openqa.selenium.remote.http.W3CHttpResponseCodec.createException(W3CHttpResponseCodec.java:150)
	at org.openqa.selenium.remote.http.W3CHttpResponseCodec.decode(W3CHttpResponseCodec.java:115)
	at org.openqa.selenium.remote.http.W3CHttpResponseCodec.decode(W3CHttpResponseCodec.java:45)
	at org.openqa.selenium.remote.HttpCommandExecutor.execute(HttpCommandExecutor.java:164)
	at org.openqa.selenium.remote.service.DriverCommandExecutor.execute(DriverCommandExecutor.java:82)
	at org.openqa.selenium.remote.RemoteWebDriver.execute(RemoteWebDriver.java:637)
	at org.openqa.selenium.remote.RemoteWebDriver.findElement(RemoteWebDriver.java:410)
	at org.openqa.selenium.remote.RemoteWebDriver.findElementByXPath(RemoteWebDriver.java:509)
	at org.openqa.selenium.By$ByXPath.findElement(By.java:361)
	at org.openqa.selenium.remote.RemoteWebDriver.findElement(RemoteWebDriver.java:402)
	at quanlyhososuckhoe.LichSuThemMoi.ngayKhamKhongDuocLonHonNgayKetThuc(LichSuThemMoi.java:99)
	at quanlyhososuckhoe.LichSuThemTest.ngayKhamKhongDuocLonHonNgayKetThuc(LichSuThemTest.java:48)
... Removed 28 stack frames</div></td></tr></table><p class="totop"><a href="#summary">back to summary</a></p><h3 id="m63">quanlyhososuckhoe.LichSuThemTest#ngayKhamKhongDuocNhoHonNgayBatDau</h3><table class="result"><tr><th>Exception</th></tr><tr><td><div class="stacktrace">org.openqa.selenium.NoSuchElementException: Unable to locate element: .//*[@id=&apos;field_ngayKham&apos;]
For documentation on this error, please visit: http://seleniumhq.org/exceptions/no_such_element.html
Build info: version: &apos;3.4.0&apos;, revision: &apos;unknown&apos;, time: &apos;unknown&apos;
System info: host: &apos;ICT-OS-XUYENMT&apos;, ip: &apos;10.61.187.121&apos;, os.name: &apos;Windows 7&apos;, os.arch: &apos;amd64&apos;, os.version: &apos;6.1&apos;, java.version: &apos;1.8.0_112&apos;
Driver info: org.openqa.selenium.firefox.FirefoxDriver
Capabilities [{moz:profile=C:\Users\ICT-OS~1\AppData\Local\Temp\rust_mozprofile.eRWBGWAlQDOL, rotatable=false, timeouts={implicit=0.0, pageLoad=300000.0, script=30000.0}, pageLoadStrategy=normal, platform=ANY, specificationLevel=0.0, moz:accessibilityChecks=false, acceptInsecureCerts=false, browserVersion=54.0.1, platformVersion=6.1, moz:processID=5196.0, browserName=firefox, javascriptEnabled=true, platformName=windows_nt}]
Session ID: 8646c4a9-4b3e-4e67-aa5c-70a226bf17bf
*** Element info: {Using=xpath, value=.//*[@id=&apos;field_ngayKham&apos;]}
	at org.openqa.selenium.remote.http.W3CHttpResponseCodec.createException(W3CHttpResponseCodec.java:150)
	at org.openqa.selenium.remote.http.W3CHttpResponseCodec.decode(W3CHttpResponseCodec.java:115)
	at org.openqa.selenium.remote.http.W3CHttpResponseCodec.decode(W3CHttpResponseCodec.java:45)
	at org.openqa.selenium.remote.HttpCommandExecutor.execute(HttpCommandExecutor.java:164)
	at org.openqa.selenium.remote.service.DriverCommandExecutor.execute(DriverCommandExecutor.java:82)
	at org.openqa.selenium.remote.RemoteWebDriver.execute(RemoteWebDriver.java:637)
	at org.openqa.selenium.remote.RemoteWebDriver.findElement(RemoteWebDriver.java:410)
	at org.openqa.selenium.remote.RemoteWebDriver.findElementByXPath(RemoteWebDriver.java:509)
	at org.openqa.selenium.By$ByXPath.findElement(By.java:361)
	at org.openqa.selenium.remote.RemoteWebDriver.findElement(RemoteWebDriver.java:402)
	at quanlyhososuckhoe.LichSuThemMoi.ngayKhamKhongDuocNhoHonNgayBatDau(LichSuThemMoi.java:62)
	at quanlyhososuckhoe.LichSuThemTest.ngayKhamKhongDuocNhoHonNgayBatDau(LichSuThemTest.java:40)
... Removed 28 stack frames</div></td></tr></table><p class="totop"><a href="#summary">back to summary</a></p><h3 id="m64">quanlyhososuckhoe.LichSuThemTest#ngayTaiKhamLonHonNgayKham</h3><table class="result"><tr><th>Exception</th></tr><tr><td><div class="stacktrace">org.openqa.selenium.WebDriverException: Tried to run command without establishing a connection
Build info: version: &apos;3.4.0&apos;, revision: &apos;unknown&apos;, time: &apos;unknown&apos;
System info: host: &apos;ICT-OS-XUYENMT&apos;, ip: &apos;10.61.187.121&apos;, os.name: &apos;Windows 7&apos;, os.arch: &apos;amd64&apos;, os.version: &apos;6.1&apos;, java.version: &apos;1.8.0_112&apos;
Driver info: org.openqa.selenium.firefox.FirefoxDriver
Capabilities [{moz:profile=C:\Users\ICT-OS~1\AppData\Local\Temp\rust_mozprofile.eRWBGWAlQDOL, rotatable=false, timeouts={implicit=0.0, pageLoad=300000.0, script=30000.0}, pageLoadStrategy=normal, platform=ANY, specificationLevel=0.0, moz:accessibilityChecks=false, acceptInsecureCerts=false, browserVersion=54.0.1, platformVersion=6.1, moz:processID=5196.0, browserName=firefox, javascriptEnabled=true, platformName=windows_nt}]
Session ID: 8646c4a9-4b3e-4e67-aa5c-70a226bf17bf
*** Element info: {Using=xpath, value=.//*[@id=&apos;field_ngayKham&apos;]}
	at org.openqa.selenium.remote.http.W3CHttpResponseCodec.createException(W3CHttpResponseCodec.java:150)
	at org.openqa.selenium.remote.http.W3CHttpResponseCodec.decode(W3CHttpResponseCodec.java:115)
	at org.openqa.selenium.remote.http.W3CHttpResponseCodec.decode(W3CHttpResponseCodec.java:45)
	at org.openqa.selenium.remote.HttpCommandExecutor.execute(HttpCommandExecutor.java:164)
	at org.openqa.selenium.remote.service.DriverCommandExecutor.execute(DriverCommandExecutor.java:82)
	at org.openqa.selenium.remote.RemoteWebDriver.execute(RemoteWebDriver.java:637)
	at org.openqa.selenium.remote.RemoteWebDriver.findElement(RemoteWebDriver.java:410)
	at org.openqa.selenium.remote.RemoteWebDriver.findElementByXPath(RemoteWebDriver.java:509)
	at org.openqa.selenium.By$ByXPath.findElement(By.java:361)
	at org.openqa.selenium.remote.RemoteWebDriver.findElement(RemoteWebDriver.java:402)
	at quanlyhososuckhoe.LichSuThemMoi.ngayTaiKhamLonHonNgayKham(LichSuThemMoi.java:139)
	at quanlyhososuckhoe.LichSuThemTest.ngayTaiKhamLonHonNgayKham(LichSuThemTest.java:56)
... Removed 29 stack frames</div></td></tr></table><p class="totop"><a href="#summary">back to summary</a></p><h3 id="m65">quanlyhososuckhoe.LichSuThemTest#soLuongKhongDuocDetrong</h3><table class="result"><tr><th>Exception</th></tr><tr><td><div class="stacktrace">org.openqa.selenium.WebDriverException: Tried to run command without establishing a connection
Build info: version: &apos;3.4.0&apos;, revision: &apos;unknown&apos;, time: &apos;unknown&apos;
System info: host: &apos;ICT-OS-XUYENMT&apos;, ip: &apos;10.61.187.121&apos;, os.name: &apos;Windows 7&apos;, os.arch: &apos;amd64&apos;, os.version: &apos;6.1&apos;, java.version: &apos;1.8.0_112&apos;
Driver info: org.openqa.selenium.firefox.FirefoxDriver
Capabilities [{moz:profile=C:\Users\ICT-OS~1\AppData\Local\Temp\rust_mozprofile.eRWBGWAlQDOL, rotatable=false, timeouts={implicit=0.0, pageLoad=300000.0, script=30000.0}, pageLoadStrategy=normal, platform=ANY, specificationLevel=0.0, moz:accessibilityChecks=false, acceptInsecureCerts=false, browserVersion=54.0.1, platformVersion=6.1, moz:processID=5196.0, browserName=firefox, javascriptEnabled=true, platformName=windows_nt}]
Session ID: 8646c4a9-4b3e-4e67-aa5c-70a226bf17bf
*** Element info: {Using=xpath, value=.//*[@id=&apos;tenThuoc&apos;]}
	at org.openqa.selenium.remote.http.W3CHttpResponseCodec.createException(W3CHttpResponseCodec.java:150)
	at org.openqa.selenium.remote.http.W3CHttpResponseCodec.decode(W3CHttpResponseCodec.java:115)
	at org.openqa.selenium.remote.http.W3CHttpResponseCodec.decode(W3CHttpResponseCodec.java:45)
	at org.openqa.selenium.remote.HttpCommandExecutor.execute(HttpCommandExecutor.java:164)
	at org.openqa.selenium.remote.service.DriverCommandExecutor.execute(DriverCommandExecutor.java:82)
	at org.openqa.selenium.remote.RemoteWebDriver.execute(RemoteWebDriver.java:637)
	at org.openqa.selenium.remote.RemoteWebDriver.findElement(RemoteWebDriver.java:410)
	at org.openqa.selenium.remote.RemoteWebDriver.findElementByXPath(RemoteWebDriver.java:509)
	at org.openqa.selenium.By$ByXPath.findElement(By.java:361)
	at org.openqa.selenium.remote.RemoteWebDriver.findElement(RemoteWebDriver.java:402)
	at quanlyhososuckhoe.LichSuThemMoi.soLuongKhongDuocDetrong(LichSuThemMoi.java:270)
	at quanlyhososuckhoe.LichSuThemTest.soLuongKhongDuocDetrong(LichSuThemTest.java:76)
... Removed 28 stack frames</div></td></tr></table><p class="totop"><a href="#summary">back to summary</a></p><h3 id="m66">quanlyhososuckhoe.LichSuThemTest#soLuongPhaiNhapDangSo</h3><table class="result"><tr><th>Exception</th></tr><tr><td><div class="stacktrace">org.openqa.selenium.WebDriverException: Tried to run command without establishing a connection
Build info: version: &apos;3.4.0&apos;, revision: &apos;unknown&apos;, time: &apos;unknown&apos;
System info: host: &apos;ICT-OS-XUYENMT&apos;, ip: &apos;10.61.187.121&apos;, os.name: &apos;Windows 7&apos;, os.arch: &apos;amd64&apos;, os.version: &apos;6.1&apos;, java.version: &apos;1.8.0_112&apos;
Driver info: org.openqa.selenium.firefox.FirefoxDriver
Capabilities [{moz:profile=C:\Users\ICT-OS~1\AppData\Local\Temp\rust_mozprofile.eRWBGWAlQDOL, rotatable=false, timeouts={implicit=0.0, pageLoad=300000.0, script=30000.0}, pageLoadStrategy=normal, platform=ANY, specificationLevel=0.0, moz:accessibilityChecks=false, acceptInsecureCerts=false, browserVersion=54.0.1, platformVersion=6.1, moz:processID=5196.0, browserName=firefox, javascriptEnabled=true, platformName=windows_nt}]
Session ID: 8646c4a9-4b3e-4e67-aa5c-70a226bf17bf
*** Element info: {Using=xpath, value=.//*[@id=&apos;tenThuoc&apos;]}
	at org.openqa.selenium.remote.http.W3CHttpResponseCodec.createException(W3CHttpResponseCodec.java:150)
	at org.openqa.selenium.remote.http.W3CHttpResponseCodec.decode(W3CHttpResponseCodec.java:115)
	at org.openqa.selenium.remote.http.W3CHttpResponseCodec.decode(W3CHttpResponseCodec.java:45)
	at org.openqa.selenium.remote.HttpCommandExecutor.execute(HttpCommandExecutor.java:164)
	at org.openqa.selenium.remote.service.DriverCommandExecutor.execute(DriverCommandExecutor.java:82)
	at org.openqa.selenium.remote.RemoteWebDriver.execute(RemoteWebDriver.java:637)
	at org.openqa.selenium.remote.RemoteWebDriver.findElement(RemoteWebDriver.java:410)
	at org.openqa.selenium.remote.RemoteWebDriver.findElementByXPath(RemoteWebDriver.java:509)
	at org.openqa.selenium.By$ByXPath.findElement(By.java:361)
	at org.openqa.selenium.remote.RemoteWebDriver.findElement(RemoteWebDriver.java:402)
	at quanlyhososuckhoe.LichSuThemMoi.soLuongPhaiNhapDangSo(LichSuThemMoi.java:281)
	at quanlyhososuckhoe.LichSuThemTest.soLuongPhaiNhapDangSo(LichSuThemTest.java:80)
... Removed 28 stack frames</div></td></tr></table><p class="totop"><a href="#summary">back to summary</a></p><h3 id="m67">quanlyhososuckhoe.LichSuThemTest#tenDichvuKongDuocDeTrong</h3><table class="result"><tr><th>Exception</th></tr><tr><td><div class="stacktrace">org.openqa.selenium.WebDriverException: Tried to run command without establishing a connection
Build info: version: &apos;3.4.0&apos;, revision: &apos;unknown&apos;, time: &apos;unknown&apos;
System info: host: &apos;ICT-OS-XUYENMT&apos;, ip: &apos;10.61.187.121&apos;, os.name: &apos;Windows 7&apos;, os.arch: &apos;amd64&apos;, os.version: &apos;6.1&apos;, java.version: &apos;1.8.0_112&apos;
Driver info: org.openqa.selenium.firefox.FirefoxDriver
Capabilities [{moz:profile=C:\Users\ICT-OS~1\AppData\Local\Temp\rust_mozprofile.eRWBGWAlQDOL, rotatable=false, timeouts={implicit=0.0, pageLoad=300000.0, script=30000.0}, pageLoadStrategy=normal, platform=ANY, specificationLevel=0.0, moz:accessibilityChecks=false, acceptInsecureCerts=false, browserVersion=54.0.1, platformVersion=6.1, moz:processID=5196.0, browserName=firefox, javascriptEnabled=true, platformName=windows_nt}]
Session ID: 8646c4a9-4b3e-4e67-aa5c-70a226bf17bf
*** Element info: {Using=xpath, value=.//*[@id=&apos;body&apos;]/div[1]/div[4]/div[2]/div/div/div[2]/div[2]/div/button}
	at org.openqa.selenium.remote.http.W3CHttpResponseCodec.createException(W3CHttpResponseCodec.java:150)
	at org.openqa.selenium.remote.http.W3CHttpResponseCodec.decode(W3CHttpResponseCodec.java:115)
	at org.openqa.selenium.remote.http.W3CHttpResponseCodec.decode(W3CHttpResponseCodec.java:45)
	at org.openqa.selenium.remote.HttpCommandExecutor.execute(HttpCommandExecutor.java:164)
	at org.openqa.selenium.remote.service.DriverCommandExecutor.execute(DriverCommandExecutor.java:82)
	at org.openqa.selenium.remote.RemoteWebDriver.execute(RemoteWebDriver.java:637)
	at org.openqa.selenium.remote.RemoteWebDriver.findElement(RemoteWebDriver.java:410)
	at org.openqa.selenium.remote.RemoteWebDriver.findElementByXPath(RemoteWebDriver.java:509)
	at org.openqa.selenium.By$ByXPath.findElement(By.java:361)
	at org.openqa.selenium.remote.RemoteWebDriver.findElement(RemoteWebDriver.java:402)
	at quanlyhososuckhoe.LichSuThemMoi.tenDichvuKongDuocDeTrong(LichSuThemMoi.java:236)
	at quanlyhososuckhoe.LichSuThemTest.tenDichvuKongDuocDeTrong(LichSuThemTest.java:64)
... Removed 29 stack frames</div></td></tr></table><p class="totop"><a href="#summary">back to summary</a></p><h3 id="m68">quanlyhososuckhoe.LichSuThemTest#tenThuocKhongDuocDeTrong</h3><table class="result"><tr><th>Exception</th></tr><tr><td><div class="stacktrace">org.openqa.selenium.WebDriverException: Tried to run command without establishing a connection
Build info: version: &apos;3.4.0&apos;, revision: &apos;unknown&apos;, time: &apos;unknown&apos;
System info: host: &apos;ICT-OS-XUYENMT&apos;, ip: &apos;10.61.187.121&apos;, os.name: &apos;Windows 7&apos;, os.arch: &apos;amd64&apos;, os.version: &apos;6.1&apos;, java.version: &apos;1.8.0_112&apos;
Driver info: org.openqa.selenium.firefox.FirefoxDriver
Capabilities [{moz:profile=C:\Users\ICT-OS~1\AppData\Local\Temp\rust_mozprofile.eRWBGWAlQDOL, rotatable=false, timeouts={implicit=0.0, pageLoad=300000.0, script=30000.0}, pageLoadStrategy=normal, platform=ANY, specificationLevel=0.0, moz:accessibilityChecks=false, acceptInsecureCerts=false, browserVersion=54.0.1, platformVersion=6.1, moz:processID=5196.0, browserName=firefox, javascriptEnabled=true, platformName=windows_nt}]
Session ID: 8646c4a9-4b3e-4e67-aa5c-70a226bf17bf
*** Element info: {Using=xpath, value=.//*[@id=&apos;body&apos;]/div[1]/div/div/form/div[2]/div[39]/div/table/tbody/tr/td[6]/a/i}
	at org.openqa.selenium.remote.http.W3CHttpResponseCodec.createException(W3CHttpResponseCodec.java:150)
	at org.openqa.selenium.remote.http.W3CHttpResponseCodec.decode(W3CHttpResponseCodec.java:115)
	at org.openqa.selenium.remote.http.W3CHttpResponseCodec.decode(W3CHttpResponseCodec.java:45)
	at org.openqa.selenium.remote.HttpCommandExecutor.execute(HttpCommandExecutor.java:164)
	at org.openqa.selenium.remote.service.DriverCommandExecutor.execute(DriverCommandExecutor.java:82)
	at org.openqa.selenium.remote.RemoteWebDriver.execute(RemoteWebDriver.java:637)
	at org.openqa.selenium.remote.RemoteWebDriver.findElement(RemoteWebDriver.java:410)
	at org.openqa.selenium.remote.RemoteWebDriver.findElementByXPath(RemoteWebDriver.java:509)
	at org.openqa.selenium.By$ByXPath.findElement(By.java:361)
	at org.openqa.selenium.remote.RemoteWebDriver.findElement(RemoteWebDriver.java:402)
	at quanlyhososuckhoe.LichSuThemMoi.tenThuocKhongDuocDeTrong(LichSuThemMoi.java:260)
	at quanlyhososuckhoe.LichSuThemTest.tenThuocKhongDuocDeTrong(LichSuThemTest.java:72)
... Removed 28 stack frames</div></td></tr></table><p class="totop"><a href="#summary">back to summary</a></p><h3 id="m69">quanlyhososuckhoe.LichSuThemTest#themMoiLichSuThanhCong</h3><table class="result"><tr><th>Exception</th></tr><tr><td><div class="stacktrace">org.openqa.selenium.WebDriverException: Tried to run command without establishing a connection
Build info: version: &apos;3.4.0&apos;, revision: &apos;unknown&apos;, time: &apos;unknown&apos;
System info: host: &apos;ICT-OS-XUYENMT&apos;, ip: &apos;10.61.187.121&apos;, os.name: &apos;Windows 7&apos;, os.arch: &apos;amd64&apos;, os.version: &apos;6.1&apos;, java.version: &apos;1.8.0_112&apos;
Driver info: org.openqa.selenium.firefox.FirefoxDriver
Capabilities [{moz:profile=C:\Users\ICT-OS~1\AppData\Local\Temp\rust_mozprofile.eRWBGWAlQDOL, rotatable=false, timeouts={implicit=0.0, pageLoad=300000.0, script=30000.0}, pageLoadStrategy=normal, platform=ANY, specificationLevel=0.0, moz:accessibilityChecks=false, acceptInsecureCerts=false, browserVersion=54.0.1, platformVersion=6.1, moz:processID=5196.0, browserName=firefox, javascriptEnabled=true, platformName=windows_nt}]
Session ID: 8646c4a9-4b3e-4e67-aa5c-70a226bf17bf
*** Element info: {Using=xpath, value=.//*[@id=&apos;field_ngayKham&apos;]}
	at org.openqa.selenium.remote.http.W3CHttpResponseCodec.createException(W3CHttpResponseCodec.java:150)
	at org.openqa.selenium.remote.http.W3CHttpResponseCodec.decode(W3CHttpResponseCodec.java:115)
	at org.openqa.selenium.remote.http.W3CHttpResponseCodec.decode(W3CHttpResponseCodec.java:45)
	at org.openqa.selenium.remote.HttpCommandExecutor.execute(HttpCommandExecutor.java:164)
	at org.openqa.selenium.remote.service.DriverCommandExecutor.execute(DriverCommandExecutor.java:82)
	at org.openqa.selenium.remote.RemoteWebDriver.execute(RemoteWebDriver.java:637)
	at org.openqa.selenium.remote.RemoteWebDriver.findElement(RemoteWebDriver.java:410)
	at org.openqa.selenium.remote.RemoteWebDriver.findElementByXPath(RemoteWebDriver.java:509)
	at org.openqa.selenium.By$ByXPath.findElement(By.java:361)
	at org.openqa.selenium.remote.RemoteWebDriver.findElement(RemoteWebDriver.java:402)
	at quanlyhososuckhoe.LichSuThemMoi.themMoiLichSuThanhCong(LichSuThemMoi.java:191)
	at quanlyhososuckhoe.LichSuThemTest.themMoiLichSuThanhCong(LichSuThemTest.java:60)
... Removed 29 stack frames</div></td></tr></table><p class="totop"><a href="#summary">back to summary</a></p><h2>Test9</h2><h3 id="m70">quanlyhososuckhoe.TiemChungThemTest#checkMau</h3><table class="result"><tr><th>Exception</th></tr><tr><td><div class="stacktrace">org.openqa.selenium.NoSuchElementException: Unable to locate element: .//*[@id=&apos;body&apos;]/div[1]/div/div/form/div[2]/div[1]/div[1]/div/div/div[1]/span/a/i
For documentation on this error, please visit: http://seleniumhq.org/exceptions/no_such_element.html
Build info: version: &apos;3.4.0&apos;, revision: &apos;unknown&apos;, time: &apos;unknown&apos;
System info: host: &apos;ICT-OS-XUYENMT&apos;, ip: &apos;10.61.187.121&apos;, os.name: &apos;Windows 7&apos;, os.arch: &apos;amd64&apos;, os.version: &apos;6.1&apos;, java.version: &apos;1.8.0_112&apos;
Driver info: org.openqa.selenium.firefox.FirefoxDriver
Capabilities [{moz:profile=C:\Users\ICT-OS~1\AppData\Local\Temp\rust_mozprofile.gpBRFNdKYavt, rotatable=false, timeouts={implicit=0.0, pageLoad=300000.0, script=30000.0}, pageLoadStrategy=normal, platform=ANY, specificationLevel=0.0, moz:accessibilityChecks=false, acceptInsecureCerts=false, browserVersion=54.0.1, platformVersion=6.1, moz:processID=1260.0, browserName=firefox, javascriptEnabled=true, platformName=windows_nt}]
Session ID: 88e75b22-4eaf-4cce-b8c2-372149a8a9cc
*** Element info: {Using=xpath, value=.//*[@id=&apos;body&apos;]/div[1]/div/div/form/div[2]/div[1]/div[1]/div/div/div[1]/span/a/i}
	at org.openqa.selenium.remote.http.W3CHttpResponseCodec.createException(W3CHttpResponseCodec.java:150)
	at org.openqa.selenium.remote.http.W3CHttpResponseCodec.decode(W3CHttpResponseCodec.java:115)
	at org.openqa.selenium.remote.http.W3CHttpResponseCodec.decode(W3CHttpResponseCodec.java:45)
	at org.openqa.selenium.remote.HttpCommandExecutor.execute(HttpCommandExecutor.java:164)
	at org.openqa.selenium.remote.service.DriverCommandExecutor.execute(DriverCommandExecutor.java:82)
	at org.openqa.selenium.remote.RemoteWebDriver.execute(RemoteWebDriver.java:637)
	at org.openqa.selenium.remote.RemoteWebDriver.findElement(RemoteWebDriver.java:410)
	at org.openqa.selenium.remote.RemoteWebDriver.findElementByXPath(RemoteWebDriver.java:509)
	at org.openqa.selenium.By$ByXPath.findElement(By.java:361)
	at org.openqa.selenium.remote.RemoteWebDriver.findElement(RemoteWebDriver.java:402)
	at quanlyhososuckhoe.TiemChungThemMoi.checkMau(TiemChungThemMoi.java:165)
	at quanlyhososuckhoe.TiemChungThemTest.checkMau(TiemChungThemTest.java:46)
... Removed 28 stack frames</div></td></tr></table><p class="totop"><a href="#summary">back to summary</a></p><h3 id="m71">quanlyhososuckhoe.TiemChungThemTest#themmoiTCMuiTiemKhongDuocBotrong</h3><table class="result"><tr><th>Exception</th></tr><tr><td><div class="stacktrace">org.openqa.selenium.NoSuchElementException: Unable to locate element: .//*[@id=&apos;body&apos;]/div[1]/div[4]/div[2]/div/div/nav/a
For documentation on this error, please visit: http://seleniumhq.org/exceptions/no_such_element.html
Build info: version: &apos;3.4.0&apos;, revision: &apos;unknown&apos;, time: &apos;unknown&apos;
System info: host: &apos;ICT-OS-XUYENMT&apos;, ip: &apos;10.61.187.121&apos;, os.name: &apos;Windows 7&apos;, os.arch: &apos;amd64&apos;, os.version: &apos;6.1&apos;, java.version: &apos;1.8.0_112&apos;
Driver info: org.openqa.selenium.firefox.FirefoxDriver
Capabilities [{moz:profile=C:\Users\ICT-OS~1\AppData\Local\Temp\rust_mozprofile.gpBRFNdKYavt, rotatable=false, timeouts={implicit=0.0, pageLoad=300000.0, script=30000.0}, pageLoadStrategy=normal, platform=ANY, specificationLevel=0.0, moz:accessibilityChecks=false, acceptInsecureCerts=false, browserVersion=54.0.1, platformVersion=6.1, moz:processID=1260.0, browserName=firefox, javascriptEnabled=true, platformName=windows_nt}]
Session ID: 88e75b22-4eaf-4cce-b8c2-372149a8a9cc
*** Element info: {Using=xpath, value=.//*[@id=&apos;body&apos;]/div[1]/div[4]/div[2]/div/div/nav/a}
	at org.openqa.selenium.remote.http.W3CHttpResponseCodec.createException(W3CHttpResponseCodec.java:150)
	at org.openqa.selenium.remote.http.W3CHttpResponseCodec.decode(W3CHttpResponseCodec.java:115)
	at org.openqa.selenium.remote.http.W3CHttpResponseCodec.decode(W3CHttpResponseCodec.java:45)
	at org.openqa.selenium.remote.HttpCommandExecutor.execute(HttpCommandExecutor.java:164)
	at org.openqa.selenium.remote.service.DriverCommandExecutor.execute(DriverCommandExecutor.java:82)
	at org.openqa.selenium.remote.RemoteWebDriver.execute(RemoteWebDriver.java:637)
	at org.openqa.selenium.remote.RemoteWebDriver.findElement(RemoteWebDriver.java:410)
	at org.openqa.selenium.remote.RemoteWebDriver.findElementByXPath(RemoteWebDriver.java:509)
	at org.openqa.selenium.By$ByXPath.findElement(By.java:361)
	at org.openqa.selenium.remote.RemoteWebDriver.findElement(RemoteWebDriver.java:402)
	at quanlyhososuckhoe.TiemChungThemMoi.themmoiTCMuiTiemKhongDuocBotrong(TiemChungThemMoi.java:21)
	at quanlyhososuckhoe.TiemChungThemTest.themmoiTCMuiTiemKhongDuocBotrong(TiemChungThemTest.java:29)
... Removed 28 stack frames</div></td></tr></table><p class="totop"><a href="#summary">back to summary</a></p><h3 id="m72">quanlyhososuckhoe.TiemChungThemTest#themmoiTCNgayHenTiemPhaiLonHonHoacbangNgayNguaChung</h3><table class="result"><tr><th>Exception</th></tr><tr><td><div class="stacktrace">org.openqa.selenium.NoSuchElementException: Unable to locate element: .//*[@id=&apos;body&apos;]/div[1]/div/div/form/div[2]/div[1]/div[1]/div/div/div[1]/span
For documentation on this error, please visit: http://seleniumhq.org/exceptions/no_such_element.html
Build info: version: &apos;3.4.0&apos;, revision: &apos;unknown&apos;, time: &apos;unknown&apos;
System info: host: &apos;ICT-OS-XUYENMT&apos;, ip: &apos;10.61.187.121&apos;, os.name: &apos;Windows 7&apos;, os.arch: &apos;amd64&apos;, os.version: &apos;6.1&apos;, java.version: &apos;1.8.0_112&apos;
Driver info: org.openqa.selenium.firefox.FirefoxDriver
Capabilities [{moz:profile=C:\Users\ICT-OS~1\AppData\Local\Temp\rust_mozprofile.gpBRFNdKYavt, rotatable=false, timeouts={implicit=0.0, pageLoad=300000.0, script=30000.0}, pageLoadStrategy=normal, platform=ANY, specificationLevel=0.0, moz:accessibilityChecks=false, acceptInsecureCerts=false, browserVersion=54.0.1, platformVersion=6.1, moz:processID=1260.0, browserName=firefox, javascriptEnabled=true, platformName=windows_nt}]
Session ID: 88e75b22-4eaf-4cce-b8c2-372149a8a9cc
*** Element info: {Using=xpath, value=.//*[@id=&apos;body&apos;]/div[1]/div/div/form/div[2]/div[1]/div[1]/div/div/div[1]/span}
	at org.openqa.selenium.remote.http.W3CHttpResponseCodec.createException(W3CHttpResponseCodec.java:150)
	at org.openqa.selenium.remote.http.W3CHttpResponseCodec.decode(W3CHttpResponseCodec.java:115)
	at org.openqa.selenium.remote.http.W3CHttpResponseCodec.decode(W3CHttpResponseCodec.java:45)
	at org.openqa.selenium.remote.HttpCommandExecutor.execute(HttpCommandExecutor.java:164)
	at org.openqa.selenium.remote.service.DriverCommandExecutor.execute(DriverCommandExecutor.java:82)
	at org.openqa.selenium.remote.RemoteWebDriver.execute(RemoteWebDriver.java:637)
	at org.openqa.selenium.remote.RemoteWebDriver.findElement(RemoteWebDriver.java:410)
	at org.openqa.selenium.remote.RemoteWebDriver.findElementByXPath(RemoteWebDriver.java:509)
	at org.openqa.selenium.By$ByXPath.findElement(By.java:361)
	at org.openqa.selenium.remote.RemoteWebDriver.findElement(RemoteWebDriver.java:402)
	at quanlyhososuckhoe.TiemChungThemMoi.themmoiTCNgayHenTiemPhaiLonHonHoacbangNgayNguaChung(TiemChungThemMoi.java:44)
	at quanlyhososuckhoe.TiemChungThemTest.themmoiTCNgayHenTiemPhaiLonHonHoacbangNgayNguaChung(TiemChungThemTest.java:33)
... Removed 28 stack frames</div></td></tr></table><p class="totop"><a href="#summary">back to summary</a></p><h3 id="m73">quanlyhososuckhoe.TiemChungThemTest#themmoiTCThanhCong</h3><table class="result"><tr><th>Exception</th></tr><tr><td><div class="stacktrace">org.openqa.selenium.NoSuchElementException: Unable to locate element: .//*[@id=&apos;body&apos;]/div[1]/div[4]/div[2]/div/div/div[3]/div/div/div[2]/ng-include/div/div[2]/form/div[1]/div/button
For documentation on this error, please visit: http://seleniumhq.org/exceptions/no_such_element.html
Build info: version: &apos;3.4.0&apos;, revision: &apos;unknown&apos;, time: &apos;unknown&apos;
System info: host: &apos;ICT-OS-XUYENMT&apos;, ip: &apos;10.61.187.121&apos;, os.name: &apos;Windows 7&apos;, os.arch: &apos;amd64&apos;, os.version: &apos;6.1&apos;, java.version: &apos;1.8.0_112&apos;
Driver info: org.openqa.selenium.firefox.FirefoxDriver
Capabilities [{moz:profile=C:\Users\ICT-OS~1\AppData\Local\Temp\rust_mozprofile.gpBRFNdKYavt, rotatable=false, timeouts={implicit=0.0, pageLoad=300000.0, script=30000.0}, pageLoadStrategy=normal, platform=ANY, specificationLevel=0.0, moz:accessibilityChecks=false, acceptInsecureCerts=false, browserVersion=54.0.1, platformVersion=6.1, moz:processID=1260.0, browserName=firefox, javascriptEnabled=true, platformName=windows_nt}]
Session ID: 88e75b22-4eaf-4cce-b8c2-372149a8a9cc
*** Element info: {Using=xpath, value=.//*[@id=&apos;body&apos;]/div[1]/div[4]/div[2]/div/div/div[3]/div/div/div[2]/ng-include/div/div[2]/form/div[1]/div/button}
	at org.openqa.selenium.remote.http.W3CHttpResponseCodec.createException(W3CHttpResponseCodec.java:150)
	at org.openqa.selenium.remote.http.W3CHttpResponseCodec.decode(W3CHttpResponseCodec.java:115)
	at org.openqa.selenium.remote.http.W3CHttpResponseCodec.decode(W3CHttpResponseCodec.java:45)
	at org.openqa.selenium.remote.HttpCommandExecutor.execute(HttpCommandExecutor.java:164)
	at org.openqa.selenium.remote.service.DriverCommandExecutor.execute(DriverCommandExecutor.java:82)
	at org.openqa.selenium.remote.RemoteWebDriver.execute(RemoteWebDriver.java:637)
	at org.openqa.selenium.remote.RemoteWebDriver.findElement(RemoteWebDriver.java:410)
	at org.openqa.selenium.remote.RemoteWebDriver.findElementByXPath(RemoteWebDriver.java:509)
	at org.openqa.selenium.By$ByXPath.findElement(By.java:361)
	at org.openqa.selenium.remote.RemoteWebDriver.findElement(RemoteWebDriver.java:402)
	at quanlyhososuckhoe.TiemChungThemMoi.themmoiTCThanhCong(TiemChungThemMoi.java:77)
	at quanlyhososuckhoe.TiemChungThemTest.themmoiTCThanhCong(TiemChungThemTest.java:37)
... Removed 28 stack frames</div></td></tr></table><p class="totop"><a href="#summary">back to summary</a></p><h3 id="m74">quanlyhososuckhoe.TiemChungThemTest#themmoiTCVacXinMuiTiemDaTonTai</h3><table class="result"><tr><th>Exception</th></tr><tr><td><div class="stacktrace">org.openqa.selenium.NoSuchElementException: Unable to locate element: .//*[@id=&apos;body&apos;]/div[1]/div[4]/div[2]/div/div/div[3]/div/div/div[2]/ng-include/div/div[2]/form/div[1]/div/button
For documentation on this error, please visit: http://seleniumhq.org/exceptions/no_such_element.html
Build info: version: &apos;3.4.0&apos;, revision: &apos;unknown&apos;, time: &apos;unknown&apos;
System info: host: &apos;ICT-OS-XUYENMT&apos;, ip: &apos;10.61.187.121&apos;, os.name: &apos;Windows 7&apos;, os.arch: &apos;amd64&apos;, os.version: &apos;6.1&apos;, java.version: &apos;1.8.0_112&apos;
Driver info: org.openqa.selenium.firefox.FirefoxDriver
Capabilities [{moz:profile=C:\Users\ICT-OS~1\AppData\Local\Temp\rust_mozprofile.gpBRFNdKYavt, rotatable=false, timeouts={implicit=0.0, pageLoad=300000.0, script=30000.0}, pageLoadStrategy=normal, platform=ANY, specificationLevel=0.0, moz:accessibilityChecks=false, acceptInsecureCerts=false, browserVersion=54.0.1, platformVersion=6.1, moz:processID=1260.0, browserName=firefox, javascriptEnabled=true, platformName=windows_nt}]
Session ID: 88e75b22-4eaf-4cce-b8c2-372149a8a9cc
*** Element info: {Using=xpath, value=.//*[@id=&apos;body&apos;]/div[1]/div[4]/div[2]/div/div/div[3]/div/div/div[2]/ng-include/div/div[2]/form/div[1]/div/button}
	at org.openqa.selenium.remote.http.W3CHttpResponseCodec.createException(W3CHttpResponseCodec.java:150)
	at org.openqa.selenium.remote.http.W3CHttpResponseCodec.decode(W3CHttpResponseCodec.java:115)
	at org.openqa.selenium.remote.http.W3CHttpResponseCodec.decode(W3CHttpResponseCodec.java:45)
	at org.openqa.selenium.remote.HttpCommandExecutor.execute(HttpCommandExecutor.java:164)
	at org.openqa.selenium.remote.service.DriverCommandExecutor.execute(DriverCommandExecutor.java:82)
	at org.openqa.selenium.remote.RemoteWebDriver.execute(RemoteWebDriver.java:637)
	at org.openqa.selenium.remote.RemoteWebDriver.findElement(RemoteWebDriver.java:410)
	at org.openqa.selenium.remote.RemoteWebDriver.findElementByXPath(RemoteWebDriver.java:509)
	at org.openqa.selenium.By$ByXPath.findElement(By.java:361)
	at org.openqa.selenium.remote.RemoteWebDriver.findElement(RemoteWebDriver.java:402)
	at quanlyhososuckhoe.TiemChungThemMoi.themmoiTCVacXinMuiTiemDaTonTai(TiemChungThemMoi.java:143)
	at quanlyhososuckhoe.TiemChungThemTest.themmoiTCVacXinMuiTiemDaTonTai(TiemChungThemTest.java:41)
... Removed 28 stack frames</div></td></tr></table><p class="totop"><a href="#summary">back to summary</a></p></body></html>